[ 2013-05-30T09:18:28+08:00 ] 127.0.0.1 /todo/Index/home
INFO: [ route_check ] --START--
INFO: Run CheckRoute Behavior [ RunTime:0.001095s ]
INFO: [ route_check ] --END-- [ RunTime:0.001189s ]
INFO: [ app_begin ] --START--
INFO: Run ReadHtmlCache Behavior [ RunTime:0.000646s ]
INFO: [ app_begin ] --END-- [ RunTime:0.000708s ]
INFO: [ view_template ] --START--
INFO: Run LocationTemplate Behavior [ RunTime:0.000750s ]
INFO: [ view_template ] --END-- [ RunTime:0.000822s ]
INFO: [ view_parse ] --START--
INFO: Run ParseTemplate Behavior [ RunTime:0.011865s ]
INFO: [ view_parse ] --END-- [ RunTime:0.012007s ]
INFO: [ view_filter ] --START--
INFO: Run ContentReplace Behavior [ RunTime:0.000620s ]
INFO: Run TokenBuild Behavior [ RunTime:0.000594s ]
INFO: Run WriteHtmlCache Behavior [ RunTime:0.000430s ]
INFO: Run ShowRuntime Behavior [ RunTime:0.000572s ]
INFO: [ view_filter ] --END-- [ RunTime:0.002393s ]
INFO: [ view_end ] --START--
INFO: Run ShowPageTrace Behavior [ RunTime:0.000723s ]
INFO: [ view_end ] --END-- [ RunTime:0.000783s ]

[ 2013-05-30T09:18:30+08:00 ] 127.0.0.1 /todo/Schedule/index
INFO: [ route_check ] --START--
INFO: Run CheckRoute Behavior [ RunTime:0.000817s ]
INFO: [ route_check ] --END-- [ RunTime:0.000903s ]
INFO: [ app_begin ] --START--
INFO: Run ReadHtmlCache Behavior [ RunTime:0.000561s ]
INFO: [ app_begin ] --END-- [ RunTime:0.000624s ]
INFO: [ view_template ] --START--
INFO: Run LocationTemplate Behavior [ RunTime:0.000775s ]
INFO: [ view_template ] --END-- [ RunTime:0.000880s ]
INFO: [ view_parse ] --START--
INFO: Run ParseTemplate Behavior [ RunTime:0.012347s ]
INFO: [ view_parse ] --END-- [ RunTime:0.012440s ]
INFO: [ view_filter ] --START--
INFO: Run ContentReplace Behavior [ RunTime:0.000505s ]
INFO: Run TokenBuild Behavior [ RunTime:0.000404s ]
INFO: Run WriteHtmlCache Behavior [ RunTime:0.000295s ]
INFO: Run ShowRuntime Behavior [ RunTime:0.000780s ]
INFO: [ view_filter ] --END-- [ RunTime:0.002164s ]
INFO: [ view_end ] --START--
INFO: Run ShowPageTrace Behavior [ RunTime:0.000863s ]
INFO: [ view_end ] --END-- [ RunTime:0.000923s ]

[ 2013-05-30T09:18:33+08:00 ] 127.0.0.1 /todo/Schedule/showData?start=1367078400&end=1370102400&_=1369876711270
INFO: [ route_check ] --START--
INFO: Run CheckRoute Behavior [ RunTime:0.000979s ]
INFO: [ route_check ] --END-- [ RunTime:0.001102s ]
INFO: [ app_begin ] --START--
INFO: Run ReadHtmlCache Behavior [ RunTime:0.000833s ]
INFO: [ app_begin ] --END-- [ RunTime:0.000925s ]
SQL: SHOW COLUMNS FROM `schedule` [ RunTime:0.005371s ]
SQL: SELECT Schedule.*,project.name FROM `schedule` LEFT JOIN project on project.id=schedule.project_id WHERE ( `user_id` = 1 )  [ RunTime:0.002934s ]

[ 2013-05-30T09:18:33+08:00 ] 127.0.0.1 /todo/Project/myProject
INFO: [ route_check ] --START--
INFO: Run CheckRoute Behavior [ RunTime:0.001116s ]
INFO: [ route_check ] --END-- [ RunTime:0.001217s ]
INFO: [ app_begin ] --START--
INFO: Run ReadHtmlCache Behavior [ RunTime:0.000954s ]
INFO: [ app_begin ] --END-- [ RunTime:0.001090s ]
NOTIC: [2048] Declaration of ProjectAction::get() should be compatible with that of Action::get() H:\xampp\htdocs\todo\Lib\Action\ProjectAction.class.php 第 101 行.
SQL: SHOW COLUMNS FROM `project_partner` [ RunTime:0.006360s ]
SQL: SELECT * FROM `project_partner` LEFT JOIN project on project_partner.project_id=project.id WHERE ( `user_id` = 1 )  [ RunTime:0.003138s ]
SQL: SHOW COLUMNS FROM `user` [ RunTime:0.005692s ]
SQL: SELECT * FROM `user` WHERE ( `id` = null ) LIMIT 1   [ RunTime:0.001784s ]
SQL: SELECT * FROM `user` WHERE ( `id` = 2 ) LIMIT 1   [ RunTime:0.000672s ]
SQL: SELECT * FROM `user` WHERE ( `id` = null ) LIMIT 1   [ RunTime:0.000421s ]
SQL: SELECT * FROM `user` WHERE ( `id` = 1 ) LIMIT 1   [ RunTime:0.000463s ]
SQL: SHOW COLUMNS FROM `project` [ RunTime:0.006949s ]
SQL: SELECT * FROM `project` WHERE ( `id` NOT IN ('13','14') ) AND ( (manager_id=1 or director_id=1) )  [ RunTime:0.003253s ]

[ 2013-05-30T09:18:45+08:00 ] 127.0.0.1 /todo/Resource/myProject
INFO: [ route_check ] --START--
INFO: Run CheckRoute Behavior [ RunTime:0.001005s ]
INFO: [ route_check ] --END-- [ RunTime:0.001115s ]
INFO: [ app_begin ] --START--
INFO: Run ReadHtmlCache Behavior [ RunTime:0.000646s ]
INFO: [ app_begin ] --END-- [ RunTime:0.000717s ]
NOTIC: [2048] Declaration of ProjectAction::get() should be compatible with that of Action::get() H:\xampp\htdocs\todo\Lib\Action\ProjectAction.class.php 第 101 行.
SQL: SHOW COLUMNS FROM `project_partner` [ RunTime:0.003462s ]
SQL: SELECT * FROM `project_partner` LEFT JOIN project on project_partner.project_id=project.id WHERE ( `user_id` = 1 )  [ RunTime:0.001609s ]
SQL: SHOW COLUMNS FROM `user` [ RunTime:0.003744s ]
SQL: SELECT * FROM `user` WHERE ( `id` = null ) LIMIT 1   [ RunTime:0.001453s ]
SQL: SELECT * FROM `user` WHERE ( `id` = 2 ) LIMIT 1   [ RunTime:0.000239s ]
SQL: SELECT * FROM `user` WHERE ( `id` = null ) LIMIT 1   [ RunTime:0.000168s ]
SQL: SELECT * FROM `user` WHERE ( `id` = 1 ) LIMIT 1   [ RunTime:0.000188s ]
SQL: SHOW COLUMNS FROM `project` [ RunTime:0.003657s ]
SQL: SELECT * FROM `project` WHERE ( `id` NOT IN ('13','14') ) AND ( (manager_id=1 or director_id=1) )  [ RunTime:0.001612s ]
SQL: SELECT `id`,`name` FROM `user`  [ RunTime:0.000206s ]
INFO: [ view_template ] --START--
INFO: Run LocationTemplate Behavior [ RunTime:0.000749s ]
INFO: [ view_template ] --END-- [ RunTime:0.000811s ]
INFO: [ view_parse ] --START--
NOTIC: [8] Undefined variable: title H:\xampp\htdocs\todo\Runtime\Cache\a19de344503fc8e15679fa7876be14ac.php 第 5 行.
INFO: Run ParseTemplate Behavior [ RunTime:0.023581s ]
INFO: [ view_parse ] --END-- [ RunTime:0.023649s ]
INFO: [ view_filter ] --START--
INFO: Run ContentReplace Behavior [ RunTime:0.000501s ]
INFO: Run TokenBuild Behavior [ RunTime:0.000425s ]
INFO: Run WriteHtmlCache Behavior [ RunTime:0.000287s ]
INFO: Run ShowRuntime Behavior [ RunTime:0.000480s ]
INFO: [ view_filter ] --END-- [ RunTime:0.001849s ]
INFO: [ view_end ] --START--
INFO: Run ShowPageTrace Behavior [ RunTime:0.000639s ]
INFO: [ view_end ] --END-- [ RunTime:0.000703s ]

[ 2013-05-30T09:28:51+08:00 ] 127.0.0.1 /todo/Project/get?pid=14
INFO: [ route_check ] --START--
INFO: Run CheckRoute Behavior [ RunTime:0.001040s ]
INFO: [ route_check ] --END-- [ RunTime:0.001131s ]
INFO: [ app_begin ] --START--
INFO: Run ReadHtmlCache Behavior [ RunTime:0.000664s ]
INFO: [ app_begin ] --END-- [ RunTime:0.000723s ]
NOTIC: [2048] Declaration of ProjectAction::get() should be compatible with that of Action::get() H:\xampp\htdocs\todo\Lib\Action\ProjectAction.class.php 第 101 行.
SQL: SHOW COLUMNS FROM `project` [ RunTime:0.003707s ]
SQL: SELECT * FROM `project` WHERE ( id=14 ) LIMIT 1   [ RunTime:0.001666s ]
SQL: SHOW COLUMNS FROM `project_partner` [ RunTime:0.003513s ]
SQL: SELECT `user_id` FROM `project_partner` WHERE ( project_id=14 )  [ RunTime:0.001368s ]

[ 2013-05-30T09:28:55+08:00 ] 127.0.0.1 /todo/Project/get?pid=14
INFO: [ route_check ] --START--
INFO: Run CheckRoute Behavior [ RunTime:0.000808s ]
INFO: [ route_check ] --END-- [ RunTime:0.000894s ]
INFO: [ app_begin ] --START--
INFO: Run ReadHtmlCache Behavior [ RunTime:0.000564s ]
INFO: [ app_begin ] --END-- [ RunTime:0.000619s ]
NOTIC: [2048] Declaration of ProjectAction::get() should be compatible with that of Action::get() H:\xampp\htdocs\todo\Lib\Action\ProjectAction.class.php 第 101 行.
SQL: SHOW COLUMNS FROM `project` [ RunTime:0.004075s ]
SQL: SELECT * FROM `project` WHERE ( id=14 ) LIMIT 1   [ RunTime:0.001742s ]
SQL: SHOW COLUMNS FROM `project_partner` [ RunTime:0.003775s ]
SQL: SELECT `user_id` FROM `project_partner` WHERE ( project_id=14 )  [ RunTime:0.001586s ]

[ 2013-05-30T09:28:58+08:00 ] 127.0.0.1 /todo/Project/get?pid=15
INFO: [ route_check ] --START--
INFO: Run CheckRoute Behavior [ RunTime:0.000816s ]
INFO: [ route_check ] --END-- [ RunTime:0.000908s ]
INFO: [ app_begin ] --START--
INFO: Run ReadHtmlCache Behavior [ RunTime:0.000690s ]
INFO: [ app_begin ] --END-- [ RunTime:0.000765s ]
NOTIC: [2048] Declaration of ProjectAction::get() should be compatible with that of Action::get() H:\xampp\htdocs\todo\Lib\Action\ProjectAction.class.php 第 101 行.
SQL: SHOW COLUMNS FROM `project` [ RunTime:0.003801s ]
SQL: SELECT * FROM `project` WHERE ( id=15 ) LIMIT 1   [ RunTime:0.001825s ]
SQL: SHOW COLUMNS FROM `project_partner` [ RunTime:0.003554s ]
SQL: SELECT `user_id` FROM `project_partner` WHERE ( project_id=15 )  [ RunTime:0.001594s ]

[ 2013-05-30T09:29:39+08:00 ] 127.0.0.1 /todo/Components/buttons
INFO: [ route_check ] --START--
INFO: Run CheckRoute Behavior [ RunTime:0.001016s ]
INFO: [ route_check ] --END-- [ RunTime:0.001128s ]
INFO: [ app_begin ] --START--
INFO: Run ReadHtmlCache Behavior [ RunTime:0.000839s ]
INFO: [ app_begin ] --END-- [ RunTime:0.000942s ]
INFO: [ view_template ] --START--
INFO: Run LocationTemplate Behavior [ RunTime:0.001089s ]
INFO: [ view_template ] --END-- [ RunTime:0.001188s ]
INFO: [ view_parse ] --START--
INFO: Run ParseTemplate Behavior [ RunTime:0.012878s ]
INFO: [ view_parse ] --END-- [ RunTime:0.013063s ]
INFO: [ view_filter ] --START--
INFO: Run ContentReplace Behavior [ RunTime:0.000718s ]
INFO: Run TokenBuild Behavior [ RunTime:0.000617s ]
INFO: Run WriteHtmlCache Behavior [ RunTime:0.000734s ]
INFO: Run ShowRuntime Behavior [ RunTime:0.000612s ]
INFO: [ view_filter ] --END-- [ RunTime:0.002871s ]
INFO: [ view_end ] --START--
INFO: Run ShowPageTrace Behavior [ RunTime:0.000722s ]
INFO: [ view_end ] --END-- [ RunTime:0.000779s ]

[ 2013-05-30T09:29:55+08:00 ] 127.0.0.1 /todo/Schedule/index
INFO: [ route_check ] --START--
INFO: Run CheckRoute Behavior [ RunTime:0.000815s ]
INFO: [ route_check ] --END-- [ RunTime:0.000907s ]
INFO: [ app_begin ] --START--
INFO: Run ReadHtmlCache Behavior [ RunTime:0.000554s ]
INFO: [ app_begin ] --END-- [ RunTime:0.000620s ]
INFO: [ view_template ] --START--
INFO: Run LocationTemplate Behavior [ RunTime:0.000579s ]
INFO: [ view_template ] --END-- [ RunTime:0.000649s ]
INFO: [ view_parse ] --START--
INFO: Run ParseTemplate Behavior [ RunTime:0.011645s ]
INFO: [ view_parse ] --END-- [ RunTime:0.011728s ]
INFO: [ view_filter ] --START--
INFO: Run ContentReplace Behavior [ RunTime:0.000496s ]
INFO: Run TokenBuild Behavior [ RunTime:0.000399s ]
INFO: Run WriteHtmlCache Behavior [ RunTime:0.000276s ]
INFO: Run ShowRuntime Behavior [ RunTime:0.000787s ]
INFO: [ view_filter ] --END-- [ RunTime:0.002137s ]
INFO: [ view_end ] --START--
INFO: Run ShowPageTrace Behavior [ RunTime:0.000826s ]
INFO: [ view_end ] --END-- [ RunTime:0.000898s ]

[ 2013-05-30T09:29:58+08:00 ] 127.0.0.1 /todo/Schedule/showData?start=1367078400&end=1370102400&_=1369877396109
INFO: [ route_check ] --START--
INFO: Run CheckRoute Behavior [ RunTime:0.000993s ]
INFO: [ route_check ] --END-- [ RunTime:0.001116s ]
INFO: [ app_begin ] --START--
INFO: Run ReadHtmlCache Behavior [ RunTime:0.000683s ]
INFO: [ app_begin ] --END-- [ RunTime:0.000751s ]
SQL: SHOW COLUMNS FROM `schedule` [ RunTime:0.004206s ]
SQL: SELECT Schedule.*,project.name FROM `schedule` LEFT JOIN project on project.id=schedule.project_id WHERE ( `user_id` = 1 )  [ RunTime:0.001678s ]

[ 2013-05-30T09:29:58+08:00 ] 127.0.0.1 /todo/Project/myProject
INFO: [ route_check ] --START--
INFO: Run CheckRoute Behavior [ RunTime:0.001651s ]
INFO: [ route_check ] --END-- [ RunTime:0.001766s ]
INFO: [ app_begin ] --START--
INFO: Run ReadHtmlCache Behavior [ RunTime:0.000683s ]
INFO: [ app_begin ] --END-- [ RunTime:0.000748s ]
NOTIC: [2048] Declaration of ProjectAction::get() should be compatible with that of Action::get() H:\xampp\htdocs\todo\Lib\Action\ProjectAction.class.php 第 101 行.
SQL: SHOW COLUMNS FROM `project_partner` [ RunTime:0.003557s ]
SQL: SELECT * FROM `project_partner` LEFT JOIN project on project_partner.project_id=project.id WHERE ( `user_id` = 1 )  [ RunTime:0.001525s ]
SQL: SHOW COLUMNS FROM `user` [ RunTime:0.003656s ]
SQL: SELECT * FROM `user` WHERE ( `id` = null ) LIMIT 1   [ RunTime:0.001498s ]
SQL: SELECT * FROM `user` WHERE ( `id` = 2 ) LIMIT 1   [ RunTime:0.000257s ]
SQL: SELECT * FROM `user` WHERE ( `id` = null ) LIMIT 1   [ RunTime:0.000161s ]
SQL: SELECT * FROM `user` WHERE ( `id` = 1 ) LIMIT 1   [ RunTime:0.000204s ]
SQL: SHOW COLUMNS FROM `project` [ RunTime:0.003575s ]
SQL: SELECT * FROM `project` WHERE ( `id` NOT IN ('13','14') ) AND ( (manager_id=1 or director_id=1) )  [ RunTime:0.001858s ]

[ 2013-05-30T09:30:00+08:00 ] 127.0.0.1 /todo/Schedule/showData?start=1369497600&end=1373126400&_=1369877396110
INFO: [ route_check ] --START--
INFO: Run CheckRoute Behavior [ RunTime:0.000806s ]
INFO: [ route_check ] --END-- [ RunTime:0.000894s ]
INFO: [ app_begin ] --START--
INFO: Run ReadHtmlCache Behavior [ RunTime:0.000607s ]
INFO: [ app_begin ] --END-- [ RunTime:0.000676s ]
SQL: SHOW COLUMNS FROM `schedule` [ RunTime:0.004212s ]
SQL: SELECT Schedule.*,project.name FROM `schedule` LEFT JOIN project on project.id=schedule.project_id WHERE ( `user_id` = 1 )  [ RunTime:0.001774s ]

[ 2013-05-30T09:30:01+08:00 ] 127.0.0.1 /todo/Schedule/showData?start=1367078400&end=1370102400&_=1369877396111
INFO: [ route_check ] --START--
INFO: Run CheckRoute Behavior [ RunTime:0.000860s ]
INFO: [ route_check ] --END-- [ RunTime:0.000958s ]
INFO: [ app_begin ] --START--
INFO: Run ReadHtmlCache Behavior [ RunTime:0.000647s ]
INFO: [ app_begin ] --END-- [ RunTime:0.000707s ]
SQL: SHOW COLUMNS FROM `schedule` [ RunTime:0.003989s ]
SQL: SELECT Schedule.*,project.name FROM `schedule` LEFT JOIN project on project.id=schedule.project_id WHERE ( `user_id` = 1 )  [ RunTime:0.001598s ]

[ 2013-05-30T09:30:05+08:00 ] 127.0.0.1 /todo/User/listAllUserExceptMe?query=ma&_=1369877396112
INFO: [ route_check ] --START--
INFO: Run CheckRoute Behavior [ RunTime:0.000995s ]
INFO: [ route_check ] --END-- [ RunTime:0.001106s ]
INFO: [ app_begin ] --START--
INFO: Run ReadHtmlCache Behavior [ RunTime:0.000652s ]
INFO: [ app_begin ] --END-- [ RunTime:0.000718s ]
SQL: SHOW COLUMNS FROM `user` [ RunTime:0.003712s ]
SQL: SELECT `id`,`name` FROM `user` WHERE ( id<>1 And name like 'ma%' )  [ RunTime:0.001827s ]

[ 2013-05-30T09:30:06+08:00 ] 127.0.0.1 /todo/Schedule/showData?uid=2&start=1367078400&end=1370102400&_=1369877396113
INFO: [ route_check ] --START--
INFO: Run CheckRoute Behavior [ RunTime:0.000975s ]
INFO: [ route_check ] --END-- [ RunTime:0.001085s ]
INFO: [ app_begin ] --START--
INFO: Run ReadHtmlCache Behavior [ RunTime:0.000693s ]
INFO: [ app_begin ] --END-- [ RunTime:0.000756s ]
SQL: SHOW COLUMNS FROM `schedule` [ RunTime:0.004577s ]
SQL: SELECT Schedule.*,project.name FROM `schedule` LEFT JOIN project on project.id=schedule.project_id WHERE ( `user_id` = 2 )  [ RunTime:0.001480s ]

[ 2013-05-30T09:30:13+08:00 ] 127.0.0.1 /todo/User/listAllUserExceptMe?query=m&_=1369877396114
INFO: [ route_check ] --START--
INFO: Run CheckRoute Behavior [ RunTime:0.000809s ]
INFO: [ route_check ] --END-- [ RunTime:0.000893s ]
INFO: [ app_begin ] --START--
INFO: Run ReadHtmlCache Behavior [ RunTime:0.000557s ]
INFO: [ app_begin ] --END-- [ RunTime:0.000610s ]
SQL: SHOW COLUMNS FROM `user` [ RunTime:0.003849s ]
SQL: SELECT `id`,`name` FROM `user` WHERE ( id<>1 And name like 'm%' )  [ RunTime:0.001430s ]

[ 2013-05-30T09:30:13+08:00 ] 127.0.0.1 /todo/User/listAllUserExceptMe?query=ma&_=1369877396115
INFO: [ route_check ] --START--
INFO: Run CheckRoute Behavior [ RunTime:0.000820s ]
INFO: [ route_check ] --END-- [ RunTime:0.000906s ]
INFO: [ app_begin ] --START--
INFO: Run ReadHtmlCache Behavior [ RunTime:0.000560s ]
INFO: [ app_begin ] --END-- [ RunTime:0.000614s ]
SQL: SHOW COLUMNS FROM `user` [ RunTime:0.003720s ]
SQL: SELECT `id`,`name` FROM `user` WHERE ( id<>1 And name like 'ma%' )  [ RunTime:0.001810s ]

[ 2013-05-30T09:30:14+08:00 ] 127.0.0.1 /todo/Schedule/showData?uid=2&start=1367078400&end=1370102400&_=1369877396116
INFO: [ route_check ] --START--
INFO: Run CheckRoute Behavior [ RunTime:0.000953s ]
INFO: [ route_check ] --END-- [ RunTime:0.001054s ]
INFO: [ app_begin ] --START--
INFO: Run ReadHtmlCache Behavior [ RunTime:0.000771s ]
INFO: [ app_begin ] --END-- [ RunTime:0.000845s ]
SQL: SHOW COLUMNS FROM `schedule` [ RunTime:0.004006s ]
SQL: SELECT Schedule.*,project.name FROM `schedule` LEFT JOIN project on project.id=schedule.project_id WHERE ( `user_id` = 2 )  [ RunTime:0.001446s ]

[ 2013-05-30T10:13:59+08:00 ] 127.0.0.1 /todo/Index/home
INFO: [ route_check ] --START--
INFO: Run CheckRoute Behavior [ RunTime:0.001022s ]
INFO: [ route_check ] --END-- [ RunTime:0.001113s ]
INFO: [ app_begin ] --START--
INFO: Run ReadHtmlCache Behavior [ RunTime:0.000667s ]
INFO: [ app_begin ] --END-- [ RunTime:0.000748s ]
INFO: [ view_template ] --START--
INFO: Run LocationTemplate Behavior [ RunTime:0.000739s ]
INFO: [ view_template ] --END-- [ RunTime:0.000807s ]
INFO: [ view_parse ] --START--
INFO: Run ParseTemplate Behavior [ RunTime:0.012319s ]
INFO: [ view_parse ] --END-- [ RunTime:0.012404s ]
INFO: [ view_filter ] --START--
INFO: Run ContentReplace Behavior [ RunTime:0.000561s ]
INFO: Run TokenBuild Behavior [ RunTime:0.000478s ]
INFO: Run WriteHtmlCache Behavior [ RunTime:0.000384s ]
INFO: Run ShowRuntime Behavior [ RunTime:0.000566s ]
INFO: [ view_filter ] --END-- [ RunTime:0.002149s ]
INFO: [ view_end ] --START--
INFO: Run ShowPageTrace Behavior [ RunTime:0.000723s ]
INFO: [ view_end ] --END-- [ RunTime:0.000780s ]

[ 2013-05-30T10:57:05+08:00 ] 127.0.0.1 /todo/Schedule/index
INFO: [ route_check ] --START--
INFO: Run CheckRoute Behavior [ RunTime:0.001042s ]
INFO: [ route_check ] --END-- [ RunTime:0.001145s ]
INFO: [ app_begin ] --START--
INFO: Run ReadHtmlCache Behavior [ RunTime:0.000721s ]
INFO: [ app_begin ] --END-- [ RunTime:0.000791s ]
INFO: [ view_template ] --START--
INFO: Run LocationTemplate Behavior [ RunTime:0.000752s ]
INFO: [ view_template ] --END-- [ RunTime:0.000841s ]
INFO: [ view_parse ] --START--
INFO: Run ParseTemplate Behavior [ RunTime:0.013203s ]
INFO: [ view_parse ] --END-- [ RunTime:0.013290s ]
INFO: [ view_filter ] --START--
INFO: Run ContentReplace Behavior [ RunTime:0.000598s ]
INFO: Run TokenBuild Behavior [ RunTime:0.000485s ]
INFO: Run WriteHtmlCache Behavior [ RunTime:0.000390s ]
INFO: Run ShowRuntime Behavior [ RunTime:0.000571s ]
INFO: [ view_filter ] --END-- [ RunTime:0.002257s ]
INFO: [ view_end ] --START--
INFO: Run ShowPageTrace Behavior [ RunTime:0.000859s ]
INFO: [ view_end ] --END-- [ RunTime:0.000942s ]

[ 2013-05-30T10:57:08+08:00 ] 127.0.0.1 /todo/Schedule/showData?start=1367078400&end=1370102400&_=1369882625909
INFO: [ route_check ] --START--
INFO: Run CheckRoute Behavior [ RunTime:0.000952s ]
INFO: [ route_check ] --END-- [ RunTime:0.001069s ]
INFO: [ app_begin ] --START--
INFO: Run ReadHtmlCache Behavior [ RunTime:0.000731s ]
INFO: [ app_begin ] --END-- [ RunTime:0.000803s ]
SQL: SHOW COLUMNS FROM `schedule` [ RunTime:0.006078s ]
SQL: SELECT Schedule.*,project.name FROM `schedule` LEFT JOIN project on project.id=schedule.project_id WHERE ( `user_id` = 1 )  [ RunTime:0.002988s ]

[ 2013-05-30T10:57:08+08:00 ] 127.0.0.1 /todo/Project/myProject
INFO: [ route_check ] --START--
INFO: Run CheckRoute Behavior [ RunTime:0.001140s ]
INFO: [ route_check ] --END-- [ RunTime:0.001253s ]
INFO: [ app_begin ] --START--
INFO: Run ReadHtmlCache Behavior [ RunTime:0.000812s ]
INFO: [ app_begin ] --END-- [ RunTime:0.000896s ]
NOTIC: [2048] Declaration of ProjectAction::get() should be compatible with that of Action::get() H:\xampp\htdocs\todo\Lib\Action\ProjectAction.class.php 第 101 行.
SQL: SHOW COLUMNS FROM `project_partner` [ RunTime:0.005600s ]
SQL: SELECT * FROM `project_partner` LEFT JOIN project on project_partner.project_id=project.id WHERE ( `user_id` = 1 )  [ RunTime:0.001675s ]
SQL: SHOW COLUMNS FROM `user` [ RunTime:0.007064s ]
SQL: SELECT * FROM `user` WHERE ( `id` = null ) LIMIT 1   [ RunTime:0.001018s ]
SQL: SELECT * FROM `user` WHERE ( `id` = 2 ) LIMIT 1   [ RunTime:0.000594s ]
SQL: SELECT * FROM `user` WHERE ( `id` = null ) LIMIT 1   [ RunTime:0.000245s ]
SQL: SELECT * FROM `user` WHERE ( `id` = 1 ) LIMIT 1   [ RunTime:0.000243s ]
SQL: SHOW COLUMNS FROM `project` [ RunTime:0.004165s ]
SQL: SELECT * FROM `project` WHERE ( `id` NOT IN ('13','14') ) AND ( (manager_id=1 or director_id=1) )  [ RunTime:0.001567s ]

[ 2013-05-30T11:17:09+08:00 ] 127.0.0.1 /todo/Schedule/index
INFO: [ route_check ] --START--
INFO: Run CheckRoute Behavior [ RunTime:0.001425s ]
INFO: [ route_check ] --END-- [ RunTime:0.001552s ]
INFO: [ app_begin ] --START--
INFO: Run ReadHtmlCache Behavior [ RunTime:0.000718s ]
INFO: [ app_begin ] --END-- [ RunTime:0.000784s ]
INFO: [ view_template ] --START--
INFO: Run LocationTemplate Behavior [ RunTime:0.000954s ]
INFO: [ view_template ] --END-- [ RunTime:0.001051s ]
INFO: [ view_parse ] --START--
INFO: Run ParseTemplate Behavior [ RunTime:0.016253s ]
INFO: [ view_parse ] --END-- [ RunTime:0.016339s ]
INFO: [ view_filter ] --START--
INFO: Run ContentReplace Behavior [ RunTime:0.000607s ]
INFO: Run TokenBuild Behavior [ RunTime:0.000591s ]
INFO: Run WriteHtmlCache Behavior [ RunTime:0.000529s ]
INFO: Run ShowRuntime Behavior [ RunTime:0.000751s ]
INFO: [ view_filter ] --END-- [ RunTime:0.002681s ]
INFO: [ view_end ] --START--
INFO: Run ShowPageTrace Behavior [ RunTime:0.001025s ]
INFO: [ view_end ] --END-- [ RunTime:0.001228s ]

[ 2013-05-30T11:17:13+08:00 ] 127.0.0.1 /todo/Project/myProject
INFO: [ route_check ] --START--
INFO: Run CheckRoute Behavior [ RunTime:0.001056s ]
INFO: [ route_check ] --END-- [ RunTime:0.001155s ]
INFO: [ app_begin ] --START--
INFO: Run ReadHtmlCache Behavior [ RunTime:0.000704s ]
INFO: [ app_begin ] --END-- [ RunTime:0.000765s ]
NOTIC: [2048] Declaration of ProjectAction::get() should be compatible with that of Action::get() H:\xampp\htdocs\todo\Lib\Action\ProjectAction.class.php 第 101 行.
SQL: SHOW COLUMNS FROM `project_partner` [ RunTime:0.004261s ]
SQL: SELECT * FROM `project_partner` LEFT JOIN project on project_partner.project_id=project.id WHERE ( `user_id` = 1 )  [ RunTime:0.001480s ]
SQL: SHOW COLUMNS FROM `user` [ RunTime:0.003683s ]
SQL: SELECT * FROM `user` WHERE ( `id` = null ) LIMIT 1   [ RunTime:0.001393s ]
SQL: SELECT * FROM `user` WHERE ( `id` = 2 ) LIMIT 1   [ RunTime:0.000252s ]
SQL: SELECT * FROM `user` WHERE ( `id` = null ) LIMIT 1   [ RunTime:0.000167s ]
SQL: SELECT * FROM `user` WHERE ( `id` = 1 ) LIMIT 1   [ RunTime:0.000194s ]
SQL: SHOW COLUMNS FROM `project` [ RunTime:0.005036s ]
SQL: SELECT * FROM `project` WHERE ( `id` NOT IN ('13','14') ) AND ( (manager_id=1 or director_id=1) )  [ RunTime:0.001700s ]

[ 2013-05-30T11:17:13+08:00 ] 127.0.0.1 /todo/Schedule/showData?start=1367078400&end=1370102400&_=1369883830564
INFO: [ route_check ] --START--
INFO: Run CheckRoute Behavior [ RunTime:0.001025s ]
INFO: [ route_check ] --END-- [ RunTime:0.001110s ]
INFO: [ app_begin ] --START--
INFO: Run ReadHtmlCache Behavior [ RunTime:0.000688s ]
INFO: [ app_begin ] --END-- [ RunTime:0.000752s ]
SQL: SHOW COLUMNS FROM `schedule` [ RunTime:0.003867s ]
SQL: SELECT Schedule.*,project.name FROM `schedule` LEFT JOIN project on project.id=schedule.project_id WHERE ( `user_id` = 1 )  [ RunTime:0.001740s ]

[ 2013-05-30T11:20:19+08:00 ] 127.0.0.1 /todo/Schedule/index
INFO: [ route_check ] --START--
INFO: Run CheckRoute Behavior [ RunTime:0.001250s ]
INFO: [ route_check ] --END-- [ RunTime:0.001353s ]
INFO: [ app_begin ] --START--
INFO: Run ReadHtmlCache Behavior [ RunTime:0.000718s ]
INFO: [ app_begin ] --END-- [ RunTime:0.000783s ]
INFO: [ view_template ] --START--
INFO: Run LocationTemplate Behavior [ RunTime:0.000895s ]
INFO: [ view_template ] --END-- [ RunTime:0.000968s ]
INFO: [ view_parse ] --START--
INFO: Run ParseTemplate Behavior [ RunTime:0.012997s ]
INFO: [ view_parse ] --END-- [ RunTime:0.013078s ]
INFO: [ view_filter ] --START--
INFO: Run ContentReplace Behavior [ RunTime:0.000615s ]
INFO: Run TokenBuild Behavior [ RunTime:0.000496s ]
INFO: Run WriteHtmlCache Behavior [ RunTime:0.000424s ]
INFO: Run ShowRuntime Behavior [ RunTime:0.000611s ]
INFO: [ view_filter ] --END-- [ RunTime:0.002314s ]
INFO: [ view_end ] --START--
INFO: Run ShowPageTrace Behavior [ RunTime:0.000748s ]
INFO: [ view_end ] --END-- [ RunTime:0.000807s ]

[ 2013-05-30T11:20:22+08:00 ] 127.0.0.1 /todo/Project/myProject
INFO: [ route_check ] --START--
INFO: Run CheckRoute Behavior [ RunTime:0.001120s ]
INFO: [ route_check ] --END-- [ RunTime:0.001235s ]
INFO: [ app_begin ] --START--
INFO: Run ReadHtmlCache Behavior [ RunTime:0.000762s ]
INFO: [ app_begin ] --END-- [ RunTime:0.000830s ]
NOTIC: [2048] Declaration of ProjectAction::get() should be compatible with that of Action::get() H:\xampp\htdocs\todo\Lib\Action\ProjectAction.class.php 第 101 行.
SQL: SHOW COLUMNS FROM `project_partner` [ RunTime:0.005046s ]
SQL: SELECT * FROM `project_partner` LEFT JOIN project on project_partner.project_id=project.id WHERE ( `user_id` = 1 )  [ RunTime:0.003283s ]
SQL: SHOW COLUMNS FROM `user` [ RunTime:0.005626s ]
SQL: SELECT * FROM `user` WHERE ( `id` = null ) LIMIT 1   [ RunTime:0.002040s ]
SQL: SELECT * FROM `user` WHERE ( `id` = 2 ) LIMIT 1   [ RunTime:0.000338s ]
SQL: SELECT * FROM `user` WHERE ( `id` = null ) LIMIT 1   [ RunTime:0.000380s ]
SQL: SELECT * FROM `user` WHERE ( `id` = 1 ) LIMIT 1   [ RunTime:0.000236s ]
SQL: SHOW COLUMNS FROM `project` [ RunTime:0.003972s ]
SQL: SELECT * FROM `project` WHERE ( `id` NOT IN ('13','14') ) AND ( (manager_id=1 or director_id=1) )  [ RunTime:0.001744s ]

[ 2013-05-30T11:20:22+08:00 ] 127.0.0.1 /todo/Schedule/showData?start=1367078400&end=1370102400&_=1369884019930
INFO: [ route_check ] --START--
INFO: Run CheckRoute Behavior [ RunTime:0.001369s ]
INFO: [ route_check ] --END-- [ RunTime:0.001487s ]
INFO: [ app_begin ] --START--
INFO: Run ReadHtmlCache Behavior [ RunTime:0.000832s ]
INFO: [ app_begin ] --END-- [ RunTime:0.000915s ]
SQL: SHOW COLUMNS FROM `schedule` [ RunTime:0.005508s ]
SQL: SELECT Schedule.*,project.name FROM `schedule` LEFT JOIN project on project.id=schedule.project_id WHERE ( `user_id` = 1 )  [ RunTime:0.001942s ]

[ 2013-05-30T11:20:43+08:00 ] 127.0.0.1 /todo/Schedule/index
INFO: [ route_check ] --START--
INFO: Run CheckRoute Behavior [ RunTime:0.001017s ]
INFO: [ route_check ] --END-- [ RunTime:0.001122s ]
INFO: [ app_begin ] --START--
INFO: Run ReadHtmlCache Behavior [ RunTime:0.001105s ]
INFO: [ app_begin ] --END-- [ RunTime:0.001233s ]
INFO: [ view_template ] --START--
INFO: Run LocationTemplate Behavior [ RunTime:0.000753s ]
INFO: [ view_template ] --END-- [ RunTime:0.000832s ]
INFO: [ view_parse ] --START--
INFO: Run ParseTemplate Behavior [ RunTime:0.013402s ]
INFO: [ view_parse ] --END-- [ RunTime:0.013497s ]
INFO: [ view_filter ] --START--
INFO: Run ContentReplace Behavior [ RunTime:0.000718s ]
INFO: Run TokenBuild Behavior [ RunTime:0.000620s ]
INFO: Run WriteHtmlCache Behavior [ RunTime:0.000392s ]
INFO: Run ShowRuntime Behavior [ RunTime:0.000601s ]
INFO: [ view_filter ] --END-- [ RunTime:0.002509s ]
INFO: [ view_end ] --START--
INFO: Run ShowPageTrace Behavior [ RunTime:0.000931s ]
INFO: [ view_end ] --END-- [ RunTime:0.001010s ]

[ 2013-05-30T11:20:47+08:00 ] 127.0.0.1 /todo/Schedule/showData?start=1367078400&end=1370102400&_=1369884044830
INFO: [ route_check ] --START--
INFO: Run CheckRoute Behavior [ RunTime:0.000873s ]
INFO: [ route_check ] --END-- [ RunTime:0.000969s ]
INFO: [ app_begin ] --START--
INFO: Run ReadHtmlCache Behavior [ RunTime:0.000604s ]
INFO: [ app_begin ] --END-- [ RunTime:0.000663s ]
SQL: SHOW COLUMNS FROM `schedule` [ RunTime:0.004900s ]
SQL: SELECT Schedule.*,project.name FROM `schedule` LEFT JOIN project on project.id=schedule.project_id WHERE ( `user_id` = 1 )  [ RunTime:0.002262s ]

[ 2013-05-30T11:20:47+08:00 ] 127.0.0.1 /todo/Project/myProject
INFO: [ route_check ] --START--
INFO: Run CheckRoute Behavior [ RunTime:0.001058s ]
INFO: [ route_check ] --END-- [ RunTime:0.001154s ]
INFO: [ app_begin ] --START--
INFO: Run ReadHtmlCache Behavior [ RunTime:0.000795s ]
INFO: [ app_begin ] --END-- [ RunTime:0.000865s ]
NOTIC: [2048] Declaration of ProjectAction::get() should be compatible with that of Action::get() H:\xampp\htdocs\todo\Lib\Action\ProjectAction.class.php 第 101 行.
SQL: SHOW COLUMNS FROM `project_partner` [ RunTime:0.004349s ]
SQL: SELECT * FROM `project_partner` LEFT JOIN project on project_partner.project_id=project.id WHERE ( `user_id` = 1 )  [ RunTime:0.001609s ]
SQL: SHOW COLUMNS FROM `user` [ RunTime:0.003695s ]
SQL: SELECT * FROM `user` WHERE ( `id` = null ) LIMIT 1   [ RunTime:0.001261s ]
SQL: SELECT * FROM `user` WHERE ( `id` = 2 ) LIMIT 1   [ RunTime:0.000326s ]
SQL: SELECT * FROM `user` WHERE ( `id` = null ) LIMIT 1   [ RunTime:0.000195s ]
SQL: SELECT * FROM `user` WHERE ( `id` = 1 ) LIMIT 1   [ RunTime:0.000261s ]
SQL: SHOW COLUMNS FROM `project` [ RunTime:0.004146s ]
SQL: SELECT * FROM `project` WHERE ( `id` NOT IN ('13','14') ) AND ( (manager_id=1 or director_id=1) )  [ RunTime:0.002429s ]

[ 2013-05-30T11:21:11+08:00 ] 127.0.0.1 /todo/Schedule/index
INFO: [ route_check ] --START--
INFO: Run CheckRoute Behavior [ RunTime:0.000925s ]
INFO: [ route_check ] --END-- [ RunTime:0.001035s ]
INFO: [ app_begin ] --START--
INFO: Run ReadHtmlCache Behavior [ RunTime:0.000618s ]
INFO: [ app_begin ] --END-- [ RunTime:0.000686s ]
INFO: [ view_template ] --START--
INFO: Run LocationTemplate Behavior [ RunTime:0.000423s ]
INFO: [ view_template ] --END-- [ RunTime:0.000492s ]
INFO: [ view_parse ] --START--
INFO: Run ParseTemplate Behavior [ RunTime:0.012237s ]
INFO: [ view_parse ] --END-- [ RunTime:0.012340s ]
INFO: [ view_filter ] --START--
INFO: Run ContentReplace Behavior [ RunTime:0.000616s ]
INFO: Run TokenBuild Behavior [ RunTime:0.000577s ]
INFO: Run WriteHtmlCache Behavior [ RunTime:0.000352s ]
INFO: Run ShowRuntime Behavior [ RunTime:0.000573s ]
INFO: [ view_filter ] --END-- [ RunTime:0.002317s ]
INFO: [ view_end ] --START--
INFO: Run ShowPageTrace Behavior [ RunTime:0.000680s ]
INFO: [ view_end ] --END-- [ RunTime:0.000738s ]

[ 2013-05-30T11:21:15+08:00 ] 127.0.0.1 /todo/Schedule/showData?start=1367078400&end=1370102400&_=1369884072932
INFO: [ route_check ] --START--
INFO: Run CheckRoute Behavior [ RunTime:0.000899s ]
INFO: [ route_check ] --END-- [ RunTime:0.000997s ]
INFO: [ app_begin ] --START--
INFO: Run ReadHtmlCache Behavior [ RunTime:0.000596s ]
INFO: [ app_begin ] --END-- [ RunTime:0.000653s ]
SQL: SHOW COLUMNS FROM `schedule` [ RunTime:0.004612s ]
SQL: SELECT Schedule.*,project.name FROM `schedule` LEFT JOIN project on project.id=schedule.project_id WHERE ( `user_id` = 1 )  [ RunTime:0.001538s ]

[ 2013-05-30T11:21:15+08:00 ] 127.0.0.1 /todo/Project/myProject
INFO: [ route_check ] --START--
INFO: Run CheckRoute Behavior [ RunTime:0.001001s ]
INFO: [ route_check ] --END-- [ RunTime:0.001111s ]
INFO: [ app_begin ] --START--
INFO: Run ReadHtmlCache Behavior [ RunTime:0.000729s ]
INFO: [ app_begin ] --END-- [ RunTime:0.000804s ]
NOTIC: [2048] Declaration of ProjectAction::get() should be compatible with that of Action::get() H:\xampp\htdocs\todo\Lib\Action\ProjectAction.class.php 第 101 行.
SQL: SHOW COLUMNS FROM `project_partner` [ RunTime:0.004129s ]
SQL: SELECT * FROM `project_partner` LEFT JOIN project on project_partner.project_id=project.id WHERE ( `user_id` = 1 )  [ RunTime:0.001928s ]
SQL: SHOW COLUMNS FROM `user` [ RunTime:0.003893s ]
SQL: SELECT * FROM `user` WHERE ( `id` = null ) LIMIT 1   [ RunTime:0.001405s ]
SQL: SELECT * FROM `user` WHERE ( `id` = 2 ) LIMIT 1   [ RunTime:0.000353s ]
SQL: SELECT * FROM `user` WHERE ( `id` = null ) LIMIT 1   [ RunTime:0.000320s ]
SQL: SELECT * FROM `user` WHERE ( `id` = 1 ) LIMIT 1   [ RunTime:0.000378s ]
SQL: SHOW COLUMNS FROM `project` [ RunTime:0.004540s ]
SQL: SELECT * FROM `project` WHERE ( `id` NOT IN ('13','14') ) AND ( (manager_id=1 or director_id=1) )  [ RunTime:0.001778s ]

[ 2013-05-30T11:22:30+08:00 ] 127.0.0.1 /todo/Schedule/index
INFO: [ route_check ] --START--
INFO: Run CheckRoute Behavior [ RunTime:0.001057s ]
INFO: [ route_check ] --END-- [ RunTime:0.001153s ]
INFO: [ app_begin ] --START--
INFO: Run ReadHtmlCache Behavior [ RunTime:0.000679s ]
INFO: [ app_begin ] --END-- [ RunTime:0.000742s ]
INFO: [ view_template ] --START--
INFO: Run LocationTemplate Behavior [ RunTime:0.000794s ]
INFO: [ view_template ] --END-- [ RunTime:0.000864s ]
INFO: [ view_parse ] --START--
INFO: Run ParseTemplate Behavior [ RunTime:0.014341s ]
INFO: [ view_parse ] --END-- [ RunTime:0.014428s ]
INFO: [ view_filter ] --START--
INFO: Run ContentReplace Behavior [ RunTime:0.000590s ]
INFO: Run TokenBuild Behavior [ RunTime:0.000505s ]
INFO: Run WriteHtmlCache Behavior [ RunTime:0.000366s ]
INFO: Run ShowRuntime Behavior [ RunTime:0.000559s ]
INFO: [ view_filter ] --END-- [ RunTime:0.002177s ]
INFO: [ view_end ] --START--
INFO: Run ShowPageTrace Behavior [ RunTime:0.000697s ]
INFO: [ view_end ] --END-- [ RunTime:0.000754s ]

[ 2013-05-30T11:22:33+08:00 ] 127.0.0.1 /todo/Schedule/showData?start=1367078400&end=1370102400&_=1369884151137
INFO: [ route_check ] --START--
INFO: Run CheckRoute Behavior [ RunTime:0.001075s ]
INFO: [ route_check ] --END-- [ RunTime:0.001170s ]
INFO: [ app_begin ] --START--
INFO: Run ReadHtmlCache Behavior [ RunTime:0.000775s ]
INFO: [ app_begin ] --END-- [ RunTime:0.000849s ]
SQL: SHOW COLUMNS FROM `schedule` [ RunTime:0.003770s ]
SQL: SELECT Schedule.*,project.name FROM `schedule` LEFT JOIN project on project.id=schedule.project_id WHERE ( `user_id` = 1 )  [ RunTime:0.001276s ]

[ 2013-05-30T11:22:33+08:00 ] 127.0.0.1 /todo/Project/myProject
INFO: [ route_check ] --START--
INFO: Run CheckRoute Behavior [ RunTime:0.001200s ]
INFO: [ route_check ] --END-- [ RunTime:0.001304s ]
INFO: [ app_begin ] --START--
INFO: Run ReadHtmlCache Behavior [ RunTime:0.000762s ]
INFO: [ app_begin ] --END-- [ RunTime:0.000833s ]
NOTIC: [2048] Declaration of ProjectAction::get() should be compatible with that of Action::get() H:\xampp\htdocs\todo\Lib\Action\ProjectAction.class.php 第 101 行.
SQL: SHOW COLUMNS FROM `project_partner` [ RunTime:0.003683s ]
SQL: SELECT * FROM `project_partner` LEFT JOIN project on project_partner.project_id=project.id WHERE ( `user_id` = 1 )  [ RunTime:0.001857s ]
SQL: SHOW COLUMNS FROM `user` [ RunTime:0.004511s ]
SQL: SELECT * FROM `user` WHERE ( `id` = null ) LIMIT 1   [ RunTime:0.001812s ]
SQL: SELECT * FROM `user` WHERE ( `id` = 2 ) LIMIT 1   [ RunTime:0.000297s ]
SQL: SELECT * FROM `user` WHERE ( `id` = null ) LIMIT 1   [ RunTime:0.000185s ]
SQL: SELECT * FROM `user` WHERE ( `id` = 1 ) LIMIT 1   [ RunTime:0.000237s ]
SQL: SHOW COLUMNS FROM `project` [ RunTime:0.004047s ]
SQL: SELECT * FROM `project` WHERE ( `id` NOT IN ('13','14') ) AND ( (manager_id=1 or director_id=1) )  [ RunTime:0.001921s ]

[ 2013-05-30T11:22:50+08:00 ] 127.0.0.1 /todo/Schedule/index
INFO: [ route_check ] --START--
INFO: Run CheckRoute Behavior [ RunTime:0.001226s ]
INFO: [ route_check ] --END-- [ RunTime:0.001347s ]
INFO: [ app_begin ] --START--
INFO: Run ReadHtmlCache Behavior [ RunTime:0.000612s ]
INFO: [ app_begin ] --END-- [ RunTime:0.000674s ]
INFO: [ view_template ] --START--
INFO: Run LocationTemplate Behavior [ RunTime:0.000750s ]
INFO: [ view_template ] --END-- [ RunTime:0.000821s ]
INFO: [ view_parse ] --START--
INFO: Run ParseTemplate Behavior [ RunTime:0.013938s ]
INFO: [ view_parse ] --END-- [ RunTime:0.014036s ]
INFO: [ view_filter ] --START--
INFO: Run ContentReplace Behavior [ RunTime:0.000688s ]
INFO: Run TokenBuild Behavior [ RunTime:0.000535s ]
INFO: Run WriteHtmlCache Behavior [ RunTime:0.000382s ]
INFO: Run ShowRuntime Behavior [ RunTime:0.000614s ]
INFO: [ view_filter ] --END-- [ RunTime:0.002487s ]
INFO: [ view_end ] --START--
INFO: Run ShowPageTrace Behavior [ RunTime:0.000806s ]
INFO: [ view_end ] --END-- [ RunTime:0.000879s ]

[ 2013-05-30T11:22:54+08:00 ] 127.0.0.1 /todo/Project/myProject
INFO: [ route_check ] --START--
INFO: Run CheckRoute Behavior [ RunTime:0.001199s ]
INFO: [ route_check ] --END-- [ RunTime:0.001298s ]
INFO: [ app_begin ] --START--
INFO: Run ReadHtmlCache Behavior [ RunTime:0.000936s ]
INFO: [ app_begin ] --END-- [ RunTime:0.001026s ]
NOTIC: [2048] Declaration of ProjectAction::get() should be compatible with that of Action::get() H:\xampp\htdocs\todo\Lib\Action\ProjectAction.class.php 第 101 行.
SQL: SHOW COLUMNS FROM `project_partner` [ RunTime:0.004184s ]
SQL: SELECT * FROM `project_partner` LEFT JOIN project on project_partner.project_id=project.id WHERE ( `user_id` = 1 )  [ RunTime:0.001905s ]
SQL: SHOW COLUMNS FROM `user` [ RunTime:0.004005s ]
SQL: SELECT * FROM `user` WHERE ( `id` = null ) LIMIT 1   [ RunTime:0.001252s ]
SQL: SELECT * FROM `user` WHERE ( `id` = 2 ) LIMIT 1   [ RunTime:0.000267s ]
SQL: SELECT * FROM `user` WHERE ( `id` = null ) LIMIT 1   [ RunTime:0.000182s ]
SQL: SELECT * FROM `user` WHERE ( `id` = 1 ) LIMIT 1   [ RunTime:0.000239s ]
SQL: SHOW COLUMNS FROM `project` [ RunTime:0.004324s ]
SQL: SELECT * FROM `project` WHERE ( `id` NOT IN ('13','14') ) AND ( (manager_id=1 or director_id=1) )  [ RunTime:0.001376s ]

[ 2013-05-30T11:22:54+08:00 ] 127.0.0.1 /todo/Schedule/showData?start=1367078400&end=1370102400&_=1369884171806
INFO: [ route_check ] --START--
INFO: Run CheckRoute Behavior [ RunTime:0.001461s ]
INFO: [ route_check ] --END-- [ RunTime:0.001577s ]
INFO: [ app_begin ] --START--
INFO: Run ReadHtmlCache Behavior [ RunTime:0.001032s ]
INFO: [ app_begin ] --END-- [ RunTime:0.001121s ]
SQL: SHOW COLUMNS FROM `schedule` [ RunTime:0.004734s ]
SQL: SELECT Schedule.*,project.name FROM `schedule` LEFT JOIN project on project.id=schedule.project_id WHERE ( `user_id` = 1 )  [ RunTime:0.001933s ]

[ 2013-05-30T11:23:31+08:00 ] 127.0.0.1 /todo/Schedule/index
INFO: [ route_check ] --START--
INFO: Run CheckRoute Behavior [ RunTime:0.000862s ]
INFO: [ route_check ] --END-- [ RunTime:0.000959s ]
INFO: [ app_begin ] --START--
INFO: Run ReadHtmlCache Behavior [ RunTime:0.000587s ]
INFO: [ app_begin ] --END-- [ RunTime:0.000649s ]
INFO: [ view_template ] --START--
INFO: Run LocationTemplate Behavior [ RunTime:0.000783s ]
INFO: [ view_template ] --END-- [ RunTime:0.000860s ]
INFO: [ view_parse ] --START--
INFO: Run ParseTemplate Behavior [ RunTime:0.013551s ]
INFO: [ view_parse ] --END-- [ RunTime:0.013673s ]
INFO: [ view_filter ] --START--
INFO: Run ContentReplace Behavior [ RunTime:0.000638s ]
INFO: Run TokenBuild Behavior [ RunTime:0.000490s ]
INFO: Run WriteHtmlCache Behavior [ RunTime:0.000374s ]
INFO: Run ShowRuntime Behavior [ RunTime:0.000552s ]
INFO: [ view_filter ] --END-- [ RunTime:0.002233s ]
INFO: [ view_end ] --START--
INFO: Run ShowPageTrace Behavior [ RunTime:0.000694s ]
INFO: [ view_end ] --END-- [ RunTime:0.000751s ]

[ 2013-05-30T11:23:35+08:00 ] 127.0.0.1 /todo/Schedule/showData?start=1367078400&end=1370102400&_=1369884212832
INFO: [ route_check ] --START--
INFO: Run CheckRoute Behavior [ RunTime:0.001004s ]
INFO: [ route_check ] --END-- [ RunTime:0.001119s ]
INFO: [ app_begin ] --START--
INFO: Run ReadHtmlCache Behavior [ RunTime:0.000677s ]
INFO: [ app_begin ] --END-- [ RunTime:0.000759s ]
SQL: SHOW COLUMNS FROM `schedule` [ RunTime:0.004296s ]
SQL: SELECT Schedule.*,project.name FROM `schedule` LEFT JOIN project on project.id=schedule.project_id WHERE ( `user_id` = 1 )  [ RunTime:0.001582s ]

[ 2013-05-30T11:23:35+08:00 ] 127.0.0.1 /todo/Project/myProject
INFO: [ route_check ] --START--
INFO: Run CheckRoute Behavior [ RunTime:0.000924s ]
INFO: [ route_check ] --END-- [ RunTime:0.001018s ]
INFO: [ app_begin ] --START--
INFO: Run ReadHtmlCache Behavior [ RunTime:0.000605s ]
INFO: [ app_begin ] --END-- [ RunTime:0.000661s ]
NOTIC: [2048] Declaration of ProjectAction::get() should be compatible with that of Action::get() H:\xampp\htdocs\todo\Lib\Action\ProjectAction.class.php 第 101 行.
SQL: SHOW COLUMNS FROM `project_partner` [ RunTime:0.003607s ]
SQL: SELECT * FROM `project_partner` LEFT JOIN project on project_partner.project_id=project.id WHERE ( `user_id` = 1 )  [ RunTime:0.001305s ]
SQL: SHOW COLUMNS FROM `user` [ RunTime:0.003533s ]
SQL: SELECT * FROM `user` WHERE ( `id` = null ) LIMIT 1   [ RunTime:0.001883s ]
SQL: SELECT * FROM `user` WHERE ( `id` = 2 ) LIMIT 1   [ RunTime:0.000312s ]
SQL: SELECT * FROM `user` WHERE ( `id` = null ) LIMIT 1   [ RunTime:0.000182s ]
SQL: SELECT * FROM `user` WHERE ( `id` = 1 ) LIMIT 1   [ RunTime:0.000218s ]
SQL: SHOW COLUMNS FROM `project` [ RunTime:0.004009s ]
SQL: SELECT * FROM `project` WHERE ( `id` NOT IN ('13','14') ) AND ( (manager_id=1 or director_id=1) )  [ RunTime:0.001304s ]

[ 2013-05-30T11:24:12+08:00 ] 127.0.0.1 /todo/Schedule/index
INFO: [ route_check ] --START--
INFO: Run CheckRoute Behavior [ RunTime:0.000945s ]
INFO: [ route_check ] --END-- [ RunTime:0.001056s ]
INFO: [ app_begin ] --START--
INFO: Run ReadHtmlCache Behavior [ RunTime:0.000610s ]
INFO: [ app_begin ] --END-- [ RunTime:0.000673s ]
INFO: [ view_template ] --START--
INFO: Run LocationTemplate Behavior [ RunTime:0.000883s ]
INFO: [ view_template ] --END-- [ RunTime:0.000961s ]
INFO: [ view_parse ] --START--
INFO: Run ParseTemplate Behavior [ RunTime:0.013017s ]
INFO: [ view_parse ] --END-- [ RunTime:0.013110s ]
INFO: [ view_filter ] --START--
INFO: Run ContentReplace Behavior [ RunTime:0.000657s ]
INFO: Run TokenBuild Behavior [ RunTime:0.000714s ]
INFO: Run WriteHtmlCache Behavior [ RunTime:0.000478s ]
INFO: Run ShowRuntime Behavior [ RunTime:0.000686s ]
INFO: [ view_filter ] --END-- [ RunTime:0.002740s ]
INFO: [ view_end ] --START--
INFO: Run ShowPageTrace Behavior [ RunTime:0.000997s ]
INFO: [ view_end ] --END-- [ RunTime:0.001069s ]

[ 2013-05-30T11:24:16+08:00 ] 127.0.0.1 /todo/Project/myProject
INFO: [ route_check ] --START--
INFO: Run CheckRoute Behavior [ RunTime:0.000859s ]
INFO: [ route_check ] --END-- [ RunTime:0.000961s ]
INFO: [ app_begin ] --START--
INFO: Run ReadHtmlCache Behavior [ RunTime:0.000605s ]
INFO: [ app_begin ] --END-- [ RunTime:0.000665s ]
NOTIC: [2048] Declaration of ProjectAction::get() should be compatible with that of Action::get() H:\xampp\htdocs\todo\Lib\Action\ProjectAction.class.php 第 101 行.
SQL: SHOW COLUMNS FROM `project_partner` [ RunTime:0.003851s ]
SQL: SELECT * FROM `project_partner` LEFT JOIN project on project_partner.project_id=project.id WHERE ( `user_id` = 1 )  [ RunTime:0.002073s ]
SQL: SHOW COLUMNS FROM `user` [ RunTime:0.004121s ]
SQL: SELECT * FROM `user` WHERE ( `id` = null ) LIMIT 1   [ RunTime:0.001405s ]
SQL: SELECT * FROM `user` WHERE ( `id` = 2 ) LIMIT 1   [ RunTime:0.000337s ]
SQL: SELECT * FROM `user` WHERE ( `id` = null ) LIMIT 1   [ RunTime:0.000243s ]
SQL: SELECT * FROM `user` WHERE ( `id` = 1 ) LIMIT 1   [ RunTime:0.000249s ]
SQL: SHOW COLUMNS FROM `project` [ RunTime:0.003921s ]
SQL: SELECT * FROM `project` WHERE ( `id` NOT IN ('13','14') ) AND ( (manager_id=1 or director_id=1) )  [ RunTime:0.001455s ]

[ 2013-05-30T11:24:16+08:00 ] 127.0.0.1 /todo/Schedule/showData?start=1367078400&end=1370102400&_=1369884253733
INFO: [ route_check ] --START--
INFO: Run CheckRoute Behavior [ RunTime:0.000896s ]
INFO: [ route_check ] --END-- [ RunTime:0.000994s ]
INFO: [ app_begin ] --START--
INFO: Run ReadHtmlCache Behavior [ RunTime:0.000587s ]
INFO: [ app_begin ] --END-- [ RunTime:0.000645s ]
SQL: SHOW COLUMNS FROM `schedule` [ RunTime:0.003915s ]
SQL: SELECT Schedule.*,project.name FROM `schedule` LEFT JOIN project on project.id=schedule.project_id WHERE ( `user_id` = 1 )  [ RunTime:0.001578s ]

[ 2013-05-30T11:43:59+08:00 ] 127.0.0.1 /todo/Schedule/index
INFO: [ route_check ] --START--
INFO: Run CheckRoute Behavior [ RunTime:0.001075s ]
INFO: [ route_check ] --END-- [ RunTime:0.001173s ]
INFO: [ app_begin ] --START--
INFO: Run ReadHtmlCache Behavior [ RunTime:0.000667s ]
INFO: [ app_begin ] --END-- [ RunTime:0.000731s ]
INFO: [ view_template ] --START--
INFO: Run LocationTemplate Behavior [ RunTime:0.001129s ]
INFO: [ view_template ] --END-- [ RunTime:0.001251s ]
INFO: [ view_parse ] --START--
INFO: Run ParseTemplate Behavior [ RunTime:0.013347s ]
INFO: [ view_parse ] --END-- [ RunTime:0.013430s ]
INFO: [ view_filter ] --START--
INFO: Run ContentReplace Behavior [ RunTime:0.000583s ]
INFO: Run TokenBuild Behavior [ RunTime:0.000503s ]
INFO: Run WriteHtmlCache Behavior [ RunTime:0.000371s ]
INFO: Run ShowRuntime Behavior [ RunTime:0.000562s ]
INFO: [ view_filter ] --END-- [ RunTime:0.002174s ]
INFO: [ view_end ] --START--
INFO: Run ShowPageTrace Behavior [ RunTime:0.000693s ]
INFO: [ view_end ] --END-- [ RunTime:0.000751s ]

[ 2013-05-30T11:44:03+08:00 ] 127.0.0.1 /todo/Schedule/showData?start=1367078400&end=1370102400&_=1369885441052
INFO: [ route_check ] --START--
INFO: Run CheckRoute Behavior [ RunTime:0.001273s ]
INFO: [ route_check ] --END-- [ RunTime:0.001378s ]
INFO: [ app_begin ] --START--
INFO: Run ReadHtmlCache Behavior [ RunTime:0.000721s ]
INFO: [ app_begin ] --END-- [ RunTime:0.000781s ]
SQL: SHOW COLUMNS FROM `schedule` [ RunTime:0.004498s ]
SQL: SELECT Schedule.*,project.name FROM `schedule` LEFT JOIN project on project.id=schedule.project_id WHERE ( `user_id` = 1 )  [ RunTime:0.001420s ]

[ 2013-05-30T11:44:03+08:00 ] 127.0.0.1 /todo/Project/myProject
INFO: [ route_check ] --START--
INFO: Run CheckRoute Behavior [ RunTime:0.001222s ]
INFO: [ route_check ] --END-- [ RunTime:0.001341s ]
INFO: [ app_begin ] --START--
INFO: Run ReadHtmlCache Behavior [ RunTime:0.000832s ]
INFO: [ app_begin ] --END-- [ RunTime:0.000927s ]
NOTIC: [2048] Declaration of ProjectAction::get() should be compatible with that of Action::get() H:\xampp\htdocs\todo\Lib\Action\ProjectAction.class.php 第 101 行.
SQL: SHOW COLUMNS FROM `project_partner` [ RunTime:0.003721s ]
SQL: SELECT * FROM `project_partner` LEFT JOIN project on project_partner.project_id=project.id WHERE ( `user_id` = 1 )  [ RunTime:0.036393s ]
SQL: SHOW COLUMNS FROM `user` [ RunTime:0.003634s ]
SQL: SELECT * FROM `user` WHERE ( `id` = null ) LIMIT 1   [ RunTime:0.001261s ]
SQL: SELECT * FROM `user` WHERE ( `id` = 2 ) LIMIT 1   [ RunTime:0.000285s ]
SQL: SELECT * FROM `user` WHERE ( `id` = null ) LIMIT 1   [ RunTime:0.000211s ]
SQL: SELECT * FROM `user` WHERE ( `id` = 1 ) LIMIT 1   [ RunTime:0.000242s ]
SQL: SHOW COLUMNS FROM `project` [ RunTime:0.003743s ]
SQL: SELECT * FROM `project` WHERE ( `id` NOT IN ('13','14') ) AND ( (manager_id=1 or director_id=1) )  [ RunTime:0.002577s ]

[ 2013-05-30T11:44:09+08:00 ] 127.0.0.1 /todo/Schedule/save
INFO: [ route_check ] --START--
INFO: Run CheckRoute Behavior [ RunTime:0.001170s ]
INFO: [ route_check ] --END-- [ RunTime:0.001288s ]
INFO: [ app_begin ] --START--
INFO: Run ReadHtmlCache Behavior [ RunTime:0.000844s ]
INFO: [ app_begin ] --END-- [ RunTime:0.000931s ]
SQL: SHOW COLUMNS FROM `schedule` [ RunTime:0.004804s ]
SQL: UPDATE `schedule` SET `project_id`=13,`desc`='',`start`='1367888400',`end`='1368003600',`subject`='22ssss',`mode`=0,`user_id`=1,`startdate`='05/07/2013',`enddate`='05/08/2013',`starttime`=0,`endtime`=2 WHERE ( `id` = 21 ) [ RunTime:0.001482s ]

[ 2013-05-30T11:45:03+08:00 ] 127.0.0.1 /todo/Schedule/index
INFO: [ route_check ] --START--
INFO: Run CheckRoute Behavior [ RunTime:0.001056s ]
INFO: [ route_check ] --END-- [ RunTime:0.001178s ]
INFO: [ app_begin ] --START--
INFO: Run ReadHtmlCache Behavior [ RunTime:0.000760s ]
INFO: [ app_begin ] --END-- [ RunTime:0.000837s ]
INFO: [ view_template ] --START--
INFO: Run LocationTemplate Behavior [ RunTime:0.000879s ]
INFO: [ view_template ] --END-- [ RunTime:0.000962s ]
INFO: [ view_parse ] --START--
INFO: Run ParseTemplate Behavior [ RunTime:0.013668s ]
INFO: [ view_parse ] --END-- [ RunTime:0.013749s ]
INFO: [ view_filter ] --START--
INFO: Run ContentReplace Behavior [ RunTime:0.000578s ]
INFO: Run TokenBuild Behavior [ RunTime:0.000507s ]
INFO: Run WriteHtmlCache Behavior [ RunTime:0.000372s ]
INFO: Run ShowRuntime Behavior [ RunTime:0.000576s ]
INFO: [ view_filter ] --END-- [ RunTime:0.002191s ]
INFO: [ view_end ] --START--
INFO: Run ShowPageTrace Behavior [ RunTime:0.000895s ]
INFO: [ view_end ] --END-- [ RunTime:0.000985s ]

[ 2013-05-30T11:45:06+08:00 ] 127.0.0.1 /todo/Schedule/showData?start=1367078400&end=1370102400&_=1369885503951
INFO: [ route_check ] --START--
INFO: Run CheckRoute Behavior [ RunTime:0.001005s ]
INFO: [ route_check ] --END-- [ RunTime:0.001130s ]
INFO: [ app_begin ] --START--
INFO: Run ReadHtmlCache Behavior [ RunTime:0.000803s ]
INFO: [ app_begin ] --END-- [ RunTime:0.000886s ]
SQL: SHOW COLUMNS FROM `schedule` [ RunTime:0.004885s ]
SQL: SELECT Schedule.*,project.name FROM `schedule` LEFT JOIN project on project.id=schedule.project_id WHERE ( `user_id` = 1 )  [ RunTime:0.001488s ]

[ 2013-05-30T11:45:06+08:00 ] 127.0.0.1 /todo/Project/myProject
INFO: [ route_check ] --START--
INFO: Run CheckRoute Behavior [ RunTime:0.001335s ]
INFO: [ route_check ] --END-- [ RunTime:0.001445s ]
INFO: [ app_begin ] --START--
INFO: Run ReadHtmlCache Behavior [ RunTime:0.000789s ]
INFO: [ app_begin ] --END-- [ RunTime:0.000863s ]
NOTIC: [2048] Declaration of ProjectAction::get() should be compatible with that of Action::get() H:\xampp\htdocs\todo\Lib\Action\ProjectAction.class.php 第 101 行.
SQL: SHOW COLUMNS FROM `project_partner` [ RunTime:0.003872s ]
SQL: SELECT * FROM `project_partner` LEFT JOIN project on project_partner.project_id=project.id WHERE ( `user_id` = 1 )  [ RunTime:0.001435s ]
SQL: SHOW COLUMNS FROM `user` [ RunTime:0.004459s ]
SQL: SELECT * FROM `user` WHERE ( `id` = null ) LIMIT 1   [ RunTime:0.001672s ]
SQL: SELECT * FROM `user` WHERE ( `id` = 2 ) LIMIT 1   [ RunTime:0.000325s ]
SQL: SELECT * FROM `user` WHERE ( `id` = null ) LIMIT 1   [ RunTime:0.000186s ]
SQL: SELECT * FROM `user` WHERE ( `id` = 1 ) LIMIT 1   [ RunTime:0.000225s ]
SQL: SHOW COLUMNS FROM `project` [ RunTime:0.004083s ]
SQL: SELECT * FROM `project` WHERE ( `id` NOT IN ('13','14') ) AND ( (manager_id=1 or director_id=1) )  [ RunTime:0.001746s ]

[ 2013-05-30T11:45:11+08:00 ] 127.0.0.1 /todo/Schedule/save
INFO: [ route_check ] --START--
INFO: Run CheckRoute Behavior [ RunTime:0.000859s ]
INFO: [ route_check ] --END-- [ RunTime:0.000956s ]
INFO: [ app_begin ] --START--
INFO: Run ReadHtmlCache Behavior [ RunTime:0.000602s ]
INFO: [ app_begin ] --END-- [ RunTime:0.000657s ]
SQL: SHOW COLUMNS FROM `schedule` [ RunTime:0.005226s ]
SQL: UPDATE `schedule` SET `project_id`=13,`desc`='',`start`='1367888400',`end`='1368003600',`subject`='22ssss',`mode`=0,`user_id`=1,`startdate`='05/07/2013',`enddate`='05/08/2013',`starttime`=0,`endtime`=2,`addr`=0 WHERE ( `id` = 21 ) [ RunTime:0.002108s ]

[ 2013-05-30T11:45:12+08:00 ] 127.0.0.1 /todo/Schedule/showData?start=1367078400&end=1370102400&_=1369885503952
INFO: [ route_check ] --START--
INFO: Run CheckRoute Behavior [ RunTime:0.001044s ]
INFO: [ route_check ] --END-- [ RunTime:0.001164s ]
INFO: [ app_begin ] --START--
INFO: Run ReadHtmlCache Behavior [ RunTime:0.000641s ]
INFO: [ app_begin ] --END-- [ RunTime:0.000695s ]
SQL: SHOW COLUMNS FROM `schedule` [ RunTime:0.005184s ]
SQL: SELECT Schedule.*,project.name FROM `schedule` LEFT JOIN project on project.id=schedule.project_id WHERE ( `user_id` = 1 )  [ RunTime:0.001482s ]

[ 2013-05-30T11:45:26+08:00 ] 127.0.0.1 /todo/Schedule/save
INFO: [ route_check ] --START--
INFO: Run CheckRoute Behavior [ RunTime:0.001044s ]
INFO: [ route_check ] --END-- [ RunTime:0.001168s ]
INFO: [ app_begin ] --START--
INFO: Run ReadHtmlCache Behavior [ RunTime:0.000698s ]
INFO: [ app_begin ] --END-- [ RunTime:0.000772s ]
SQL: SHOW COLUMNS FROM `schedule` [ RunTime:0.004370s ]
SQL: UPDATE `schedule` SET `project_id`=13,`desc`='',`start`='1367888400',`end`='1368003600',`subject`='22ssss',`mode`=0,`user_id`=1,`startdate`='05/07/2013',`enddate`='05/08/2013',`starttime`=0,`endtime`=2,`addr`=1 WHERE ( `id` = 21 ) [ RunTime:0.001202s ]

[ 2013-05-30T11:45:27+08:00 ] 127.0.0.1 /todo/Schedule/showData?start=1367078400&end=1370102400&_=1369885503953
INFO: [ route_check ] --START--
INFO: Run CheckRoute Behavior [ RunTime:0.001248s ]
INFO: [ route_check ] --END-- [ RunTime:0.003254s ]
INFO: [ app_begin ] --START--
INFO: Run ReadHtmlCache Behavior [ RunTime:0.001051s ]
INFO: [ app_begin ] --END-- [ RunTime:0.001126s ]
SQL: SHOW COLUMNS FROM `schedule` [ RunTime:0.008677s ]
SQL: SELECT Schedule.*,project.name FROM `schedule` LEFT JOIN project on project.id=schedule.project_id WHERE ( `user_id` = 1 )  [ RunTime:0.004044s ]

[ 2013-05-30T11:45:41+08:00 ] 127.0.0.1 /todo/Schedule/save
INFO: [ route_check ] --START--
INFO: Run CheckRoute Behavior [ RunTime:0.000806s ]
INFO: [ route_check ] --END-- [ RunTime:0.000892s ]
INFO: [ app_begin ] --START--
INFO: Run ReadHtmlCache Behavior [ RunTime:0.000577s ]
INFO: [ app_begin ] --END-- [ RunTime:0.000634s ]
SQL: SHOW COLUMNS FROM `schedule` [ RunTime:0.004318s ]
SQL: UPDATE `schedule` SET `project_id`=13,`desc`='',`start`='1367197200',`end`='1367226000',`subject`='111111',`mode`=0,`user_id`=1,`startdate`='04/29/2013',`enddate`='04/29/2013',`starttime`=0,`endtime`=2,`addr`=1 WHERE ( `id` = 20 ) [ RunTime:0.001593s ]

[ 2013-05-30T11:45:41+08:00 ] 127.0.0.1 /todo/Schedule/showData?start=1367078400&end=1370102400&_=1369885503954
INFO: [ route_check ] --START--
INFO: Run CheckRoute Behavior [ RunTime:0.001575s ]
INFO: [ route_check ] --END-- [ RunTime:0.001938s ]
INFO: [ app_begin ] --START--
INFO: Run ReadHtmlCache Behavior [ RunTime:0.000862s ]
INFO: [ app_begin ] --END-- [ RunTime:0.000959s ]
SQL: SHOW COLUMNS FROM `schedule` [ RunTime:0.004142s ]
SQL: SELECT Schedule.*,project.name FROM `schedule` LEFT JOIN project on project.id=schedule.project_id WHERE ( `user_id` = 1 )  [ RunTime:0.001810s ]

[ 2013-05-30T11:45:45+08:00 ] 127.0.0.1 /todo/Schedule/save
INFO: [ route_check ] --START--
INFO: Run CheckRoute Behavior [ RunTime:0.000812s ]
INFO: [ route_check ] --END-- [ RunTime:0.000899s ]
INFO: [ app_begin ] --START--
INFO: Run ReadHtmlCache Behavior [ RunTime:0.000566s ]
INFO: [ app_begin ] --END-- [ RunTime:0.000618s ]
SQL: SHOW COLUMNS FROM `schedule` [ RunTime:0.003778s ]
SQL: UPDATE `schedule` SET `project_id`=13,`desc`='',`start`='1367197200',`end`='1367226000',`subject`='111111',`mode`=0,`user_id`=1,`startdate`='04/29/2013',`enddate`='04/29/2013',`starttime`=0,`endtime`=2,`addr`=0 WHERE ( `id` = 20 ) [ RunTime:0.001978s ]

[ 2013-05-30T11:45:46+08:00 ] 127.0.0.1 /todo/Schedule/showData?start=1367078400&end=1370102400&_=1369885503955
INFO: [ route_check ] --START--
INFO: Run CheckRoute Behavior [ RunTime:0.000892s ]
INFO: [ route_check ] --END-- [ RunTime:0.000998s ]
INFO: [ app_begin ] --START--
INFO: Run ReadHtmlCache Behavior [ RunTime:0.000675s ]
INFO: [ app_begin ] --END-- [ RunTime:0.000741s ]
SQL: SHOW COLUMNS FROM `schedule` [ RunTime:0.005018s ]
SQL: SELECT Schedule.*,project.name FROM `schedule` LEFT JOIN project on project.id=schedule.project_id WHERE ( `user_id` = 1 )  [ RunTime:0.002689s ]

[ 2013-05-30T11:45:59+08:00 ] 127.0.0.1 /todo/Schedule/save
INFO: [ route_check ] --START--
INFO: Run CheckRoute Behavior [ RunTime:0.001001s ]
INFO: [ route_check ] --END-- [ RunTime:0.001116s ]
INFO: [ app_begin ] --START--
INFO: Run ReadHtmlCache Behavior [ RunTime:0.000758s ]
INFO: [ app_begin ] --END-- [ RunTime:0.000839s ]
SQL: SHOW COLUMNS FROM `schedule` [ RunTime:0.004463s ]
SQL: INSERT INTO `schedule` (`project_id`,`desc`,`start`,`end`,`subject`,`mode`,`user_id`,`startdate`,`enddate`,`starttime`,`endtime`,`addr`) VALUES (13,'','1368579600','1368608400','sadsad',0,1,'05/15/2013','05/15/2013',0,2,0) [ RunTime:0.001115s ]

[ 2013-05-30T11:45:59+08:00 ] 127.0.0.1 /todo/Schedule/showData?start=1367078400&end=1370102400&_=1369885503956
INFO: [ route_check ] --START--
INFO: Run CheckRoute Behavior [ RunTime:0.000925s ]
INFO: [ route_check ] --END-- [ RunTime:0.001024s ]
INFO: [ app_begin ] --START--
INFO: Run ReadHtmlCache Behavior [ RunTime:0.000587s ]
INFO: [ app_begin ] --END-- [ RunTime:0.000642s ]
SQL: SHOW COLUMNS FROM `schedule` [ RunTime:0.004784s ]
SQL: SELECT Schedule.*,project.name FROM `schedule` LEFT JOIN project on project.id=schedule.project_id WHERE ( `user_id` = 1 )  [ RunTime:0.001387s ]

[ 2013-05-30T11:46:25+08:00 ] 127.0.0.1 /todo/Schedule/save
INFO: [ route_check ] --START--
INFO: Run CheckRoute Behavior [ RunTime:0.000913s ]
INFO: [ route_check ] --END-- [ RunTime:0.001008s ]
INFO: [ app_begin ] --START--
INFO: Run ReadHtmlCache Behavior [ RunTime:0.000584s ]
INFO: [ app_begin ] --END-- [ RunTime:0.000636s ]
SQL: SHOW COLUMNS FROM `schedule` [ RunTime:0.004156s ]
SQL: UPDATE `schedule` SET `project_id`=13,`desc`='',`start`='1367888400',`end`='1368003600',`subject`='22ssss',`mode`=0,`user_id`=1,`startdate`='05/07/2013',`enddate`='05/08/2013',`starttime`=0,`endtime`=2,`addr`=1 WHERE ( `id` = 21 ) [ RunTime:0.001216s ]

[ 2013-05-30T11:48:35+08:00 ] 127.0.0.1 /todo/Schedule/index
INFO: [ route_check ] --START--
INFO: Run CheckRoute Behavior [ RunTime:0.001093s ]
INFO: [ route_check ] --END-- [ RunTime:0.001200s ]
INFO: [ app_begin ] --START--
INFO: Run ReadHtmlCache Behavior [ RunTime:0.000886s ]
INFO: [ app_begin ] --END-- [ RunTime:0.000962s ]
INFO: [ view_template ] --START--
INFO: Run LocationTemplate Behavior [ RunTime:0.000752s ]
INFO: [ view_template ] --END-- [ RunTime:0.000821s ]
INFO: [ view_parse ] --START--
INFO: Run ParseTemplate Behavior [ RunTime:0.013383s ]
INFO: [ view_parse ] --END-- [ RunTime:0.013469s ]
INFO: [ view_filter ] --START--
INFO: Run ContentReplace Behavior [ RunTime:0.000607s ]
INFO: Run TokenBuild Behavior [ RunTime:0.000492s ]
INFO: Run WriteHtmlCache Behavior [ RunTime:0.000400s ]
INFO: Run ShowRuntime Behavior [ RunTime:0.000621s ]
INFO: [ view_filter ] --END-- [ RunTime:0.002284s ]
INFO: [ view_end ] --START--
INFO: Run ShowPageTrace Behavior [ RunTime:0.000820s ]
INFO: [ view_end ] --END-- [ RunTime:0.000893s ]

[ 2013-05-30T11:48:38+08:00 ] 127.0.0.1 /todo/Project/myProject
INFO: [ route_check ] --START--
INFO: Run CheckRoute Behavior [ RunTime:0.001046s ]
INFO: [ route_check ] --END-- [ RunTime:0.001145s ]
INFO: [ app_begin ] --START--
INFO: Run ReadHtmlCache Behavior [ RunTime:0.000968s ]
INFO: [ app_begin ] --END-- [ RunTime:0.001068s ]
NOTIC: [2048] Declaration of ProjectAction::get() should be compatible with that of Action::get() H:\xampp\htdocs\todo\Lib\Action\ProjectAction.class.php 第 101 行.
SQL: SHOW COLUMNS FROM `project_partner` [ RunTime:0.005521s ]
SQL: SELECT * FROM `project_partner` LEFT JOIN project on project_partner.project_id=project.id WHERE ( `user_id` = 1 )  [ RunTime:0.003118s ]
SQL: SHOW COLUMNS FROM `user` [ RunTime:0.005484s ]
SQL: SELECT * FROM `user` WHERE ( `id` = null ) LIMIT 1   [ RunTime:0.001576s ]
SQL: SELECT * FROM `user` WHERE ( `id` = 2 ) LIMIT 1   [ RunTime:0.000327s ]
SQL: SELECT * FROM `user` WHERE ( `id` = null ) LIMIT 1   [ RunTime:0.000191s ]
SQL: SELECT * FROM `user` WHERE ( `id` = 1 ) LIMIT 1   [ RunTime:0.000237s ]
SQL: SHOW COLUMNS FROM `project` [ RunTime:0.004272s ]
SQL: SELECT * FROM `project` WHERE ( `id` NOT IN ('13','14') ) AND ( (manager_id=1 or director_id=1) )  [ RunTime:0.001425s ]

[ 2013-05-30T11:48:38+08:00 ] 127.0.0.1 /todo/Schedule/showData?start=1367078400&end=1370102400&_=1369885715976
INFO: [ route_check ] --START--
INFO: Run CheckRoute Behavior [ RunTime:0.001102s ]
INFO: [ route_check ] --END-- [ RunTime:0.001207s ]
INFO: [ app_begin ] --START--
INFO: Run ReadHtmlCache Behavior [ RunTime:0.001082s ]
INFO: [ app_begin ] --END-- [ RunTime:0.001188s ]
SQL: SHOW COLUMNS FROM `schedule` [ RunTime:0.005771s ]
SQL: SELECT Schedule.*,project.name FROM `schedule` LEFT JOIN project on project.id=schedule.project_id WHERE ( `user_id` = 1 )  [ RunTime:0.001845s ]

[ 2013-05-30T11:50:40+08:00 ] 127.0.0.1 /todo/Schedule/index
INFO: [ route_check ] --START--
INFO: Run CheckRoute Behavior [ RunTime:0.001425s ]
INFO: [ route_check ] --END-- [ RunTime:0.001544s ]
INFO: [ app_begin ] --START--
INFO: Run ReadHtmlCache Behavior [ RunTime:0.000703s ]
INFO: [ app_begin ] --END-- [ RunTime:0.000772s ]
INFO: [ view_template ] --START--
INFO: Run LocationTemplate Behavior [ RunTime:0.000818s ]
INFO: [ view_template ] --END-- [ RunTime:0.001018s ]
INFO: [ view_parse ] --START--
INFO: Run ParseTemplate Behavior [ RunTime:0.014388s ]
INFO: [ view_parse ] --END-- [ RunTime:0.014481s ]
INFO: [ view_filter ] --START--
INFO: Run ContentReplace Behavior [ RunTime:0.000667s ]
INFO: Run TokenBuild Behavior [ RunTime:0.000691s ]
INFO: Run WriteHtmlCache Behavior [ RunTime:0.000423s ]
INFO: Run ShowRuntime Behavior [ RunTime:0.000576s ]
INFO: [ view_filter ] --END-- [ RunTime:0.002535s ]
INFO: [ view_end ] --START--
INFO: Run ShowPageTrace Behavior [ RunTime:0.000706s ]
INFO: [ view_end ] --END-- [ RunTime:0.000763s ]

[ 2013-05-30T11:50:43+08:00 ] 127.0.0.1 /todo/Schedule/showData?start=1367078400&end=1370102400&_=1369885841066
INFO: [ route_check ] --START--
INFO: Run CheckRoute Behavior [ RunTime:0.001385s ]
INFO: [ route_check ] --END-- [ RunTime:0.001504s ]
INFO: [ app_begin ] --START--
INFO: Run ReadHtmlCache Behavior [ RunTime:0.000861s ]
INFO: [ app_begin ] --END-- [ RunTime:0.000938s ]
SQL: SHOW COLUMNS FROM `schedule` [ RunTime:0.004255s ]
SQL: SELECT Schedule.*,project.name FROM `schedule` LEFT JOIN project on project.id=schedule.project_id WHERE ( `user_id` = 1 )  [ RunTime:0.001739s ]

[ 2013-05-30T11:50:43+08:00 ] 127.0.0.1 /todo/Project/myProject
INFO: [ route_check ] --START--
INFO: Run CheckRoute Behavior [ RunTime:0.001171s ]
INFO: [ route_check ] --END-- [ RunTime:0.001268s ]
INFO: [ app_begin ] --START--
INFO: Run ReadHtmlCache Behavior [ RunTime:0.000729s ]
INFO: [ app_begin ] --END-- [ RunTime:0.000790s ]
NOTIC: [2048] Declaration of ProjectAction::get() should be compatible with that of Action::get() H:\xampp\htdocs\todo\Lib\Action\ProjectAction.class.php 第 101 行.
SQL: SHOW COLUMNS FROM `project_partner` [ RunTime:0.003837s ]
SQL: SELECT * FROM `project_partner` LEFT JOIN project on project_partner.project_id=project.id WHERE ( `user_id` = 1 )  [ RunTime:0.001334s ]
SQL: SHOW COLUMNS FROM `user` [ RunTime:0.003668s ]
SQL: SELECT * FROM `user` WHERE ( `id` = null ) LIMIT 1   [ RunTime:0.001500s ]
SQL: SELECT * FROM `user` WHERE ( `id` = 2 ) LIMIT 1   [ RunTime:0.000289s ]
SQL: SELECT * FROM `user` WHERE ( `id` = null ) LIMIT 1   [ RunTime:0.000193s ]
SQL: SELECT * FROM `user` WHERE ( `id` = 1 ) LIMIT 1   [ RunTime:0.000205s ]
SQL: SHOW COLUMNS FROM `project` [ RunTime:0.004129s ]
SQL: SELECT * FROM `project` WHERE ( `id` NOT IN ('13','14') ) AND ( (manager_id=1 or director_id=1) )  [ RunTime:0.002087s ]

[ 2013-05-30T11:53:51+08:00 ] 127.0.0.1 /todo/Schedule/index
INFO: [ route_check ] --START--
INFO: Run CheckRoute Behavior [ RunTime:0.001214s ]
INFO: [ route_check ] --END-- [ RunTime:0.001341s ]
INFO: [ app_begin ] --START--
INFO: Run ReadHtmlCache Behavior [ RunTime:0.000958s ]
INFO: [ app_begin ] --END-- [ RunTime:0.001074s ]
INFO: [ view_template ] --START--
INFO: Run LocationTemplate Behavior [ RunTime:0.001061s ]
INFO: [ view_template ] --END-- [ RunTime:0.001186s ]
INFO: [ view_parse ] --START--
INFO: Run ParseTemplate Behavior [ RunTime:0.014238s ]
INFO: [ view_parse ] --END-- [ RunTime:0.014322s ]
INFO: [ view_filter ] --START--
INFO: Run ContentReplace Behavior [ RunTime:0.000614s ]
INFO: Run TokenBuild Behavior [ RunTime:0.000523s ]
INFO: Run WriteHtmlCache Behavior [ RunTime:0.000436s ]
INFO: Run ShowRuntime Behavior [ RunTime:0.000576s ]
INFO: [ view_filter ] --END-- [ RunTime:0.002324s ]
INFO: [ view_end ] --START--
INFO: Run ShowPageTrace Behavior [ RunTime:0.000709s ]
INFO: [ view_end ] --END-- [ RunTime:0.000768s ]

[ 2013-05-30T11:53:55+08:00 ] 127.0.0.1 /todo/Project/myProject
INFO: [ route_check ] --START--
INFO: Run CheckRoute Behavior [ RunTime:0.001201s ]
INFO: [ route_check ] --END-- [ RunTime:0.001308s ]
INFO: [ app_begin ] --START--
INFO: Run ReadHtmlCache Behavior [ RunTime:0.000824s ]
INFO: [ app_begin ] --END-- [ RunTime:0.000896s ]
NOTIC: [2048] Declaration of ProjectAction::get() should be compatible with that of Action::get() H:\xampp\htdocs\todo\Lib\Action\ProjectAction.class.php 第 101 行.
SQL: SHOW COLUMNS FROM `project_partner` [ RunTime:0.003840s ]
SQL: SELECT * FROM `project_partner` LEFT JOIN project on project_partner.project_id=project.id WHERE ( `user_id` = 1 )  [ RunTime:0.001653s ]
SQL: SHOW COLUMNS FROM `user` [ RunTime:0.003936s ]
SQL: SELECT * FROM `user` WHERE ( `id` = null ) LIMIT 1   [ RunTime:0.001717s ]
SQL: SELECT * FROM `user` WHERE ( `id` = 2 ) LIMIT 1   [ RunTime:0.000280s ]
SQL: SELECT * FROM `user` WHERE ( `id` = null ) LIMIT 1   [ RunTime:0.000213s ]
SQL: SELECT * FROM `user` WHERE ( `id` = 1 ) LIMIT 1   [ RunTime:0.000341s ]
SQL: SHOW COLUMNS FROM `project` [ RunTime:0.004006s ]
SQL: SELECT * FROM `project` WHERE ( `id` NOT IN ('13','14') ) AND ( (manager_id=1 or director_id=1) )  [ RunTime:0.001688s ]

[ 2013-05-30T11:53:55+08:00 ] 127.0.0.1 /todo/Schedule/showData?start=1367078400&end=1370102400&_=1369886032589
INFO: [ route_check ] --START--
INFO: Run CheckRoute Behavior [ RunTime:0.001189s ]
INFO: [ route_check ] --END-- [ RunTime:0.001473s ]
INFO: [ app_begin ] --START--
INFO: Run ReadHtmlCache Behavior [ RunTime:0.000826s ]
INFO: [ app_begin ] --END-- [ RunTime:0.000941s ]
SQL: SHOW COLUMNS FROM `schedule` [ RunTime:0.003859s ]
SQL: SELECT Schedule.*,project.name FROM `schedule` LEFT JOIN project on project.id=schedule.project_id WHERE ( `user_id` = 1 )  [ RunTime:0.001773s ]

[ 2013-05-30T11:54:46+08:00 ] 127.0.0.1 /todo/Schedule/index
INFO: [ route_check ] --START--
INFO: Run CheckRoute Behavior [ RunTime:0.001033s ]
INFO: [ route_check ] --END-- [ RunTime:0.001122s ]
INFO: [ app_begin ] --START--
INFO: Run ReadHtmlCache Behavior [ RunTime:0.000668s ]
INFO: [ app_begin ] --END-- [ RunTime:0.000740s ]
INFO: [ view_template ] --START--
INFO: Run LocationTemplate Behavior [ RunTime:0.000748s ]
INFO: [ view_template ] --END-- [ RunTime:0.000824s ]
INFO: [ view_parse ] --START--
INFO: Run ParseTemplate Behavior [ RunTime:0.013947s ]
INFO: [ view_parse ] --END-- [ RunTime:0.014042s ]
INFO: [ view_filter ] --START--
INFO: Run ContentReplace Behavior [ RunTime:0.000621s ]
INFO: Run TokenBuild Behavior [ RunTime:0.000498s ]
INFO: Run WriteHtmlCache Behavior [ RunTime:0.000374s ]
INFO: Run ShowRuntime Behavior [ RunTime:0.000552s ]
INFO: [ view_filter ] --END-- [ RunTime:0.002207s ]
INFO: [ view_end ] --START--
INFO: Run ShowPageTrace Behavior [ RunTime:0.000682s ]
INFO: [ view_end ] --END-- [ RunTime:0.000738s ]

[ 2013-05-30T11:54:49+08:00 ] 127.0.0.1 /todo/Project/myProject
INFO: [ route_check ] --START--
INFO: Run CheckRoute Behavior [ RunTime:0.000947s ]
INFO: [ route_check ] --END-- [ RunTime:0.001058s ]
INFO: [ app_begin ] --START--
INFO: Run ReadHtmlCache Behavior [ RunTime:0.000802s ]
INFO: [ app_begin ] --END-- [ RunTime:0.000877s ]
NOTIC: [2048] Declaration of ProjectAction::get() should be compatible with that of Action::get() H:\xampp\htdocs\todo\Lib\Action\ProjectAction.class.php 第 101 行.
SQL: SHOW COLUMNS FROM `project_partner` [ RunTime:0.003934s ]
SQL: SELECT * FROM `project_partner` LEFT JOIN project on project_partner.project_id=project.id WHERE ( `user_id` = 1 )  [ RunTime:0.001389s ]
SQL: SHOW COLUMNS FROM `user` [ RunTime:0.003663s ]
SQL: SELECT * FROM `user` WHERE ( `id` = null ) LIMIT 1   [ RunTime:0.001420s ]
SQL: SELECT * FROM `user` WHERE ( `id` = 2 ) LIMIT 1   [ RunTime:0.000283s ]
SQL: SELECT * FROM `user` WHERE ( `id` = null ) LIMIT 1   [ RunTime:0.000181s ]
SQL: SELECT * FROM `user` WHERE ( `id` = 1 ) LIMIT 1   [ RunTime:0.000196s ]
SQL: SHOW COLUMNS FROM `project` [ RunTime:0.003717s ]
SQL: SELECT * FROM `project` WHERE ( `id` NOT IN ('13','14') ) AND ( (manager_id=1 or director_id=1) )  [ RunTime:0.001706s ]

[ 2013-05-30T11:54:49+08:00 ] 127.0.0.1 /todo/Schedule/showData?start=1367078400&end=1370102400&_=1369886086989
INFO: [ route_check ] --START--
INFO: Run CheckRoute Behavior [ RunTime:0.001517s ]
INFO: [ route_check ] --END-- [ RunTime:0.001693s ]
INFO: [ app_begin ] --START--
INFO: Run ReadHtmlCache Behavior [ RunTime:0.000797s ]
INFO: [ app_begin ] --END-- [ RunTime:0.000878s ]
SQL: SHOW COLUMNS FROM `schedule` [ RunTime:0.004603s ]
SQL: SELECT Schedule.*,project.name FROM `schedule` LEFT JOIN project on project.id=schedule.project_id WHERE ( `user_id` = 1 )  [ RunTime:0.002055s ]

[ 2013-05-30T11:56:04+08:00 ] 127.0.0.1 /todo/Schedule/index
INFO: [ route_check ] --START--
INFO: Run CheckRoute Behavior [ RunTime:0.001126s ]
INFO: [ route_check ] --END-- [ RunTime:0.001231s ]
INFO: [ app_begin ] --START--
INFO: Run ReadHtmlCache Behavior [ RunTime:0.000792s ]
INFO: [ app_begin ] --END-- [ RunTime:0.000877s ]
INFO: [ view_template ] --START--
INFO: Run LocationTemplate Behavior [ RunTime:0.000764s ]
INFO: [ view_template ] --END-- [ RunTime:0.000849s ]
INFO: [ view_parse ] --START--
INFO: Run ParseTemplate Behavior [ RunTime:0.013213s ]
INFO: [ view_parse ] --END-- [ RunTime:0.013302s ]
INFO: [ view_filter ] --START--
INFO: Run ContentReplace Behavior [ RunTime:0.000603s ]
INFO: Run TokenBuild Behavior [ RunTime:0.000501s ]
INFO: Run WriteHtmlCache Behavior [ RunTime:0.000375s ]
INFO: Run ShowRuntime Behavior [ RunTime:0.000687s ]
INFO: [ view_filter ] --END-- [ RunTime:0.002343s ]
INFO: [ view_end ] --START--
INFO: Run ShowPageTrace Behavior [ RunTime:0.000898s ]
INFO: [ view_end ] --END-- [ RunTime:0.000968s ]

[ 2013-05-30T11:56:08+08:00 ] 127.0.0.1 /todo/Schedule/showData?start=1367078400&end=1370102400&_=1369886165657
INFO: [ route_check ] --START--
INFO: Run CheckRoute Behavior [ RunTime:0.001050s ]
INFO: [ route_check ] --END-- [ RunTime:0.001146s ]
INFO: [ app_begin ] --START--
INFO: Run ReadHtmlCache Behavior [ RunTime:0.000701s ]
INFO: [ app_begin ] --END-- [ RunTime:0.000764s ]
SQL: SHOW COLUMNS FROM `schedule` [ RunTime:0.004657s ]
SQL: SELECT Schedule.*,project.name FROM `schedule` LEFT JOIN project on project.id=schedule.project_id WHERE ( `user_id` = 1 )  [ RunTime:0.001627s ]

[ 2013-05-30T11:56:08+08:00 ] 127.0.0.1 /todo/Project/myProject
INFO: [ route_check ] --START--
INFO: Run CheckRoute Behavior [ RunTime:0.000815s ]
INFO: [ route_check ] --END-- [ RunTime:0.000896s ]
INFO: [ app_begin ] --START--
INFO: Run ReadHtmlCache Behavior [ RunTime:0.000634s ]
INFO: [ app_begin ] --END-- [ RunTime:0.000714s ]
NOTIC: [2048] Declaration of ProjectAction::get() should be compatible with that of Action::get() H:\xampp\htdocs\todo\Lib\Action\ProjectAction.class.php 第 101 行.
SQL: SHOW COLUMNS FROM `project_partner` [ RunTime:0.004179s ]
SQL: SELECT * FROM `project_partner` LEFT JOIN project on project_partner.project_id=project.id WHERE ( `user_id` = 1 )  [ RunTime:0.001711s ]
SQL: SHOW COLUMNS FROM `user` [ RunTime:0.004047s ]
SQL: SELECT * FROM `user` WHERE ( `id` = null ) LIMIT 1   [ RunTime:0.001602s ]
SQL: SELECT * FROM `user` WHERE ( `id` = 2 ) LIMIT 1   [ RunTime:0.000379s ]
SQL: SELECT * FROM `user` WHERE ( `id` = null ) LIMIT 1   [ RunTime:0.000178s ]
SQL: SELECT * FROM `user` WHERE ( `id` = 1 ) LIMIT 1   [ RunTime:0.000209s ]
SQL: SHOW COLUMNS FROM `project` [ RunTime:0.004170s ]
SQL: SELECT * FROM `project` WHERE ( `id` NOT IN ('13','14') ) AND ( (manager_id=1 or director_id=1) )  [ RunTime:0.001862s ]

[ 2013-05-30T11:57:05+08:00 ] 127.0.0.1 /todo/Schedule/index
INFO: [ route_check ] --START--
INFO: Run CheckRoute Behavior [ RunTime:0.001124s ]
INFO: [ route_check ] --END-- [ RunTime:0.001233s ]
INFO: [ app_begin ] --START--
INFO: Run ReadHtmlCache Behavior [ RunTime:0.000659s ]
INFO: [ app_begin ] --END-- [ RunTime:0.000722s ]
INFO: [ view_template ] --START--
INFO: Run LocationTemplate Behavior [ RunTime:0.000931s ]
INFO: [ view_template ] --END-- [ RunTime:0.001017s ]
INFO: [ view_parse ] --START--
INFO: Run ParseTemplate Behavior [ RunTime:0.013473s ]
INFO: [ view_parse ] --END-- [ RunTime:0.013573s ]
INFO: [ view_filter ] --START--
INFO: Run ContentReplace Behavior [ RunTime:0.000632s ]
INFO: Run TokenBuild Behavior [ RunTime:0.000516s ]
INFO: Run WriteHtmlCache Behavior [ RunTime:0.000376s ]
INFO: Run ShowRuntime Behavior [ RunTime:0.000556s ]
INFO: [ view_filter ] --END-- [ RunTime:0.002248s ]
INFO: [ view_end ] --START--
INFO: Run ShowPageTrace Behavior [ RunTime:0.000853s ]
INFO: [ view_end ] --END-- [ RunTime:0.000926s ]

[ 2013-05-30T11:57:09+08:00 ] 127.0.0.1 /todo/Schedule/showData?start=1367078400&end=1370102400&_=1369886226836
INFO: [ route_check ] --START--
INFO: Run CheckRoute Behavior [ RunTime:0.001127s ]
INFO: [ route_check ] --END-- [ RunTime:0.001228s ]
INFO: [ app_begin ] --START--
INFO: Run ReadHtmlCache Behavior [ RunTime:0.000708s ]
INFO: [ app_begin ] --END-- [ RunTime:0.000787s ]
SQL: SHOW COLUMNS FROM `schedule` [ RunTime:0.004772s ]
SQL: SELECT Schedule.*,project.name FROM `schedule` LEFT JOIN project on project.id=schedule.project_id WHERE ( `user_id` = 1 )  [ RunTime:0.001614s ]

[ 2013-05-30T11:57:09+08:00 ] 127.0.0.1 /todo/Project/myProject
INFO: [ route_check ] --START--
INFO: Run CheckRoute Behavior [ RunTime:0.001404s ]
INFO: [ route_check ] --END-- [ RunTime:0.001553s ]
INFO: [ app_begin ] --START--
INFO: Run ReadHtmlCache Behavior [ RunTime:0.000764s ]
INFO: [ app_begin ] --END-- [ RunTime:0.000840s ]
NOTIC: [2048] Declaration of ProjectAction::get() should be compatible with that of Action::get() H:\xampp\htdocs\todo\Lib\Action\ProjectAction.class.php 第 101 行.
SQL: SHOW COLUMNS FROM `project_partner` [ RunTime:0.004246s ]
SQL: SELECT * FROM `project_partner` LEFT JOIN project on project_partner.project_id=project.id WHERE ( `user_id` = 1 )  [ RunTime:0.001717s ]
SQL: SHOW COLUMNS FROM `user` [ RunTime:0.004059s ]
SQL: SELECT * FROM `user` WHERE ( `id` = null ) LIMIT 1   [ RunTime:0.001487s ]
SQL: SELECT * FROM `user` WHERE ( `id` = 2 ) LIMIT 1   [ RunTime:0.000252s ]
SQL: SELECT * FROM `user` WHERE ( `id` = null ) LIMIT 1   [ RunTime:0.000169s ]
SQL: SELECT * FROM `user` WHERE ( `id` = 1 ) LIMIT 1   [ RunTime:0.000190s ]
SQL: SHOW COLUMNS FROM `project` [ RunTime:0.003901s ]
SQL: SELECT * FROM `project` WHERE ( `id` NOT IN ('13','14') ) AND ( (manager_id=1 or director_id=1) )  [ RunTime:0.001673s ]

[ 2013-05-30T11:58:13+08:00 ] 127.0.0.1 /todo/Schedule/index
INFO: [ route_check ] --START--
INFO: Run CheckRoute Behavior [ RunTime:0.001113s ]
INFO: [ route_check ] --END-- [ RunTime:0.001216s ]
INFO: [ app_begin ] --START--
INFO: Run ReadHtmlCache Behavior [ RunTime:0.000685s ]
INFO: [ app_begin ] --END-- [ RunTime:0.000750s ]
INFO: [ view_template ] --START--
INFO: Run LocationTemplate Behavior [ RunTime:0.000794s ]
INFO: [ view_template ] --END-- [ RunTime:0.000872s ]
INFO: [ view_parse ] --START--
INFO: Run ParseTemplate Behavior [ RunTime:0.014783s ]
INFO: [ view_parse ] --END-- [ RunTime:0.014873s ]
INFO: [ view_filter ] --START--
INFO: Run ContentReplace Behavior [ RunTime:0.000643s ]
INFO: Run TokenBuild Behavior [ RunTime:0.000614s ]
INFO: Run WriteHtmlCache Behavior [ RunTime:0.000408s ]
INFO: Run ShowRuntime Behavior [ RunTime:0.000580s ]
INFO: [ view_filter ] --END-- [ RunTime:0.002428s ]
INFO: [ view_end ] --START--
INFO: Run ShowPageTrace Behavior [ RunTime:0.000762s ]
INFO: [ view_end ] --END-- [ RunTime:0.000839s ]

[ 2013-05-30T11:58:16+08:00 ] 127.0.0.1 /todo/Project/myProject
INFO: [ route_check ] --START--
INFO: Run CheckRoute Behavior [ RunTime:0.000979s ]
INFO: [ route_check ] --END-- [ RunTime:0.001086s ]
INFO: [ app_begin ] --START--
INFO: Run ReadHtmlCache Behavior [ RunTime:0.000640s ]
INFO: [ app_begin ] --END-- [ RunTime:0.000697s ]
NOTIC: [2048] Declaration of ProjectAction::get() should be compatible with that of Action::get() H:\xampp\htdocs\todo\Lib\Action\ProjectAction.class.php 第 101 行.
SQL: SHOW COLUMNS FROM `project_partner` [ RunTime:0.003997s ]
SQL: SELECT * FROM `project_partner` LEFT JOIN project on project_partner.project_id=project.id WHERE ( `user_id` = 1 )  [ RunTime:0.001778s ]
SQL: SHOW COLUMNS FROM `user` [ RunTime:0.004420s ]
SQL: SELECT * FROM `user` WHERE ( `id` = null ) LIMIT 1   [ RunTime:0.002008s ]
SQL: SELECT * FROM `user` WHERE ( `id` = 2 ) LIMIT 1   [ RunTime:0.000521s ]
SQL: SELECT * FROM `user` WHERE ( `id` = null ) LIMIT 1   [ RunTime:0.000213s ]
SQL: SELECT * FROM `user` WHERE ( `id` = 1 ) LIMIT 1   [ RunTime:0.000214s ]
SQL: SHOW COLUMNS FROM `project` [ RunTime:0.004374s ]
SQL: SELECT * FROM `project` WHERE ( `id` NOT IN ('13','14') ) AND ( (manager_id=1 or director_id=1) )  [ RunTime:0.001608s ]

[ 2013-05-30T11:58:16+08:00 ] 127.0.0.1 /todo/Schedule/showData?start=1367078400&end=1370102400&_=1369886294217
INFO: [ route_check ] --START--
INFO: Run CheckRoute Behavior [ RunTime:0.001186s ]
INFO: [ route_check ] --END-- [ RunTime:0.001289s ]
INFO: [ app_begin ] --START--
INFO: Run ReadHtmlCache Behavior [ RunTime:0.000785s ]
INFO: [ app_begin ] --END-- [ RunTime:0.000858s ]
SQL: SHOW COLUMNS FROM `schedule` [ RunTime:0.004712s ]
SQL: SELECT Schedule.*,project.name FROM `schedule` LEFT JOIN project on project.id=schedule.project_id WHERE ( `user_id` = 1 )  [ RunTime:0.001626s ]

[ 2013-05-30T11:58:27+08:00 ] 127.0.0.1 /todo/Resource/myProject
INFO: [ route_check ] --START--
INFO: Run CheckRoute Behavior [ RunTime:0.000905s ]
INFO: [ route_check ] --END-- [ RunTime:0.001004s ]
INFO: [ app_begin ] --START--
INFO: Run ReadHtmlCache Behavior [ RunTime:0.000654s ]
INFO: [ app_begin ] --END-- [ RunTime:0.000780s ]
NOTIC: [2048] Declaration of ProjectAction::get() should be compatible with that of Action::get() H:\xampp\htdocs\todo\Lib\Action\ProjectAction.class.php 第 101 行.
SQL: SHOW COLUMNS FROM `project_partner` [ RunTime:0.003901s ]
SQL: SELECT * FROM `project_partner` LEFT JOIN project on project_partner.project_id=project.id WHERE ( `user_id` = 1 )  [ RunTime:0.001987s ]
SQL: SHOW COLUMNS FROM `user` [ RunTime:0.003731s ]
SQL: SELECT * FROM `user` WHERE ( `id` = null ) LIMIT 1   [ RunTime:0.001681s ]
SQL: SELECT * FROM `user` WHERE ( `id` = 2 ) LIMIT 1   [ RunTime:0.000449s ]
SQL: SELECT * FROM `user` WHERE ( `id` = null ) LIMIT 1   [ RunTime:0.000234s ]
SQL: SELECT * FROM `user` WHERE ( `id` = 1 ) LIMIT 1   [ RunTime:0.000218s ]
SQL: SHOW COLUMNS FROM `project` [ RunTime:0.004034s ]
SQL: SELECT * FROM `project` WHERE ( `id` NOT IN ('13','14') ) AND ( (manager_id=1 or director_id=1) )  [ RunTime:0.001831s ]
SQL: SELECT `id`,`name` FROM `user`  [ RunTime:0.000432s ]
INFO: [ view_template ] --START--
INFO: Run LocationTemplate Behavior [ RunTime:0.001199s ]
INFO: [ view_template ] --END-- [ RunTime:0.001292s ]
INFO: [ view_parse ] --START--
NOTIC: [8] Undefined variable: title H:\xampp\htdocs\todo\Runtime\Cache\a19de344503fc8e15679fa7876be14ac.php 第 5 行.
INFO: Run ParseTemplate Behavior [ RunTime:0.031252s ]
INFO: [ view_parse ] --END-- [ RunTime:0.031324s ]
INFO: [ view_filter ] --START--
INFO: Run ContentReplace Behavior [ RunTime:0.000655s ]
INFO: Run TokenBuild Behavior [ RunTime:0.000576s ]
INFO: Run WriteHtmlCache Behavior [ RunTime:0.000491s ]
INFO: Run ShowRuntime Behavior [ RunTime:0.000972s ]
INFO: [ view_filter ] --END-- [ RunTime:0.002929s ]
INFO: [ view_end ] --START--
INFO: Run ShowPageTrace Behavior [ RunTime:0.000891s ]
INFO: [ view_end ] --END-- [ RunTime:0.000979s ]

[ 2013-05-30T11:58:31+08:00 ] 127.0.0.1 /todo/Project/get?pid=14
INFO: [ route_check ] --START--
INFO: Run CheckRoute Behavior [ RunTime:0.000906s ]
INFO: [ route_check ] --END-- [ RunTime:0.001014s ]
INFO: [ app_begin ] --START--
INFO: Run ReadHtmlCache Behavior [ RunTime:0.000634s ]
INFO: [ app_begin ] --END-- [ RunTime:0.000694s ]
NOTIC: [2048] Declaration of ProjectAction::get() should be compatible with that of Action::get() H:\xampp\htdocs\todo\Lib\Action\ProjectAction.class.php 第 101 行.
SQL: SHOW COLUMNS FROM `project` [ RunTime:0.004234s ]
SQL: SELECT * FROM `project` WHERE ( id=14 ) LIMIT 1   [ RunTime:0.001416s ]
SQL: SHOW COLUMNS FROM `project_partner` [ RunTime:0.005007s ]
SQL: SELECT `user_id` FROM `project_partner` WHERE ( project_id=14 )  [ RunTime:0.001168s ]

[ 2013-05-30T11:58:45+08:00 ] 127.0.0.1 /todo/Schedule/index
INFO: [ route_check ] --START--
INFO: Run CheckRoute Behavior [ RunTime:0.000837s ]
INFO: [ route_check ] --END-- [ RunTime:0.000928s ]
INFO: [ app_begin ] --START--
INFO: Run ReadHtmlCache Behavior [ RunTime:0.000567s ]
INFO: [ app_begin ] --END-- [ RunTime:0.000628s ]
INFO: [ view_template ] --START--
INFO: Run LocationTemplate Behavior [ RunTime:0.000621s ]
INFO: [ view_template ] --END-- [ RunTime:0.000694s ]
INFO: [ view_parse ] --START--
INFO: Run ParseTemplate Behavior [ RunTime:0.012902s ]
INFO: [ view_parse ] --END-- [ RunTime:0.012995s ]
INFO: [ view_filter ] --START--
INFO: Run ContentReplace Behavior [ RunTime:0.000553s ]
INFO: Run TokenBuild Behavior [ RunTime:0.000559s ]
INFO: Run WriteHtmlCache Behavior [ RunTime:0.000404s ]
INFO: Run ShowRuntime Behavior [ RunTime:0.000625s ]
INFO: [ view_filter ] --END-- [ RunTime:0.002346s ]
INFO: [ view_end ] --START--
INFO: Run ShowPageTrace Behavior [ RunTime:0.000824s ]
INFO: [ view_end ] --END-- [ RunTime:0.000897s ]

[ 2013-05-30T11:58:48+08:00 ] 127.0.0.1 /todo/Schedule/showData?start=1367078400&end=1370102400&_=1369886326349
INFO: [ route_check ] --START--
INFO: Run CheckRoute Behavior [ RunTime:0.001077s ]
INFO: [ route_check ] --END-- [ RunTime:0.001201s ]
INFO: [ app_begin ] --START--
INFO: Run ReadHtmlCache Behavior [ RunTime:0.000724s ]
INFO: [ app_begin ] --END-- [ RunTime:0.000785s ]
SQL: SHOW COLUMNS FROM `schedule` [ RunTime:0.006085s ]
SQL: SELECT Schedule.*,project.name FROM `schedule` LEFT JOIN project on project.id=schedule.project_id WHERE ( `user_id` = 1 )  [ RunTime:0.002507s ]

[ 2013-05-30T11:58:48+08:00 ] 127.0.0.1 /todo/Project/myProject
INFO: [ route_check ] --START--
INFO: Run CheckRoute Behavior [ RunTime:0.000918s ]
INFO: [ route_check ] --END-- [ RunTime:0.001012s ]
INFO: [ app_begin ] --START--
INFO: Run ReadHtmlCache Behavior [ RunTime:0.000620s ]
INFO: [ app_begin ] --END-- [ RunTime:0.000687s ]
NOTIC: [2048] Declaration of ProjectAction::get() should be compatible with that of Action::get() H:\xampp\htdocs\todo\Lib\Action\ProjectAction.class.php 第 101 行.
SQL: SHOW COLUMNS FROM `project_partner` [ RunTime:0.003595s ]
SQL: SELECT * FROM `project_partner` LEFT JOIN project on project_partner.project_id=project.id WHERE ( `user_id` = 1 )  [ RunTime:0.001749s ]
SQL: SHOW COLUMNS FROM `user` [ RunTime:0.004618s ]
SQL: SELECT * FROM `user` WHERE ( `id` = null ) LIMIT 1   [ RunTime:0.001840s ]
SQL: SELECT * FROM `user` WHERE ( `id` = 2 ) LIMIT 1   [ RunTime:0.000423s ]
SQL: SELECT * FROM `user` WHERE ( `id` = null ) LIMIT 1   [ RunTime:0.000450s ]
SQL: SELECT * FROM `user` WHERE ( `id` = 1 ) LIMIT 1   [ RunTime:0.000409s ]
SQL: SHOW COLUMNS FROM `project` [ RunTime:0.004223s ]
SQL: SELECT * FROM `project` WHERE ( `id` NOT IN ('13','14') ) AND ( (manager_id=1 or director_id=1) )  [ RunTime:0.001927s ]

[ 2013-05-30T12:00:02+08:00 ] 127.0.0.1 /todo/Schedule/index
INFO: [ route_check ] --START--
INFO: Run CheckRoute Behavior [ RunTime:0.001068s ]
INFO: [ route_check ] --END-- [ RunTime:0.001164s ]
INFO: [ app_begin ] --START--
INFO: Run ReadHtmlCache Behavior [ RunTime:0.000704s ]
INFO: [ app_begin ] --END-- [ RunTime:0.000773s ]
INFO: [ view_template ] --START--
INFO: Run LocationTemplate Behavior [ RunTime:0.000858s ]
INFO: [ view_template ] --END-- [ RunTime:0.000967s ]
INFO: [ view_parse ] --START--
INFO: Run ParseTemplate Behavior [ RunTime:0.014002s ]
INFO: [ view_parse ] --END-- [ RunTime:0.014094s ]
INFO: [ view_filter ] --START--
INFO: Run ContentReplace Behavior [ RunTime:0.000707s ]
INFO: Run TokenBuild Behavior [ RunTime:0.000537s ]
INFO: Run WriteHtmlCache Behavior [ RunTime:0.000378s ]
INFO: Run ShowRuntime Behavior [ RunTime:0.000572s ]
INFO: [ view_filter ] --END-- [ RunTime:0.002355s ]
INFO: [ view_end ] --START--
INFO: Run ShowPageTrace Behavior [ RunTime:0.000758s ]
INFO: [ view_end ] --END-- [ RunTime:0.000819s ]

[ 2013-05-30T12:00:06+08:00 ] 127.0.0.1 /todo/Schedule/showData?start=1367078400&end=1370102400&_=1369886403523
INFO: [ route_check ] --START--
INFO: Run CheckRoute Behavior [ RunTime:0.000994s ]
INFO: [ route_check ] --END-- [ RunTime:0.001136s ]
INFO: [ app_begin ] --START--
INFO: Run ReadHtmlCache Behavior [ RunTime:0.000725s ]
INFO: [ app_begin ] --END-- [ RunTime:0.000805s ]
SQL: SHOW COLUMNS FROM `schedule` [ RunTime:0.004016s ]
SQL: SELECT Schedule.*,project.name FROM `schedule` LEFT JOIN project on project.id=schedule.project_id WHERE ( `user_id` = 1 )  [ RunTime:0.001612s ]

[ 2013-05-30T12:00:06+08:00 ] 127.0.0.1 /todo/Project/myProject
INFO: [ route_check ] --START--
INFO: Run CheckRoute Behavior [ RunTime:0.001276s ]
INFO: [ route_check ] --END-- [ RunTime:0.001387s ]
INFO: [ app_begin ] --START--
INFO: Run ReadHtmlCache Behavior [ RunTime:0.000805s ]
INFO: [ app_begin ] --END-- [ RunTime:0.000886s ]
NOTIC: [2048] Declaration of ProjectAction::get() should be compatible with that of Action::get() H:\xampp\htdocs\todo\Lib\Action\ProjectAction.class.php 第 101 行.
SQL: SHOW COLUMNS FROM `project_partner` [ RunTime:0.004331s ]
SQL: SELECT * FROM `project_partner` LEFT JOIN project on project_partner.project_id=project.id WHERE ( `user_id` = 1 )  [ RunTime:0.001526s ]
SQL: SHOW COLUMNS FROM `user` [ RunTime:0.004402s ]
SQL: SELECT * FROM `user` WHERE ( `id` = null ) LIMIT 1   [ RunTime:0.001437s ]
SQL: SELECT * FROM `user` WHERE ( `id` = 2 ) LIMIT 1   [ RunTime:0.000270s ]
SQL: SELECT * FROM `user` WHERE ( `id` = null ) LIMIT 1   [ RunTime:0.000181s ]
SQL: SELECT * FROM `user` WHERE ( `id` = 1 ) LIMIT 1   [ RunTime:0.000194s ]
SQL: SHOW COLUMNS FROM `project` [ RunTime:0.004453s ]
SQL: SELECT * FROM `project` WHERE ( `id` NOT IN ('13','14') ) AND ( (manager_id=1 or director_id=1) )  [ RunTime:0.001961s ]

