[ 2013-06-14T10:37:13+08:00 ] 127.0.0.1 /todo/Login/tologout
INFO: [ route_check ] --START--
INFO: Run CheckRoute Behavior [ RunTime:0.001150s ]
INFO: [ route_check ] --END-- [ RunTime:0.001256s ]
INFO: [ app_begin ] --START--
INFO: Run ReadHtmlCache Behavior [ RunTime:0.000992s ]
INFO: [ app_begin ] --END-- [ RunTime:0.001107s ]

[ 2013-06-14T10:37:13+08:00 ] 127.0.0.1 /todo/Login/tologin
INFO: [ route_check ] --START--
INFO: Run CheckRoute Behavior [ RunTime:0.000961s ]
INFO: [ route_check ] --END-- [ RunTime:0.001064s ]
INFO: [ app_begin ] --START--
INFO: Run ReadHtmlCache Behavior [ RunTime:0.000640s ]
INFO: [ app_begin ] --END-- [ RunTime:0.000701s ]
INFO: [ view_template ] --START--
INFO: Run LocationTemplate Behavior [ RunTime:0.005248s ]
INFO: [ view_template ] --END-- [ RunTime:0.005341s ]
INFO: [ view_parse ] --START--
INFO: Run ParseTemplate Behavior [ RunTime:0.020904s ]
INFO: [ view_parse ] --END-- [ RunTime:0.020993s ]
INFO: [ view_filter ] --START--
INFO: Run ContentReplace Behavior [ RunTime:0.000567s ]
INFO: Run TokenBuild Behavior [ RunTime:0.000510s ]
INFO: Run WriteHtmlCache Behavior [ RunTime:0.000370s ]
INFO: Run ShowRuntime Behavior [ RunTime:0.000568s ]
INFO: [ view_filter ] --END-- [ RunTime:0.002173s ]
INFO: [ view_end ] --START--
INFO: Run ShowPageTrace Behavior [ RunTime:0.000777s ]
INFO: [ view_end ] --END-- [ RunTime:0.000836s ]

[ 2013-06-14T10:37:17+08:00 ] 127.0.0.1 /todo/Login/toSignUp
INFO: [ route_check ] --START--
INFO: Run CheckRoute Behavior [ RunTime:0.001192s ]
INFO: [ route_check ] --END-- [ RunTime:0.001288s ]
INFO: [ app_begin ] --START--
INFO: Run ReadHtmlCache Behavior [ RunTime:0.000658s ]
INFO: [ app_begin ] --END-- [ RunTime:0.000720s ]
INFO: [ view_template ] --START--
INFO: Run LocationTemplate Behavior [ RunTime:0.000790s ]
INFO: [ view_template ] --END-- [ RunTime:0.000862s ]
INFO: [ view_parse ] --START--
INFO: Run ParseTemplate Behavior [ RunTime:0.011100s ]
INFO: [ view_parse ] --END-- [ RunTime:0.011181s ]
INFO: [ view_filter ] --START--
INFO: Run ContentReplace Behavior [ RunTime:0.000567s ]
INFO: Run TokenBuild Behavior [ RunTime:0.000490s ]
INFO: Run WriteHtmlCache Behavior [ RunTime:0.000377s ]
INFO: Run ShowRuntime Behavior [ RunTime:0.000551s ]
INFO: [ view_filter ] --END-- [ RunTime:0.002142s ]
INFO: [ view_end ] --START--
INFO: Run ShowPageTrace Behavior [ RunTime:0.000713s ]
INFO: [ view_end ] --END-- [ RunTime:0.000771s ]

[ 2013-06-14T12:08:59+08:00 ] 127.0.0.1 /todo/Schedule/index
INFO: [ route_check ] --START--
INFO: Run CheckRoute Behavior [ RunTime:0.013073s ]
INFO: [ route_check ] --END-- [ RunTime:0.013180s ]
INFO: [ app_begin ] --START--
INFO: Run ReadHtmlCache Behavior [ RunTime:0.003310s ]
INFO: [ app_begin ] --END-- [ RunTime:0.003408s ]
INFO: [ view_template ] --START--
INFO: Run LocationTemplate Behavior [ RunTime:0.001801s ]
INFO: [ view_template ] --END-- [ RunTime:0.001914s ]
INFO: [ view_parse ] --START--
INFO: Run ParseTemplate Behavior [ RunTime:0.111737s ]
INFO: [ view_parse ] --END-- [ RunTime:0.111820s ]
INFO: [ view_filter ] --START--
INFO: Run ContentReplace Behavior [ RunTime:0.000954s ]
INFO: Run TokenBuild Behavior [ RunTime:0.000803s ]
INFO: Run WriteHtmlCache Behavior [ RunTime:0.000585s ]
INFO: Run ShowRuntime Behavior [ RunTime:0.000875s ]
INFO: [ view_filter ] --END-- [ RunTime:0.003406s ]
INFO: [ view_end ] --START--
INFO: Run ShowPageTrace Behavior [ RunTime:0.001089s ]
INFO: [ view_end ] --END-- [ RunTime:0.001152s ]

[ 2013-06-14T12:09:02+08:00 ] 127.0.0.1 /todo/Schedule/showData?start=1369497600&end=1373126400&_=1371182940331
INFO: [ route_check ] --START--
INFO: Run CheckRoute Behavior [ RunTime:0.001088s ]
INFO: [ route_check ] --END-- [ RunTime:0.001194s ]
INFO: [ app_begin ] --START--
INFO: Run ReadHtmlCache Behavior [ RunTime:0.000646s ]
INFO: [ app_begin ] --END-- [ RunTime:0.000709s ]
SQL: SHOW COLUMNS FROM `schedule` [ RunTime:0.045130s ]
SQL: SELECT schedule.*,project.name,user.name createuser FROM `schedule` LEFT JOIN project on project.id=schedule.project_id LEFT JOIN user on user.id=createby WHERE ( `user_id` = 1 ) AND ( start<1373126400 or end>=1369497600 )  [ RunTime:0.024146s ]

[ 2013-06-14T12:09:02+08:00 ] 127.0.0.1 /todo/Schedule/getMyCreate?start=1369497600&end=1373126400&_=1371182940332
INFO: [ route_check ] --START--
INFO: Run CheckRoute Behavior [ RunTime:0.001285s ]
INFO: [ route_check ] --END-- [ RunTime:0.001416s ]
INFO: [ app_begin ] --START--
INFO: Run ReadHtmlCache Behavior [ RunTime:0.000896s ]
INFO: [ app_begin ] --END-- [ RunTime:0.000976s ]
NOTIC: [8] Undefined index: uid H:\xampp\htdocs\todo\Lib\Action\ScheduleAction.class.php 第 76 行.
SQL: SHOW COLUMNS FROM `schedule` [ RunTime:0.003952s ]
SQL: SELECT schedule.*,project.name,user.name createuser FROM `schedule` LEFT JOIN project on project.id=schedule.project_id LEFT JOIN user on user.id=createby WHERE ( `createby` = 1 ) AND ( `user_id` <> '1' ) AND ( start<1373126400 or end>=1369497600 )  [ RunTime:0.001984s ]

[ 2013-06-14T12:09:02+08:00 ] 127.0.0.1 /todo/Project/myCommonUseProj
INFO: [ route_check ] --START--
INFO: Run CheckRoute Behavior [ RunTime:0.001205s ]
INFO: [ route_check ] --END-- [ RunTime:0.001305s ]
INFO: [ app_begin ] --START--
INFO: Run ReadHtmlCache Behavior [ RunTime:0.000779s ]
INFO: [ app_begin ] --END-- [ RunTime:0.000860s ]
NOTIC: [2048] Declaration of ProjectAction::get() should be compatible with that of Action::get() H:\xampp\htdocs\todo\Lib\Action\ProjectAction.class.php 第 10 行.
SQL: SHOW COLUMNS FROM `schedule` [ RunTime:0.003812s ]
SQL: SELECT DISTINCT  `project_id` FROM `schedule` WHERE ( `user_id` = 1 ) ORDER BY entrytime desc LIMIT 0,7   [ RunTime:0.001479s ]
SQL: SHOW COLUMNS FROM `project` [ RunTime:0.004323s ]
SQL: SELECT `id`,`name` FROM `project` WHERE ( id=16 ) LIMIT 1   [ RunTime:0.001178s ]

[ 2013-06-14T14:45:35+08:00 ] 127.0.0.1 /todo/Login/tologin
INFO: [ route_check ] --START--
INFO: Run CheckRoute Behavior [ RunTime:0.038118s ]
INFO: [ route_check ] --END-- [ RunTime:0.038223s ]
INFO: [ app_begin ] --START--
INFO: Run ReadHtmlCache Behavior [ RunTime:0.003029s ]
INFO: [ app_begin ] --END-- [ RunTime:0.003115s ]
INFO: [ view_template ] --START--
INFO: Run LocationTemplate Behavior [ RunTime:0.011731s ]
INFO: [ view_template ] --END-- [ RunTime:0.011819s ]
INFO: [ view_parse ] --START--
INFO: Run ParseTemplate Behavior [ RunTime:0.103887s ]
INFO: [ view_parse ] --END-- [ RunTime:0.104021s ]
INFO: [ view_filter ] --START--
INFO: Run ContentReplace Behavior [ RunTime:0.000855s ]
INFO: Run TokenBuild Behavior [ RunTime:0.000846s ]
INFO: Run WriteHtmlCache Behavior [ RunTime:0.000684s ]
INFO: Run ShowRuntime Behavior [ RunTime:0.000978s ]
INFO: [ view_filter ] --END-- [ RunTime:0.003568s ]
INFO: [ view_end ] --START--
INFO: Run ShowPageTrace Behavior [ RunTime:0.001070s ]
INFO: [ view_end ] --END-- [ RunTime:0.001148s ]

[ 2013-06-14T14:45:40+08:00 ] 127.0.0.1 /todo/Login/login
INFO: [ route_check ] --START--
INFO: Run CheckRoute Behavior [ RunTime:0.001103s ]
INFO: [ route_check ] --END-- [ RunTime:0.001197s ]
INFO: [ app_begin ] --START--
INFO: Run ReadHtmlCache Behavior [ RunTime:0.000771s ]
INFO: [ app_begin ] --END-- [ RunTime:0.000846s ]
SQL: SHOW COLUMNS FROM `user` [ RunTime:0.038457s ]
SQL: SELECT * FROM `user` WHERE ( `username` = 'admin' ) OR ( `mail` = 'admin' ) LIMIT 1   [ RunTime:0.007260s ]

[ 2013-06-14T14:45:40+08:00 ] 127.0.0.1 /todo/Index/home
INFO: [ route_check ] --START--
INFO: Run CheckRoute Behavior [ RunTime:0.000978s ]
INFO: [ route_check ] --END-- [ RunTime:0.001082s ]
INFO: [ app_begin ] --START--
INFO: Run ReadHtmlCache Behavior [ RunTime:0.000618s ]
INFO: [ app_begin ] --END-- [ RunTime:0.000680s ]
INFO: [ view_template ] --START--
INFO: Run LocationTemplate Behavior [ RunTime:0.001170s ]
INFO: [ view_template ] --END-- [ RunTime:0.001288s ]
INFO: [ view_parse ] --START--
INFO: Run ParseTemplate Behavior [ RunTime:0.065042s ]
INFO: [ view_parse ] --END-- [ RunTime:0.065138s ]
INFO: [ view_filter ] --START--
INFO: Run ContentReplace Behavior [ RunTime:0.000595s ]
INFO: Run TokenBuild Behavior [ RunTime:0.000516s ]
INFO: Run WriteHtmlCache Behavior [ RunTime:0.000398s ]
INFO: Run ShowRuntime Behavior [ RunTime:0.000682s ]
INFO: [ view_filter ] --END-- [ RunTime:0.002386s ]
INFO: [ view_end ] --START--
INFO: Run ShowPageTrace Behavior [ RunTime:0.000962s ]
INFO: [ view_end ] --END-- [ RunTime:0.001043s ]

[ 2013-06-14T14:45:43+08:00 ] 127.0.0.1 /todo/Resource/myProject
INFO: [ route_check ] --START--
INFO: Run CheckRoute Behavior [ RunTime:0.001051s ]
INFO: [ route_check ] --END-- [ RunTime:0.001166s ]
INFO: [ app_begin ] --START--
INFO: Run ReadHtmlCache Behavior [ RunTime:0.000625s ]
INFO: [ app_begin ] --END-- [ RunTime:0.000699s ]
NOTIC: [2048] Declaration of ProjectAction::get() should be compatible with that of Action::get() H:\xampp\htdocs\todo\Lib\Action\ProjectAction.class.php 第 137 行.
SQL: SHOW COLUMNS FROM `project_partner` [ RunTime:0.027236s ]
SQL: SELECT * FROM `project_partner` LEFT JOIN project on project_partner.project_id=project.id WHERE ( `user_id` = 1 ) AND ( project.active = 1 ) ORDER BY project.id desc  [ RunTime:0.028207s ]
SQL: SHOW COLUMNS FROM `user` [ RunTime:0.004209s ]
SQL: SELECT * FROM `user` WHERE ( `id` = null ) LIMIT 1   [ RunTime:0.001144s ]
SQL: SELECT * FROM `user` WHERE ( `id` = 1 ) LIMIT 1   [ RunTime:0.000252s ]
SQL: SELECT * FROM `user` WHERE ( `id` = null ) LIMIT 1   [ RunTime:0.000172s ]
SQL: SELECT * FROM `user` WHERE ( `id` = 1 ) LIMIT 1   [ RunTime:0.000198s ]
SQL: SELECT * FROM `user` WHERE ( `id` = null ) LIMIT 1   [ RunTime:0.000171s ]
SQL: SELECT * FROM `user` WHERE ( `id` = 1 ) LIMIT 1   [ RunTime:0.000208s ]
SQL: SELECT * FROM `user` WHERE ( `id` = null ) LIMIT 1   [ RunTime:0.000174s ]
SQL: SELECT * FROM `user` WHERE ( `id` = 1 ) LIMIT 1   [ RunTime:0.000198s ]
SQL: SELECT * FROM `user` WHERE ( `id` = null ) LIMIT 1   [ RunTime:0.000181s ]
SQL: SELECT * FROM `user` WHERE ( `id` = 1 ) LIMIT 1   [ RunTime:0.000194s ]
SQL: SELECT * FROM `user` WHERE ( `id` = null ) LIMIT 1   [ RunTime:0.000344s ]
SQL: SELECT * FROM `user` WHERE ( `id` = 2 ) LIMIT 1   [ RunTime:0.000263s ]
SQL: SHOW COLUMNS FROM `project` [ RunTime:0.004177s ]
SQL: SELECT * FROM `project` WHERE ( `active` = 1 ) AND ( `id` NOT IN ('18','17','16','15','14','13') ) AND ( (manager_id=1 or director_id=1) )  [ RunTime:0.001359s ]
NOTIC: [8] Undefined index: name H:\xampp\htdocs\todo\Lib\Action\ProjectAction.class.php 第 128 行.
INFO: [ view_template ] --START--
INFO: Run LocationTemplate Behavior [ RunTime:0.021552s ]
INFO: [ view_template ] --END-- [ RunTime:0.021639s ]
INFO: [ view_parse ] --START--
INFO: Run ParseTemplate Behavior [ RunTime:0.024839s ]
INFO: [ view_parse ] --END-- [ RunTime:0.024935s ]
INFO: [ view_filter ] --START--
INFO: Run ContentReplace Behavior [ RunTime:0.000493s ]
INFO: Run TokenBuild Behavior [ RunTime:0.000413s ]
INFO: Run WriteHtmlCache Behavior [ RunTime:0.000360s ]
INFO: Run ShowRuntime Behavior [ RunTime:0.000492s ]
INFO: [ view_filter ] --END-- [ RunTime:0.001981s ]
INFO: [ view_end ] --START--
INFO: Run ShowPageTrace Behavior [ RunTime:0.000610s ]
INFO: [ view_end ] --END-- [ RunTime:0.000668s ]

[ 2013-06-14T14:45:46+08:00 ] 127.0.0.1 /todo/Resource/projectProfile/pid/18
INFO: [ route_check ] --START--
INFO: Run CheckRoute Behavior [ RunTime:0.000863s ]
INFO: [ route_check ] --END-- [ RunTime:0.000956s ]
INFO: [ app_begin ] --START--
INFO: Run ReadHtmlCache Behavior [ RunTime:0.000559s ]
INFO: [ app_begin ] --END-- [ RunTime:0.000618s ]
SQL: SHOW COLUMNS FROM `project` [ RunTime:0.004769s ]
SQL: SELECT project.*,user.name username FROM `project` LEFT JOIN user on user.id=project.manager_id WHERE ( project.id=18 ) LIMIT 1   [ RunTime:0.002131s ]
SQL: SHOW COLUMNS FROM `project_partner` [ RunTime:0.004318s ]
SQL: SELECT user.id,user.name,user.mail,user.tel FROM `project_partner` LEFT JOIN user on user.id=project_partner.user_id WHERE ( project_partner.project_id=18 )  [ RunTime:0.001683s ]
INFO: [ view_template ] --START--
INFO: Run LocationTemplate Behavior [ RunTime:0.000816s ]
INFO: [ view_template ] --END-- [ RunTime:0.000996s ]
INFO: [ view_parse ] --START--
INFO: Run ParseTemplate Behavior [ RunTime:0.026443s ]
INFO: [ view_parse ] --END-- [ RunTime:0.026529s ]
INFO: [ view_filter ] --START--
INFO: Run ContentReplace Behavior [ RunTime:0.000470s ]
INFO: Run TokenBuild Behavior [ RunTime:0.000415s ]
INFO: Run WriteHtmlCache Behavior [ RunTime:0.000272s ]
INFO: Run ShowRuntime Behavior [ RunTime:0.000485s ]
INFO: [ view_filter ] --END-- [ RunTime:0.001801s ]
INFO: [ view_end ] --START--
INFO: Run ShowPageTrace Behavior [ RunTime:0.000632s ]
INFO: [ view_end ] --END-- [ RunTime:0.000687s ]

