[ 2013-06-17T10:16:34+08:00 ] 192.168.96.26 /todo/Login/tologin
INFO: [ route_check ] --START--
INFO: Run CheckRoute Behavior [ RunTime:0.013125s ]
INFO: [ route_check ] --END-- [ RunTime:0.013240s ]
INFO: [ app_begin ] --START--
INFO: Run ReadHtmlCache Behavior [ RunTime:0.011227s ]
INFO: [ app_begin ] --END-- [ RunTime:0.011370s ]
INFO: [ view_template ] --START--
INFO: Run LocationTemplate Behavior [ RunTime:0.012708s ]
INFO: [ view_template ] --END-- [ RunTime:0.012806s ]
INFO: [ view_parse ] --START--
INFO: Run ParseTemplate Behavior [ RunTime:0.081541s ]
INFO: [ view_parse ] --END-- [ RunTime:0.081625s ]
INFO: [ view_filter ] --START--
INFO: Run ContentReplace Behavior [ RunTime:0.001126s ]
INFO: Run TokenBuild Behavior [ RunTime:0.001091s ]
INFO: Run WriteHtmlCache Behavior [ RunTime:0.000937s ]
INFO: Run ShowRuntime Behavior [ RunTime:0.001866s ]
INFO: [ view_filter ] --END-- [ RunTime:0.005226s ]
INFO: [ view_end ] --START--
INFO: Run ShowPageTrace Behavior [ RunTime:0.001360s ]
INFO: [ view_end ] --END-- [ RunTime:0.001425s ]

[ 2013-06-17T10:18:22+08:00 ] 192.168.96.26 /todo/Login/login
INFO: [ route_check ] --START--
INFO: Run CheckRoute Behavior [ RunTime:0.001240s ]
INFO: [ route_check ] --END-- [ RunTime:0.001331s ]
INFO: [ app_begin ] --START--
INFO: Run ReadHtmlCache Behavior [ RunTime:0.000983s ]
INFO: [ app_begin ] --END-- [ RunTime:0.001039s ]
SQL: SHOW COLUMNS FROM `user` [ RunTime:0.019941s ]
SQL: SELECT * FROM `user` WHERE ( `username` = '谭倩' ) OR ( `mail` = '谭倩' ) LIMIT 1   [ RunTime:0.015979s ]
NOTIC: [8] Use of undefined constant code - assumed 'code' H:\xampp\htdocs\todo\Lib\Action\LoginAction.class.php 第 74 行.

[ 2013-06-17T10:18:28+08:00 ] 192.168.96.26 /todo/Login/login
INFO: [ route_check ] --START--
INFO: Run CheckRoute Behavior [ RunTime:0.001490s ]
INFO: [ route_check ] --END-- [ RunTime:0.001627s ]
INFO: [ app_begin ] --START--
INFO: Run ReadHtmlCache Behavior [ RunTime:0.001236s ]
INFO: [ app_begin ] --END-- [ RunTime:0.001335s ]
SQL: SHOW COLUMNS FROM `user` [ RunTime:0.004144s ]
SQL: SELECT * FROM `user` WHERE ( `username` = 'tanqian' ) OR ( `mail` = 'tanqian' ) LIMIT 1   [ RunTime:0.002040s ]
NOTIC: [8] Use of undefined constant code - assumed 'code' H:\xampp\htdocs\todo\Lib\Action\LoginAction.class.php 第 77 行.

[ 2013-06-17T10:18:32+08:00 ] 192.168.96.26 /todo/Login/login
INFO: [ route_check ] --START--
INFO: Run CheckRoute Behavior [ RunTime:0.001302s ]
INFO: [ route_check ] --END-- [ RunTime:0.001403s ]
INFO: [ app_begin ] --START--
INFO: Run ReadHtmlCache Behavior [ RunTime:0.000955s ]
INFO: [ app_begin ] --END-- [ RunTime:0.001014s ]
SQL: SHOW COLUMNS FROM `user` [ RunTime:0.003784s ]
SQL: SELECT * FROM `user` WHERE ( `username` = 'tanqian' ) OR ( `mail` = 'tanqian' ) LIMIT 1   [ RunTime:0.001088s ]
NOTIC: [8] Use of undefined constant code - assumed 'code' H:\xampp\htdocs\todo\Lib\Action\LoginAction.class.php 第 77 行.

[ 2013-06-17T10:18:42+08:00 ] 192.168.96.26 /todo/Login/login
INFO: [ route_check ] --START--
INFO: Run CheckRoute Behavior [ RunTime:0.002071s ]
INFO: [ route_check ] --END-- [ RunTime:0.002187s ]
INFO: [ app_begin ] --START--
INFO: Run ReadHtmlCache Behavior [ RunTime:0.001683s ]
INFO: [ app_begin ] --END-- [ RunTime:0.001759s ]
SQL: SHOW COLUMNS FROM `user` [ RunTime:0.004138s ]
SQL: SELECT * FROM `user` WHERE ( `username` = 'tanqian' ) OR ( `mail` = 'tanqian' ) LIMIT 1   [ RunTime:0.001626s ]
NOTIC: [8] Use of undefined constant code - assumed 'code' H:\xampp\htdocs\todo\Lib\Action\LoginAction.class.php 第 77 行.

[ 2013-06-17T10:19:07+08:00 ] 192.168.96.26 /todo/Login/login
INFO: [ route_check ] --START--
INFO: Run CheckRoute Behavior [ RunTime:0.001221s ]
INFO: [ route_check ] --END-- [ RunTime:0.001322s ]
INFO: [ app_begin ] --START--
INFO: Run ReadHtmlCache Behavior [ RunTime:0.000959s ]
INFO: [ app_begin ] --END-- [ RunTime:0.001022s ]
SQL: SHOW COLUMNS FROM `user` [ RunTime:0.003520s ]
SQL: SELECT * FROM `user` WHERE ( `username` = 'tanqian@eccom.com.cn' ) OR ( `mail` = 'tanqian@eccom.com.cn' ) LIMIT 1   [ RunTime:0.001241s ]
NOTIC: [8] Use of undefined constant code - assumed 'code' H:\xampp\htdocs\todo\Lib\Action\LoginAction.class.php 第 77 行.

[ 2013-06-17T10:19:28+08:00 ] 192.168.96.26 /todo/Login/login
INFO: [ route_check ] --START--
INFO: Run CheckRoute Behavior [ RunTime:0.001251s ]
INFO: [ route_check ] --END-- [ RunTime:0.001354s ]
INFO: [ app_begin ] --START--
INFO: Run ReadHtmlCache Behavior [ RunTime:0.001077s ]
INFO: [ app_begin ] --END-- [ RunTime:0.001149s ]
SQL: SHOW COLUMNS FROM `user` [ RunTime:0.003614s ]
SQL: SELECT * FROM `user` WHERE ( `username` = 'tanqian@eccom.com.cn' ) OR ( `mail` = 'tanqian@eccom.com.cn' ) LIMIT 1   [ RunTime:0.001457s ]

[ 2013-06-17T10:19:28+08:00 ] 192.168.96.26 /todo/Index/home
INFO: [ route_check ] --START--
INFO: Run CheckRoute Behavior [ RunTime:0.001227s ]
INFO: [ route_check ] --END-- [ RunTime:0.001318s ]
INFO: [ app_begin ] --START--
INFO: Run ReadHtmlCache Behavior [ RunTime:0.000986s ]
INFO: [ app_begin ] --END-- [ RunTime:0.001053s ]
INFO: [ view_template ] --START--
INFO: Run LocationTemplate Behavior [ RunTime:0.009207s ]
INFO: [ view_template ] --END-- [ RunTime:0.009320s ]
INFO: [ view_parse ] --START--
INFO: Run ParseTemplate Behavior [ RunTime:0.046101s ]
INFO: [ view_parse ] --END-- [ RunTime:0.046186s ]
INFO: [ view_filter ] --START--
INFO: Run ContentReplace Behavior [ RunTime:0.000897s ]
INFO: Run TokenBuild Behavior [ RunTime:0.000781s ]
INFO: Run WriteHtmlCache Behavior [ RunTime:0.000715s ]
INFO: Run ShowRuntime Behavior [ RunTime:0.001016s ]
INFO: [ view_filter ] --END-- [ RunTime:0.003600s ]
INFO: [ view_end ] --START--
INFO: Run ShowPageTrace Behavior [ RunTime:0.001136s ]
INFO: [ view_end ] --END-- [ RunTime:0.001199s ]

[ 2013-06-17T10:19:35+08:00 ] 192.168.96.26 /todo/Management/projectList
INFO: [ route_check ] --START--
INFO: Run CheckRoute Behavior [ RunTime:0.001568s ]
INFO: [ route_check ] --END-- [ RunTime:0.001668s ]
INFO: [ app_begin ] --START--
INFO: Run ReadHtmlCache Behavior [ RunTime:0.001051s ]
INFO: [ app_begin ] --END-- [ RunTime:0.001119s ]
NOTIC: [2048] Declaration of ProjectAction::get() should be compatible with that of Action::get() H:\xampp\htdocs\todo\Lib\Action\ProjectAction.class.php 第 137 行.
SQL: SHOW COLUMNS FROM `project` [ RunTime:0.046864s ]
SQL: SELECT project.*,user.name as username FROM `project` LEFT JOIN user on user.id=manager_id WHERE ( project.active = 1 ) ORDER BY project.id desc  [ RunTime:0.001302s ]
SQL: SHOW COLUMNS FROM `user` [ RunTime:0.003403s ]
SQL: SELECT `id`,`name`,`username` FROM `user` WHERE ( `group` <> 'admin' )  [ RunTime:0.011590s ]
INFO: [ view_template ] --START--
INFO: Run LocationTemplate Behavior [ RunTime:0.015844s ]
INFO: [ view_template ] --END-- [ RunTime:0.015928s ]
INFO: [ view_parse ] --START--
INFO: Run ParseTemplate Behavior [ RunTime:0.024747s ]
INFO: [ view_parse ] --END-- [ RunTime:0.024836s ]
INFO: [ view_filter ] --START--
INFO: Run ContentReplace Behavior [ RunTime:0.000968s ]
INFO: Run TokenBuild Behavior [ RunTime:0.000817s ]
INFO: Run WriteHtmlCache Behavior [ RunTime:0.000686s ]
INFO: Run ShowRuntime Behavior [ RunTime:0.000883s ]
INFO: [ view_filter ] --END-- [ RunTime:0.003526s ]
INFO: [ view_end ] --START--
INFO: Run ShowPageTrace Behavior [ RunTime:0.001139s ]
INFO: [ view_end ] --END-- [ RunTime:0.001213s ]

[ 2013-06-17T10:19:43+08:00 ] 192.168.96.26 /todo/Login/tologout
INFO: [ route_check ] --START--
INFO: Run CheckRoute Behavior [ RunTime:0.001317s ]
INFO: [ route_check ] --END-- [ RunTime:0.001444s ]
INFO: [ app_begin ] --START--
INFO: Run ReadHtmlCache Behavior [ RunTime:0.000852s ]
INFO: [ app_begin ] --END-- [ RunTime:0.000936s ]

[ 2013-06-17T10:19:43+08:00 ] 192.168.96.26 /todo/Login/tologin
INFO: [ route_check ] --START--
INFO: Run CheckRoute Behavior [ RunTime:0.000835s ]
INFO: [ route_check ] --END-- [ RunTime:0.000923s ]
INFO: [ app_begin ] --START--
INFO: Run ReadHtmlCache Behavior [ RunTime:0.000579s ]
INFO: [ app_begin ] --END-- [ RunTime:0.000642s ]
INFO: [ view_template ] --START--
INFO: Run LocationTemplate Behavior [ RunTime:0.000800s ]
INFO: [ view_template ] --END-- [ RunTime:0.000871s ]
INFO: [ view_parse ] --START--
INFO: Run ParseTemplate Behavior [ RunTime:0.016838s ]
INFO: [ view_parse ] --END-- [ RunTime:0.016923s ]
INFO: [ view_filter ] --START--
INFO: Run ContentReplace Behavior [ RunTime:0.000600s ]
INFO: Run TokenBuild Behavior [ RunTime:0.000563s ]
INFO: Run WriteHtmlCache Behavior [ RunTime:0.000425s ]
INFO: Run ShowRuntime Behavior [ RunTime:0.000719s ]
INFO: [ view_filter ] --END-- [ RunTime:0.002475s ]
INFO: [ view_end ] --START--
INFO: Run ShowPageTrace Behavior [ RunTime:0.000762s ]
INFO: [ view_end ] --END-- [ RunTime:0.000821s ]

[ 2013-06-17T10:20:10+08:00 ] 192.168.96.26 /todo/Login/tologin
INFO: [ route_check ] --START--
INFO: Run CheckRoute Behavior [ RunTime:0.001100s ]
INFO: [ route_check ] --END-- [ RunTime:0.001189s ]
INFO: [ app_begin ] --START--
INFO: Run ReadHtmlCache Behavior [ RunTime:0.000743s ]
INFO: [ app_begin ] --END-- [ RunTime:0.000820s ]
INFO: [ view_template ] --START--
INFO: Run LocationTemplate Behavior [ RunTime:0.000977s ]
INFO: [ view_template ] --END-- [ RunTime:0.001062s ]
INFO: [ view_parse ] --START--
INFO: Run ParseTemplate Behavior [ RunTime:0.016902s ]
INFO: [ view_parse ] --END-- [ RunTime:0.016986s ]
INFO: [ view_filter ] --START--
INFO: Run ContentReplace Behavior [ RunTime:0.000584s ]
INFO: Run TokenBuild Behavior [ RunTime:0.000519s ]
INFO: Run WriteHtmlCache Behavior [ RunTime:0.000414s ]
INFO: Run ShowRuntime Behavior [ RunTime:0.000573s ]
INFO: [ view_filter ] --END-- [ RunTime:0.002263s ]
INFO: [ view_end ] --START--
INFO: Run ShowPageTrace Behavior [ RunTime:0.000715s ]
INFO: [ view_end ] --END-- [ RunTime:0.000773s ]

