[ 2013-06-09T14:40:02+08:00 ] 127.0.0.1 /todo/Schedule/index
INFO: [ route_check ] --START--
INFO: Run CheckRoute Behavior [ RunTime:0.001644s ]
INFO: [ route_check ] --END-- [ RunTime:0.001747s ]
INFO: [ app_begin ] --START--
INFO: Run ReadHtmlCache Behavior [ RunTime:0.001110s ]
INFO: [ app_begin ] --END-- [ RunTime:0.001197s ]
INFO: [ view_template ] --START--
INFO: Run LocationTemplate Behavior [ RunTime:0.001256s ]
INFO: [ view_template ] --END-- [ RunTime:0.001388s ]
INFO: [ view_parse ] --START--
INFO: Run ParseTemplate Behavior [ RunTime:0.044976s ]
INFO: [ view_parse ] --END-- [ RunTime:0.045070s ]
INFO: [ view_filter ] --START--
INFO: Run ContentReplace Behavior [ RunTime:0.001209s ]
INFO: Run TokenBuild Behavior [ RunTime:0.000945s ]
INFO: Run WriteHtmlCache Behavior [ RunTime:0.000622s ]
INFO: Run ShowRuntime Behavior [ RunTime:0.000907s ]
INFO: [ view_filter ] --END-- [ RunTime:0.003889s ]
INFO: [ view_end ] --START--
INFO: Run ShowPageTrace Behavior [ RunTime:0.000933s ]
INFO: [ view_end ] --END-- [ RunTime:0.000998s ]

[ 2013-06-09T14:40:05+08:00 ] 127.0.0.1 /todo/Schedule/showData?start=1369497600&end=1373126400&_=1370760003046
INFO: [ route_check ] --START--
INFO: Run CheckRoute Behavior [ RunTime:0.001141s ]
INFO: [ route_check ] --END-- [ RunTime:0.001261s ]
INFO: [ app_begin ] --START--
INFO: Run ReadHtmlCache Behavior [ RunTime:0.000700s ]
INFO: [ app_begin ] --END-- [ RunTime:0.000760s ]
SQL: SHOW COLUMNS FROM `schedule` [ RunTime:0.004866s ]
SQL: SELECT schedule.*,project.name,user.name createuser FROM `schedule` LEFT JOIN project on project.id=schedule.project_id LEFT JOIN user on user.id=createby WHERE ( `user_id` = 9 ) AND ( start<1373126400 or end>=1369497600 )  [ RunTime:0.001922s ]

[ 2013-06-09T14:40:05+08:00 ] 127.0.0.1 /todo/Project/myCommonUseProj
INFO: [ route_check ] --START--
INFO: Run CheckRoute Behavior [ RunTime:0.001039s ]
INFO: [ route_check ] --END-- [ RunTime:0.001157s ]
INFO: [ app_begin ] --START--
INFO: Run ReadHtmlCache Behavior [ RunTime:0.000741s ]
INFO: [ app_begin ] --END-- [ RunTime:0.000820s ]
NOTIC: [2048] Declaration of ProjectAction::get() should be compatible with that of Action::get() H:\xampp\htdocs\todo\Lib\Action\ProjectAction.class.php 第 10 行.
SQL: SHOW COLUMNS FROM `schedule` [ RunTime:0.004087s ]
SQL: SELECT DISTINCT  `project_id` FROM `schedule` WHERE ( `user_id` = 9 ) ORDER BY entrytime desc LIMIT 0,7   [ RunTime:0.001621s ]
SQL: SHOW COLUMNS FROM `project` [ RunTime:0.003636s ]
SQL: SELECT `id`,`name` FROM `project` WHERE ( id=19 ) LIMIT 1   [ RunTime:0.001332s ]

[ 2013-06-09T14:40:05+08:00 ] 127.0.0.1 /todo/Schedule/getMyCreate?start=1369497600&end=1373126400&_=1370760003047
INFO: [ route_check ] --START--
INFO: Run CheckRoute Behavior [ RunTime:0.001240s ]
INFO: [ route_check ] --END-- [ RunTime:0.001331s ]
INFO: [ app_begin ] --START--
INFO: Run ReadHtmlCache Behavior [ RunTime:0.001050s ]
INFO: [ app_begin ] --END-- [ RunTime:0.001122s ]
NOTIC: [8] Undefined index: uid H:\xampp\htdocs\todo\Lib\Action\ScheduleAction.class.php 第 76 行.
SQL: SHOW COLUMNS FROM `schedule` [ RunTime:0.003916s ]
SQL: SELECT Schedule.*,project.name,user.name createuser FROM `schedule` LEFT JOIN project on project.id=schedule.project_id LEFT JOIN user on user.id=createby WHERE ( `createby` = 9 ) AND ( `user_id` <> '9' )  [ RunTime:0.001932s ]

[ 2013-06-09T14:41:12+08:00 ] 127.0.0.1 /todo/Schedule/index
INFO: [ route_check ] --START--
INFO: Run CheckRoute Behavior [ RunTime:0.000852s ]
INFO: [ route_check ] --END-- [ RunTime:0.000943s ]
INFO: [ app_begin ] --START--
INFO: Run ReadHtmlCache Behavior [ RunTime:0.000581s ]
INFO: [ app_begin ] --END-- [ RunTime:0.000645s ]
INFO: [ view_template ] --START--
INFO: Run LocationTemplate Behavior [ RunTime:0.000922s ]
INFO: [ view_template ] --END-- [ RunTime:0.001008s ]
INFO: [ view_parse ] --START--
INFO: Run ParseTemplate Behavior [ RunTime:0.016218s ]
INFO: [ view_parse ] --END-- [ RunTime:0.016307s ]
INFO: [ view_filter ] --START--
INFO: Run ContentReplace Behavior [ RunTime:0.000650s ]
INFO: Run TokenBuild Behavior [ RunTime:0.000497s ]
INFO: Run WriteHtmlCache Behavior [ RunTime:0.000377s ]
INFO: Run ShowRuntime Behavior [ RunTime:0.000598s ]
INFO: [ view_filter ] --END-- [ RunTime:0.002284s ]
INFO: [ view_end ] --START--
INFO: Run ShowPageTrace Behavior [ RunTime:0.000710s ]
INFO: [ view_end ] --END-- [ RunTime:0.000770s ]

[ 2013-06-09T14:41:15+08:00 ] 127.0.0.1 /todo/Project/myCommonUseProj
INFO: [ route_check ] --START--
INFO: Run CheckRoute Behavior [ RunTime:0.001193s ]
INFO: [ route_check ] --END-- [ RunTime:0.001304s ]
INFO: [ app_begin ] --START--
INFO: Run ReadHtmlCache Behavior [ RunTime:0.000790s ]
INFO: [ app_begin ] --END-- [ RunTime:0.000862s ]
NOTIC: [2048] Declaration of ProjectAction::get() should be compatible with that of Action::get() H:\xampp\htdocs\todo\Lib\Action\ProjectAction.class.php 第 10 行.
SQL: SHOW COLUMNS FROM `schedule` [ RunTime:0.004813s ]
SQL: SELECT DISTINCT  `project_id` FROM `schedule` WHERE ( `user_id` = 9 ) ORDER BY entrytime desc LIMIT 0,7   [ RunTime:0.001235s ]
SQL: SHOW COLUMNS FROM `project` [ RunTime:0.003439s ]
SQL: SELECT `id`,`name` FROM `project` WHERE ( id=19 ) LIMIT 1   [ RunTime:0.001248s ]

[ 2013-06-09T14:41:15+08:00 ] 127.0.0.1 /todo/Schedule/getMyCreate?start=1369497600&end=1373126400&_=1370760072891
INFO: [ route_check ] --START--
INFO: Run CheckRoute Behavior [ RunTime:0.001050s ]
INFO: [ route_check ] --END-- [ RunTime:0.001180s ]
INFO: [ app_begin ] --START--
INFO: Run ReadHtmlCache Behavior [ RunTime:0.000880s ]
INFO: [ app_begin ] --END-- [ RunTime:0.000958s ]
NOTIC: [8] Undefined index: uid H:\xampp\htdocs\todo\Lib\Action\ScheduleAction.class.php 第 76 行.
SQL: SHOW COLUMNS FROM `schedule` [ RunTime:0.004021s ]
SQL: SELECT Schedule.*,project.name,user.name createuser FROM `schedule` LEFT JOIN project on project.id=schedule.project_id LEFT JOIN user on user.id=createby WHERE ( `createby` = 9 ) AND ( `user_id` <> '9' )  [ RunTime:0.001756s ]

[ 2013-06-09T14:41:15+08:00 ] 127.0.0.1 /todo/Schedule/showData?start=1369497600&end=1373126400&_=1370760072890
INFO: [ route_check ] --START--
INFO: Run CheckRoute Behavior [ RunTime:0.001615s ]
INFO: [ route_check ] --END-- [ RunTime:0.001716s ]
INFO: [ app_begin ] --START--
INFO: Run ReadHtmlCache Behavior [ RunTime:0.000910s ]
INFO: [ app_begin ] --END-- [ RunTime:0.000987s ]
SQL: SHOW COLUMNS FROM `schedule` [ RunTime:0.004026s ]
SQL: SELECT schedule.*,project.name,user.name createuser FROM `schedule` LEFT JOIN project on project.id=schedule.project_id LEFT JOIN user on user.id=createby WHERE ( `user_id` = 9 ) AND ( start<1373126400 or end>=1369497600 )  [ RunTime:0.001458s ]

[ 2013-06-09T14:41:26+08:00 ] 127.0.0.1 /todo/Login/tologout
INFO: [ route_check ] --START--
INFO: Run CheckRoute Behavior [ RunTime:0.001296s ]
INFO: [ route_check ] --END-- [ RunTime:0.001426s ]
INFO: [ app_begin ] --START--
INFO: Run ReadHtmlCache Behavior [ RunTime:0.001095s ]
INFO: [ app_begin ] --END-- [ RunTime:0.001194s ]

[ 2013-06-09T14:41:27+08:00 ] 127.0.0.1 /todo/Login/tologin
INFO: [ route_check ] --START--
INFO: Run CheckRoute Behavior [ RunTime:0.000808s ]
INFO: [ route_check ] --END-- [ RunTime:0.000903s ]
INFO: [ app_begin ] --START--
INFO: Run ReadHtmlCache Behavior [ RunTime:0.000541s ]
INFO: [ app_begin ] --END-- [ RunTime:0.000602s ]
INFO: [ view_template ] --START--
INFO: Run LocationTemplate Behavior [ RunTime:0.001225s ]
INFO: [ view_template ] --END-- [ RunTime:0.001321s ]
INFO: [ view_parse ] --START--
INFO: Run ParseTemplate Behavior [ RunTime:0.036079s ]
INFO: [ view_parse ] --END-- [ RunTime:0.036167s ]
INFO: [ view_filter ] --START--
INFO: Run ContentReplace Behavior [ RunTime:0.000545s ]
INFO: Run TokenBuild Behavior [ RunTime:0.000497s ]
INFO: Run WriteHtmlCache Behavior [ RunTime:0.000535s ]
INFO: Run ShowRuntime Behavior [ RunTime:0.000706s ]
INFO: [ view_filter ] --END-- [ RunTime:0.002473s ]
INFO: [ view_end ] --START--
INFO: Run ShowPageTrace Behavior [ RunTime:0.000829s ]
INFO: [ view_end ] --END-- [ RunTime:0.000892s ]

[ 2013-06-09T14:41:53+08:00 ] 127.0.0.1 /todo/Login/login
INFO: [ route_check ] --START--
INFO: Run CheckRoute Behavior [ RunTime:0.000954s ]
INFO: [ route_check ] --END-- [ RunTime:0.001063s ]
INFO: [ app_begin ] --START--
INFO: Run ReadHtmlCache Behavior [ RunTime:0.000585s ]
INFO: [ app_begin ] --END-- [ RunTime:0.000642s ]
SQL: SHOW COLUMNS FROM `user` [ RunTime:0.003895s ]
SQL: SELECT * FROM `user` WHERE ( `username` = 'qianduo' ) OR ( `mail` = 'qianduo' ) LIMIT 1   [ RunTime:0.001517s ]

[ 2013-06-09T14:41:53+08:00 ] 127.0.0.1 /todo/Index/home
INFO: [ route_check ] --START--
INFO: Run CheckRoute Behavior [ RunTime:0.000983s ]
INFO: [ route_check ] --END-- [ RunTime:0.001101s ]
INFO: [ app_begin ] --START--
INFO: Run ReadHtmlCache Behavior [ RunTime:0.000658s ]
INFO: [ app_begin ] --END-- [ RunTime:0.000725s ]
INFO: [ view_template ] --START--
INFO: Run LocationTemplate Behavior [ RunTime:0.000818s ]
INFO: [ view_template ] --END-- [ RunTime:0.000895s ]
INFO: [ view_parse ] --START--
INFO: Run ParseTemplate Behavior [ RunTime:0.011198s ]
INFO: [ view_parse ] --END-- [ RunTime:0.011300s ]
INFO: [ view_filter ] --START--
INFO: Run ContentReplace Behavior [ RunTime:0.000485s ]
INFO: Run TokenBuild Behavior [ RunTime:0.000405s ]
INFO: Run WriteHtmlCache Behavior [ RunTime:0.000270s ]
INFO: Run ShowRuntime Behavior [ RunTime:0.000484s ]
INFO: [ view_filter ] --END-- [ RunTime:0.001800s ]
INFO: [ view_end ] --START--
INFO: Run ShowPageTrace Behavior [ RunTime:0.000621s ]
INFO: [ view_end ] --END-- [ RunTime:0.000678s ]

[ 2013-06-09T14:41:58+08:00 ] 127.0.0.1 /todo/Schedule/index
INFO: [ route_check ] --START--
INFO: Run CheckRoute Behavior [ RunTime:0.001112s ]
INFO: [ route_check ] --END-- [ RunTime:0.001241s ]
INFO: [ app_begin ] --START--
INFO: Run ReadHtmlCache Behavior [ RunTime:0.000740s ]
INFO: [ app_begin ] --END-- [ RunTime:0.000821s ]
INFO: [ view_template ] --START--
INFO: Run LocationTemplate Behavior [ RunTime:0.001375s ]
INFO: [ view_template ] --END-- [ RunTime:0.001537s ]
INFO: [ view_parse ] --START--
INFO: Run ParseTemplate Behavior [ RunTime:0.015746s ]
INFO: [ view_parse ] --END-- [ RunTime:0.015854s ]
INFO: [ view_filter ] --START--
INFO: Run ContentReplace Behavior [ RunTime:0.000520s ]
INFO: Run TokenBuild Behavior [ RunTime:0.000399s ]
INFO: Run WriteHtmlCache Behavior [ RunTime:0.000273s ]
INFO: Run ShowRuntime Behavior [ RunTime:0.000500s ]
INFO: [ view_filter ] --END-- [ RunTime:0.001863s ]
INFO: [ view_end ] --START--
INFO: Run ShowPageTrace Behavior [ RunTime:0.000604s ]
INFO: [ view_end ] --END-- [ RunTime:0.000662s ]

[ 2013-06-09T14:42:02+08:00 ] 127.0.0.1 /todo/Schedule/showData?start=1369497600&end=1373126400&_=1370760119433
INFO: [ route_check ] --START--
INFO: Run CheckRoute Behavior [ RunTime:0.000883s ]
INFO: [ route_check ] --END-- [ RunTime:0.000982s ]
INFO: [ app_begin ] --START--
INFO: Run ReadHtmlCache Behavior [ RunTime:0.000638s ]
INFO: [ app_begin ] --END-- [ RunTime:0.000700s ]
SQL: SHOW COLUMNS FROM `schedule` [ RunTime:0.004534s ]
SQL: SELECT schedule.*,project.name,user.name createuser FROM `schedule` LEFT JOIN project on project.id=schedule.project_id LEFT JOIN user on user.id=createby WHERE ( `user_id` = 9 ) AND ( start<1373126400 or end>=1369497600 )  [ RunTime:0.001846s ]

[ 2013-06-09T14:42:02+08:00 ] 127.0.0.1 /todo/Project/myCommonUseProj
INFO: [ route_check ] --START--
INFO: Run CheckRoute Behavior [ RunTime:0.001075s ]
INFO: [ route_check ] --END-- [ RunTime:0.001207s ]
INFO: [ app_begin ] --START--
INFO: Run ReadHtmlCache Behavior [ RunTime:0.000794s ]
INFO: [ app_begin ] --END-- [ RunTime:0.000883s ]
NOTIC: [2048] Declaration of ProjectAction::get() should be compatible with that of Action::get() H:\xampp\htdocs\todo\Lib\Action\ProjectAction.class.php 第 10 行.
SQL: SHOW COLUMNS FROM `schedule` [ RunTime:0.003938s ]
SQL: SELECT DISTINCT  `project_id` FROM `schedule` WHERE ( `user_id` = 9 ) ORDER BY entrytime desc LIMIT 0,7   [ RunTime:0.001692s ]
SQL: SHOW COLUMNS FROM `project` [ RunTime:0.005000s ]
SQL: SELECT `id`,`name` FROM `project` WHERE ( id=19 ) LIMIT 1   [ RunTime:0.001817s ]

[ 2013-06-09T14:42:02+08:00 ] 127.0.0.1 /todo/Schedule/getMyCreate?start=1369497600&end=1373126400&_=1370760119434
INFO: [ route_check ] --START--
INFO: Run CheckRoute Behavior [ RunTime:0.001493s ]
INFO: [ route_check ] --END-- [ RunTime:0.001674s ]
INFO: [ app_begin ] --START--
INFO: Run ReadHtmlCache Behavior [ RunTime:0.001015s ]
INFO: [ app_begin ] --END-- [ RunTime:0.001291s ]
NOTIC: [8] Undefined index: uid H:\xampp\htdocs\todo\Lib\Action\ScheduleAction.class.php 第 76 行.
SQL: SHOW COLUMNS FROM `schedule` [ RunTime:0.004384s ]
SQL: SELECT Schedule.*,project.name,user.name createuser FROM `schedule` LEFT JOIN project on project.id=schedule.project_id LEFT JOIN user on user.id=createby WHERE ( `createby` = 9 ) AND ( `user_id` <> '9' )  [ RunTime:0.001654s ]

[ 2013-06-09T15:02:31+08:00 ] 192.168.96.10 /todo/Login/tologin
INFO: [ route_check ] --START--
INFO: Run CheckRoute Behavior [ RunTime:0.002658s ]
INFO: [ route_check ] --END-- [ RunTime:0.002817s ]
INFO: [ app_begin ] --START--
INFO: Run ReadHtmlCache Behavior [ RunTime:0.001040s ]
INFO: [ app_begin ] --END-- [ RunTime:0.001166s ]
INFO: [ view_template ] --START--
INFO: Run LocationTemplate Behavior [ RunTime:0.001222s ]
INFO: [ view_template ] --END-- [ RunTime:0.001332s ]
INFO: [ view_parse ] --START--
INFO: Run ParseTemplate Behavior [ RunTime:0.014409s ]
INFO: [ view_parse ] --END-- [ RunTime:0.014522s ]
INFO: [ view_filter ] --START--
INFO: Run ContentReplace Behavior [ RunTime:0.000643s ]
INFO: Run TokenBuild Behavior [ RunTime:0.000729s ]
INFO: Run WriteHtmlCache Behavior [ RunTime:0.000567s ]
INFO: Run ShowRuntime Behavior [ RunTime:0.000739s ]
INFO: [ view_filter ] --END-- [ RunTime:0.002895s ]
INFO: [ view_end ] --START--
INFO: Run ShowPageTrace Behavior [ RunTime:0.001006s ]
INFO: [ view_end ] --END-- [ RunTime:0.001106s ]

