[ 2013-05-24T17:06:24+08:00 ] 127.0.0.1 /todo/
INFO: [ app_begin ] --START--
INFO: Run ReadHtmlCache Behavior [ RunTime:0.001453s ]
INFO: [ app_begin ] --END-- [ RunTime:0.001576s ]

[ 2013-05-24T17:06:24+08:00 ] 127.0.0.1 /todo/Index/home
INFO: [ route_check ] --START--
INFO: Run CheckRoute Behavior [ RunTime:0.001321s ]
INFO: [ route_check ] --END-- [ RunTime:0.001428s ]
INFO: [ app_begin ] --START--
INFO: Run ReadHtmlCache Behavior [ RunTime:0.000609s ]
INFO: [ app_begin ] --END-- [ RunTime:0.000668s ]
INFO: [ view_template ] --START--
INFO: Run LocationTemplate Behavior [ RunTime:0.001270s ]
INFO: [ view_template ] --END-- [ RunTime:0.001343s ]
INFO: [ view_parse ] --START--
INFO: Run ParseTemplate Behavior [ RunTime:0.015359s ]
INFO: [ view_parse ] --END-- [ RunTime:0.015469s ]
INFO: [ view_filter ] --START--
INFO: Run ContentReplace Behavior [ RunTime:0.000941s ]
INFO: Run TokenBuild Behavior [ RunTime:0.000774s ]
INFO: Run WriteHtmlCache Behavior [ RunTime:0.000709s ]
INFO: Run ShowRuntime Behavior [ RunTime:0.000969s ]
INFO: [ view_filter ] --END-- [ RunTime:0.003597s ]
INFO: [ view_end ] --START--
INFO: Run ShowPageTrace Behavior [ RunTime:0.001080s ]
INFO: [ view_end ] --END-- [ RunTime:0.001137s ]

[ 2013-05-24T17:06:28+08:00 ] 127.0.0.1 /todo/Index/home
INFO: [ route_check ] --START--
INFO: Run CheckRoute Behavior [ RunTime:0.000802s ]
INFO: [ route_check ] --END-- [ RunTime:0.000888s ]
INFO: [ app_begin ] --START--
INFO: Run ReadHtmlCache Behavior [ RunTime:0.000563s ]
INFO: [ app_begin ] --END-- [ RunTime:0.000619s ]
INFO: [ view_template ] --START--
INFO: Run LocationTemplate Behavior [ RunTime:0.000397s ]
INFO: [ view_template ] --END-- [ RunTime:0.000458s ]
INFO: [ view_parse ] --START--
INFO: Run ParseTemplate Behavior [ RunTime:0.010548s ]
INFO: [ view_parse ] --END-- [ RunTime:0.010637s ]
INFO: [ view_filter ] --START--
INFO: Run ContentReplace Behavior [ RunTime:0.000445s ]
INFO: Run TokenBuild Behavior [ RunTime:0.000401s ]
INFO: Run WriteHtmlCache Behavior [ RunTime:0.000272s ]
INFO: Run ShowRuntime Behavior [ RunTime:0.000466s ]
INFO: [ view_filter ] --END-- [ RunTime:0.001737s ]
INFO: [ view_end ] --START--
INFO: Run ShowPageTrace Behavior [ RunTime:0.000590s ]
INFO: [ view_end ] --END-- [ RunTime:0.000646s ]

[ 2013-05-24T17:07:54+08:00 ] 127.0.0.1 /todo/Index/home
INFO: [ route_check ] --START--
INFO: Run CheckRoute Behavior [ RunTime:0.000811s ]
INFO: [ route_check ] --END-- [ RunTime:0.000900s ]
INFO: [ app_begin ] --START--
INFO: Run ReadHtmlCache Behavior [ RunTime:0.000552s ]
INFO: [ app_begin ] --END-- [ RunTime:0.000611s ]
INFO: [ view_template ] --START--
INFO: Run LocationTemplate Behavior [ RunTime:0.000590s ]
INFO: [ view_template ] --END-- [ RunTime:0.000670s ]
INFO: [ view_parse ] --START--
INFO: Run ParseTemplate Behavior [ RunTime:0.010353s ]
INFO: [ view_parse ] --END-- [ RunTime:0.010442s ]
INFO: [ view_filter ] --START--
INFO: Run ContentReplace Behavior [ RunTime:0.000458s ]
INFO: Run TokenBuild Behavior [ RunTime:0.000418s ]
INFO: Run WriteHtmlCache Behavior [ RunTime:0.000475s ]
INFO: Run ShowRuntime Behavior [ RunTime:0.000661s ]
INFO: [ view_filter ] --END-- [ RunTime:0.002195s ]
INFO: [ view_end ] --START--
INFO: Run ShowPageTrace Behavior [ RunTime:0.000608s ]
INFO: [ view_end ] --END-- [ RunTime:0.000665s ]

[ 2013-05-24T17:07:56+08:00 ] 127.0.0.1 /todo/Index/home
INFO: [ route_check ] --START--
INFO: Run CheckRoute Behavior [ RunTime:0.001204s ]
INFO: [ route_check ] --END-- [ RunTime:0.001311s ]
INFO: [ app_begin ] --START--
INFO: Run ReadHtmlCache Behavior [ RunTime:0.000830s ]
INFO: [ app_begin ] --END-- [ RunTime:0.000931s ]
INFO: [ view_template ] --START--
INFO: Run LocationTemplate Behavior [ RunTime:0.000965s ]
INFO: [ view_template ] --END-- [ RunTime:0.001055s ]
INFO: [ view_parse ] --START--
INFO: Run ParseTemplate Behavior [ RunTime:0.012413s ]
INFO: [ view_parse ] --END-- [ RunTime:0.012508s ]
INFO: [ view_filter ] --START--
INFO: Run ContentReplace Behavior [ RunTime:0.000557s ]
INFO: Run TokenBuild Behavior [ RunTime:0.000514s ]
INFO: Run WriteHtmlCache Behavior [ RunTime:0.000373s ]
INFO: Run ShowRuntime Behavior [ RunTime:0.000640s ]
INFO: [ view_filter ] --END-- [ RunTime:0.002252s ]
INFO: [ view_end ] --START--
INFO: Run ShowPageTrace Behavior [ RunTime:0.000775s ]
INFO: [ view_end ] --END-- [ RunTime:0.000839s ]

[ 2013-05-24T17:08:05+08:00 ] 127.0.0.1 /todo/Index/home
INFO: [ route_check ] --START--
INFO: Run CheckRoute Behavior [ RunTime:0.001458s ]
INFO: [ route_check ] --END-- [ RunTime:0.001580s ]
INFO: [ app_begin ] --START--
INFO: Run ReadHtmlCache Behavior [ RunTime:0.000955s ]
INFO: [ app_begin ] --END-- [ RunTime:0.001079s ]
INFO: [ view_template ] --START--
INFO: Run LocationTemplate Behavior [ RunTime:0.000547s ]
INFO: [ view_template ] --END-- [ RunTime:0.000634s ]
INFO: [ view_parse ] --START--
INFO: Run ParseTemplate Behavior [ RunTime:0.010422s ]
INFO: [ view_parse ] --END-- [ RunTime:0.010511s ]
INFO: [ view_filter ] --START--
INFO: Run ContentReplace Behavior [ RunTime:0.000477s ]
INFO: Run TokenBuild Behavior [ RunTime:0.000383s ]
INFO: Run WriteHtmlCache Behavior [ RunTime:0.000268s ]
INFO: Run ShowRuntime Behavior [ RunTime:0.000467s ]
INFO: [ view_filter ] --END-- [ RunTime:0.001747s ]
INFO: [ view_end ] --START--
INFO: Run ShowPageTrace Behavior [ RunTime:0.000693s ]
INFO: [ view_end ] --END-- [ RunTime:0.000807s ]

[ 2013-05-24T17:08:28+08:00 ] 127.0.0.1 /todo/Index/home
INFO: [ route_check ] --START--
INFO: Run CheckRoute Behavior [ RunTime:0.001268s ]
INFO: [ route_check ] --END-- [ RunTime:0.001384s ]
INFO: [ app_begin ] --START--
INFO: Run ReadHtmlCache Behavior [ RunTime:0.000694s ]
INFO: [ app_begin ] --END-- [ RunTime:0.000757s ]
INFO: [ view_template ] --START--
INFO: Run LocationTemplate Behavior [ RunTime:0.000762s ]
INFO: [ view_template ] --END-- [ RunTime:0.000830s ]
INFO: [ view_parse ] --START--
INFO: Run ParseTemplate Behavior [ RunTime:0.011511s ]
INFO: [ view_parse ] --END-- [ RunTime:0.011599s ]
INFO: [ view_filter ] --START--
INFO: Run ContentReplace Behavior [ RunTime:0.000582s ]
INFO: Run TokenBuild Behavior [ RunTime:0.000498s ]
INFO: Run WriteHtmlCache Behavior [ RunTime:0.000410s ]
INFO: Run ShowRuntime Behavior [ RunTime:0.000593s ]
INFO: [ view_filter ] --END-- [ RunTime:0.002245s ]
INFO: [ view_end ] --START--
INFO: Run ShowPageTrace Behavior [ RunTime:0.000729s ]
INFO: [ view_end ] --END-- [ RunTime:0.000783s ]

[ 2013-05-24T17:09:06+08:00 ] 127.0.0.1 /todo/Index/home
INFO: [ route_check ] --START--
INFO: Run CheckRoute Behavior [ RunTime:0.001131s ]
INFO: [ route_check ] --END-- [ RunTime:0.001233s ]
INFO: [ app_begin ] --START--
INFO: Run ReadHtmlCache Behavior [ RunTime:0.000836s ]
INFO: [ app_begin ] --END-- [ RunTime:0.000922s ]
INFO: [ view_template ] --START--
INFO: Run LocationTemplate Behavior [ RunTime:0.000742s ]
INFO: [ view_template ] --END-- [ RunTime:0.000809s ]
INFO: [ view_parse ] --START--
INFO: Run ParseTemplate Behavior [ RunTime:0.011540s ]
INFO: [ view_parse ] --END-- [ RunTime:0.011651s ]
INFO: [ view_filter ] --START--
INFO: Run ContentReplace Behavior [ RunTime:0.000579s ]
INFO: Run TokenBuild Behavior [ RunTime:0.000511s ]
INFO: Run WriteHtmlCache Behavior [ RunTime:0.000378s ]
INFO: Run ShowRuntime Behavior [ RunTime:0.000555s ]
INFO: [ view_filter ] --END-- [ RunTime:0.002184s ]
INFO: [ view_end ] --START--
INFO: Run ShowPageTrace Behavior [ RunTime:0.000691s ]
INFO: [ view_end ] --END-- [ RunTime:0.000754s ]

[ 2013-05-24T17:09:17+08:00 ] 127.0.0.1 /todo/Schedule/index
INFO: [ route_check ] --START--
INFO: Run CheckRoute Behavior [ RunTime:0.001164s ]
INFO: [ route_check ] --END-- [ RunTime:0.001291s ]
INFO: [ app_begin ] --START--
INFO: Run ReadHtmlCache Behavior [ RunTime:0.000830s ]
INFO: [ app_begin ] --END-- [ RunTime:0.000929s ]
INFO: [ view_template ] --START--
INFO: Run LocationTemplate Behavior [ RunTime:0.001177s ]
INFO: [ view_template ] --END-- [ RunTime:0.001290s ]
INFO: [ view_parse ] --START--
INFO: Run ParseTemplate Behavior [ RunTime:0.011435s ]
INFO: [ view_parse ] --END-- [ RunTime:0.011531s ]
INFO: [ view_filter ] --START--
INFO: Run ContentReplace Behavior [ RunTime:0.000487s ]
INFO: Run TokenBuild Behavior [ RunTime:0.000423s ]
INFO: Run WriteHtmlCache Behavior [ RunTime:0.000315s ]
INFO: Run ShowRuntime Behavior [ RunTime:0.000494s ]
INFO: [ view_filter ] --END-- [ RunTime:0.001890s ]
INFO: [ view_end ] --START--
INFO: Run ShowPageTrace Behavior [ RunTime:0.000634s ]
INFO: [ view_end ] --END-- [ RunTime:0.000695s ]

[ 2013-05-24T17:09:30+08:00 ] 127.0.0.1 /todo/Schedule/index
INFO: [ route_check ] --START--
INFO: Run CheckRoute Behavior [ RunTime:0.001033s ]
INFO: [ route_check ] --END-- [ RunTime:0.001122s ]
INFO: [ app_begin ] --START--
INFO: Run ReadHtmlCache Behavior [ RunTime:0.000638s ]
INFO: [ app_begin ] --END-- [ RunTime:0.000697s ]
INFO: [ view_template ] --START--
INFO: Run LocationTemplate Behavior [ RunTime:0.000736s ]
INFO: [ view_template ] --END-- [ RunTime:0.000805s ]
INFO: [ view_parse ] --START--
INFO: Run ParseTemplate Behavior [ RunTime:0.016232s ]
INFO: [ view_parse ] --END-- [ RunTime:0.016322s ]
INFO: [ view_filter ] --START--
INFO: Run ContentReplace Behavior [ RunTime:0.000688s ]
INFO: Run TokenBuild Behavior [ RunTime:0.000583s ]
INFO: Run WriteHtmlCache Behavior [ RunTime:0.000449s ]
INFO: Run ShowRuntime Behavior [ RunTime:0.000779s ]
INFO: [ view_filter ] --END-- [ RunTime:0.002702s ]
INFO: [ view_end ] --START--
INFO: Run ShowPageTrace Behavior [ RunTime:0.000953s ]
INFO: [ view_end ] --END-- [ RunTime:0.001021s ]

[ 2013-05-24T17:09:55+08:00 ] 127.0.0.1 /todo/Resource/myProject
INFO: [ route_check ] --START--
INFO: Run CheckRoute Behavior [ RunTime:0.000819s ]
INFO: [ route_check ] --END-- [ RunTime:0.000912s ]
INFO: [ app_begin ] --START--
INFO: Run ReadHtmlCache Behavior [ RunTime:0.000559s ]
INFO: [ app_begin ] --END-- [ RunTime:0.000619s ]
SQL: SHOW COLUMNS FROM `project_user` [ RunTime:0.039016s ]
NOTIC: [8] Undefined index: uid H:\xampp\htdocs\todo\Lib\Action\ResourceAction.class.php 第 18 行.
SQL: SELECT * FROM `project_user` LEFT JOIN project on project_user.project_id=project.id WHERE ( `user_id` = null )  [ RunTime:0.013554s ]
SQL: SHOW COLUMNS FROM `user` [ RunTime:0.012768s ]
NOTIC: [2] Invalid argument supplied for foreach() H:\xampp\htdocs\todo\Lib\Action\ResourceAction.class.php 第 22 行.
INFO: [ view_template ] --START--
INFO: Run LocationTemplate Behavior [ RunTime:0.000833s ]
INFO: [ view_template ] --END-- [ RunTime:0.000911s ]
INFO: [ view_parse ] --START--
NOTIC: [8] Undefined variable: title H:\xampp\htdocs\todo\Runtime\Cache\a19de344503fc8e15679fa7876be14ac.php 第 5 行.
INFO: Run ParseTemplate Behavior [ RunTime:0.012795s ]
INFO: [ view_parse ] --END-- [ RunTime:0.012866s ]
INFO: [ view_filter ] --START--
INFO: Run ContentReplace Behavior [ RunTime:0.000601s ]
INFO: Run TokenBuild Behavior [ RunTime:0.000700s ]
INFO: Run WriteHtmlCache Behavior [ RunTime:0.000371s ]
INFO: Run ShowRuntime Behavior [ RunTime:0.000474s ]
INFO: [ view_filter ] --END-- [ RunTime:0.002472s ]
INFO: [ view_end ] --START--
INFO: Run ShowPageTrace Behavior [ RunTime:0.000611s ]
INFO: [ view_end ] --END-- [ RunTime:0.000665s ]

[ 2013-05-24T17:10:21+08:00 ] 127.0.0.1 /todo/Resource/myProject
INFO: [ route_check ] --START--
INFO: Run CheckRoute Behavior [ RunTime:0.001241s ]
INFO: [ route_check ] --END-- [ RunTime:0.001363s ]
INFO: [ app_begin ] --START--
INFO: Run ReadHtmlCache Behavior [ RunTime:0.000850s ]
INFO: [ app_begin ] --END-- [ RunTime:0.000944s ]
SQL: SHOW COLUMNS FROM `project_user` [ RunTime:0.004903s ]
NOTIC: [8] Undefined index: uid H:\xampp\htdocs\todo\Lib\Action\ResourceAction.class.php 第 18 行.
SQL: SELECT * FROM `project_user` LEFT JOIN project on project_user.project_id=project.id WHERE ( `user_id` = null )  [ RunTime:0.003579s ]
SQL: SHOW COLUMNS FROM `user` [ RunTime:0.005750s ]
NOTIC: [2] Invalid argument supplied for foreach() H:\xampp\htdocs\todo\Lib\Action\ResourceAction.class.php 第 22 行.
INFO: [ view_template ] --START--
INFO: Run LocationTemplate Behavior [ RunTime:0.001231s ]
INFO: [ view_template ] --END-- [ RunTime:0.001336s ]
INFO: [ view_parse ] --START--
NOTIC: [8] Undefined variable: title H:\xampp\htdocs\todo\Runtime\Cache\a19de344503fc8e15679fa7876be14ac.php 第 5 行.
INFO: Run ParseTemplate Behavior [ RunTime:0.015512s ]
INFO: [ view_parse ] --END-- [ RunTime:0.015596s ]
INFO: [ view_filter ] --START--
INFO: Run ContentReplace Behavior [ RunTime:0.000857s ]
INFO: Run TokenBuild Behavior [ RunTime:0.000606s ]
INFO: Run WriteHtmlCache Behavior [ RunTime:0.000426s ]
INFO: Run ShowRuntime Behavior [ RunTime:0.000697s ]
INFO: [ view_filter ] --END-- [ RunTime:0.002786s ]
INFO: [ view_end ] --START--
INFO: Run ShowPageTrace Behavior [ RunTime:0.000851s ]
INFO: [ view_end ] --END-- [ RunTime:0.000923s ]

[ 2013-05-24T17:10:23+08:00 ] 127.0.0.1 /todo/Index/home
INFO: [ route_check ] --START--
INFO: Run CheckRoute Behavior [ RunTime:0.000838s ]
INFO: [ route_check ] --END-- [ RunTime:0.000934s ]
INFO: [ app_begin ] --START--
INFO: Run ReadHtmlCache Behavior [ RunTime:0.000590s ]
INFO: [ app_begin ] --END-- [ RunTime:0.000660s ]
INFO: [ view_template ] --START--
INFO: Run LocationTemplate Behavior [ RunTime:0.000938s ]
INFO: [ view_template ] --END-- [ RunTime:0.001060s ]
INFO: [ view_parse ] --START--
INFO: Run ParseTemplate Behavior [ RunTime:0.011185s ]
INFO: [ view_parse ] --END-- [ RunTime:0.011279s ]
INFO: [ view_filter ] --START--
INFO: Run ContentReplace Behavior [ RunTime:0.000478s ]
INFO: Run TokenBuild Behavior [ RunTime:0.000415s ]
INFO: Run WriteHtmlCache Behavior [ RunTime:0.000301s ]
INFO: Run ShowRuntime Behavior [ RunTime:0.000488s ]
INFO: [ view_filter ] --END-- [ RunTime:0.001859s ]
INFO: [ view_end ] --START--
INFO: Run ShowPageTrace Behavior [ RunTime:0.000802s ]
INFO: [ view_end ] --END-- [ RunTime:0.000883s ]

[ 2013-05-24T17:10:47+08:00 ] 127.0.0.1 /todo/Index/home
INFO: [ route_check ] --START--
INFO: Run CheckRoute Behavior [ RunTime:0.000989s ]
INFO: [ route_check ] --END-- [ RunTime:0.001109s ]
INFO: [ app_begin ] --START--
INFO: Run ReadHtmlCache Behavior [ RunTime:0.000824s ]
INFO: [ app_begin ] --END-- [ RunTime:0.000898s ]
INFO: [ view_template ] --START--
INFO: Run LocationTemplate Behavior [ RunTime:0.000449s ]
INFO: [ view_template ] --END-- [ RunTime:0.000523s ]
INFO: [ view_parse ] --START--
INFO: Run ParseTemplate Behavior [ RunTime:0.011169s ]
INFO: [ view_parse ] --END-- [ RunTime:0.011254s ]
INFO: [ view_filter ] --START--
INFO: Run ContentReplace Behavior [ RunTime:0.000440s ]
INFO: Run TokenBuild Behavior [ RunTime:0.000410s ]
INFO: Run WriteHtmlCache Behavior [ RunTime:0.000312s ]
INFO: Run ShowRuntime Behavior [ RunTime:0.000534s ]
INFO: [ view_filter ] --END-- [ RunTime:0.001859s ]
INFO: [ view_end ] --START--
INFO: Run ShowPageTrace Behavior [ RunTime:0.000621s ]
INFO: [ view_end ] --END-- [ RunTime:0.000678s ]

[ 2013-05-24T17:10:54+08:00 ] 127.0.0.1 /todo/Index/home
INFO: [ route_check ] --START--
INFO: Run CheckRoute Behavior [ RunTime:0.001249s ]
INFO: [ route_check ] --END-- [ RunTime:0.001376s ]
INFO: [ app_begin ] --START--
INFO: Run ReadHtmlCache Behavior [ RunTime:0.000968s ]
INFO: [ app_begin ] --END-- [ RunTime:0.001072s ]
INFO: [ view_template ] --START--
INFO: Run LocationTemplate Behavior [ RunTime:0.001026s ]
INFO: [ view_template ] --END-- [ RunTime:0.001121s ]
INFO: [ view_parse ] --START--
INFO: Run ParseTemplate Behavior [ RunTime:0.013287s ]
INFO: [ view_parse ] --END-- [ RunTime:0.013374s ]
INFO: [ view_filter ] --START--
INFO: Run ContentReplace Behavior [ RunTime:0.000815s ]
INFO: Run TokenBuild Behavior [ RunTime:0.000730s ]
INFO: Run WriteHtmlCache Behavior [ RunTime:0.000433s ]
INFO: Run ShowRuntime Behavior [ RunTime:0.000599s ]
INFO: [ view_filter ] --END-- [ RunTime:0.002783s ]
INFO: [ view_end ] --START--
INFO: Run ShowPageTrace Behavior [ RunTime:0.000786s ]
INFO: [ view_end ] --END-- [ RunTime:0.000846s ]

[ 2013-05-24T17:10:58+08:00 ] 127.0.0.1 /todo/Schedule/index
INFO: [ route_check ] --START--
INFO: Run CheckRoute Behavior [ RunTime:0.000801s ]
INFO: [ route_check ] --END-- [ RunTime:0.000891s ]
INFO: [ app_begin ] --START--
INFO: Run ReadHtmlCache Behavior [ RunTime:0.000554s ]
INFO: [ app_begin ] --END-- [ RunTime:0.000612s ]
INFO: [ view_template ] --START--
INFO: Run LocationTemplate Behavior [ RunTime:0.000558s ]
INFO: [ view_template ] --END-- [ RunTime:0.000623s ]
INFO: [ view_parse ] --START--
INFO: Run ParseTemplate Behavior [ RunTime:0.010845s ]
INFO: [ view_parse ] --END-- [ RunTime:0.010944s ]
INFO: [ view_filter ] --START--
INFO: Run ContentReplace Behavior [ RunTime:0.000450s ]
INFO: Run TokenBuild Behavior [ RunTime:0.000376s ]
INFO: Run WriteHtmlCache Behavior [ RunTime:0.000275s ]
INFO: Run ShowRuntime Behavior [ RunTime:0.000474s ]
INFO: [ view_filter ] --END-- [ RunTime:0.001733s ]
INFO: [ view_end ] --START--
INFO: Run ShowPageTrace Behavior [ RunTime:0.000587s ]
INFO: [ view_end ] --END-- [ RunTime:0.000643s ]

[ 2013-05-24T17:12:44+08:00 ] 127.0.0.1 /todo/Schedule/index
INFO: [ route_check ] --START--
INFO: Run CheckRoute Behavior [ RunTime:0.001003s ]
INFO: [ route_check ] --END-- [ RunTime:0.001121s ]
INFO: [ app_begin ] --START--
INFO: Run ReadHtmlCache Behavior [ RunTime:0.000750s ]
INFO: [ app_begin ] --END-- [ RunTime:0.000836s ]
INFO: [ view_template ] --START--
INFO: Run LocationTemplate Behavior [ RunTime:0.000563s ]
INFO: [ view_template ] --END-- [ RunTime:0.000656s ]
INFO: [ view_parse ] --START--
INFO: Run ParseTemplate Behavior [ RunTime:0.011942s ]
INFO: [ view_parse ] --END-- [ RunTime:0.012039s ]
INFO: [ view_filter ] --START--
INFO: Run ContentReplace Behavior [ RunTime:0.000443s ]
INFO: Run TokenBuild Behavior [ RunTime:0.000436s ]
INFO: Run WriteHtmlCache Behavior [ RunTime:0.000296s ]
INFO: Run ShowRuntime Behavior [ RunTime:0.000470s ]
INFO: [ view_filter ] --END-- [ RunTime:0.001807s ]
INFO: [ view_end ] --START--
INFO: Run ShowPageTrace Behavior [ RunTime:0.000595s ]
INFO: [ view_end ] --END-- [ RunTime:0.000651s ]

[ 2013-05-24T17:13:42+08:00 ] 127.0.0.1 /todo/Schedule/index
INFO: [ route_check ] --START--
INFO: Run CheckRoute Behavior [ RunTime:0.001093s ]
INFO: [ route_check ] --END-- [ RunTime:0.001190s ]
INFO: [ app_begin ] --START--
INFO: Run ReadHtmlCache Behavior [ RunTime:0.000669s ]
INFO: [ app_begin ] --END-- [ RunTime:0.000733s ]
INFO: [ view_template ] --START--
INFO: Run LocationTemplate Behavior [ RunTime:0.000783s ]
INFO: [ view_template ] --END-- [ RunTime:0.000869s ]
INFO: [ view_parse ] --START--
INFO: Run ParseTemplate Behavior [ RunTime:0.012424s ]
INFO: [ view_parse ] --END-- [ RunTime:0.012517s ]
INFO: [ view_filter ] --START--
INFO: Run ContentReplace Behavior [ RunTime:0.000593s ]
INFO: Run TokenBuild Behavior [ RunTime:0.000526s ]
INFO: Run WriteHtmlCache Behavior [ RunTime:0.000464s ]
INFO: Run ShowRuntime Behavior [ RunTime:0.000708s ]
INFO: [ view_filter ] --END-- [ RunTime:0.002481s ]
INFO: [ view_end ] --START--
INFO: Run ShowPageTrace Behavior [ RunTime:0.000975s ]
INFO: [ view_end ] --END-- [ RunTime:0.001046s ]

[ 2013-05-24T17:14:00+08:00 ] 127.0.0.1 /todo/Schedule/index
INFO: [ route_check ] --START--
INFO: Run CheckRoute Behavior [ RunTime:0.001111s ]
INFO: [ route_check ] --END-- [ RunTime:0.001235s ]
INFO: [ app_begin ] --START--
INFO: Run ReadHtmlCache Behavior [ RunTime:0.000773s ]
INFO: [ app_begin ] --END-- [ RunTime:0.000849s ]
INFO: [ view_template ] --START--
INFO: Run LocationTemplate Behavior [ RunTime:0.000922s ]
INFO: [ view_template ] --END-- [ RunTime:0.001011s ]
INFO: [ view_parse ] --START--
INFO: Run ParseTemplate Behavior [ RunTime:0.011583s ]
INFO: [ view_parse ] --END-- [ RunTime:0.011666s ]
INFO: [ view_filter ] --START--
INFO: Run ContentReplace Behavior [ RunTime:0.000619s ]
INFO: Run TokenBuild Behavior [ RunTime:0.000785s ]
INFO: Run WriteHtmlCache Behavior [ RunTime:0.000686s ]
INFO: Run ShowRuntime Behavior [ RunTime:0.001119s ]
INFO: [ view_filter ] --END-- [ RunTime:0.003476s ]
INFO: [ view_end ] --START--
INFO: Run ShowPageTrace Behavior [ RunTime:0.001374s ]
INFO: [ view_end ] --END-- [ RunTime:0.001502s ]

[ 2013-05-24T17:18:07+08:00 ] 127.0.0.1 /todo/Schedule/index
INFO: [ route_check ] --START--
INFO: Run CheckRoute Behavior [ RunTime:0.001367s ]
INFO: [ route_check ] --END-- [ RunTime:0.001524s ]
INFO: [ app_begin ] --START--
INFO: Run ReadHtmlCache Behavior [ RunTime:0.001242s ]
INFO: [ app_begin ] --END-- [ RunTime:0.001343s ]
INFO: [ view_template ] --START--
INFO: Run LocationTemplate Behavior [ RunTime:0.000917s ]
INFO: [ view_template ] --END-- [ RunTime:0.001002s ]
INFO: [ view_parse ] --START--
INFO: Run ParseTemplate Behavior [ RunTime:0.013066s ]
INFO: [ view_parse ] --END-- [ RunTime:0.013191s ]
INFO: [ view_filter ] --START--
INFO: Run ContentReplace Behavior [ RunTime:0.000708s ]
INFO: Run TokenBuild Behavior [ RunTime:0.000653s ]
INFO: Run WriteHtmlCache Behavior [ RunTime:0.000419s ]
INFO: Run ShowRuntime Behavior [ RunTime:0.000588s ]
INFO: [ view_filter ] --END-- [ RunTime:0.002552s ]
INFO: [ view_end ] --START--
INFO: Run ShowPageTrace Behavior [ RunTime:0.000741s ]
INFO: [ view_end ] --END-- [ RunTime:0.000800s ]

[ 2013-05-24T17:18:53+08:00 ] 127.0.0.1 /todo/Schedule/index
INFO: [ route_check ] --START--
INFO: Run CheckRoute Behavior [ RunTime:0.001231s ]
INFO: [ route_check ] --END-- [ RunTime:0.001371s ]
INFO: [ app_begin ] --START--
INFO: Run ReadHtmlCache Behavior [ RunTime:0.000975s ]
INFO: [ app_begin ] --END-- [ RunTime:0.001075s ]
INFO: [ view_template ] --START--
INFO: Run LocationTemplate Behavior [ RunTime:0.000843s ]
INFO: [ view_template ] --END-- [ RunTime:0.000916s ]
INFO: [ view_parse ] --START--
INFO: Run ParseTemplate Behavior [ RunTime:0.011620s ]
INFO: [ view_parse ] --END-- [ RunTime:0.011706s ]
INFO: [ view_filter ] --START--
INFO: Run ContentReplace Behavior [ RunTime:0.000561s ]
INFO: Run TokenBuild Behavior [ RunTime:0.000494s ]
INFO: Run WriteHtmlCache Behavior [ RunTime:0.000389s ]
INFO: Run ShowRuntime Behavior [ RunTime:0.000855s ]
INFO: [ view_filter ] --END-- [ RunTime:0.002556s ]
INFO: [ view_end ] --START--
INFO: Run ShowPageTrace Behavior [ RunTime:0.000937s ]
INFO: [ view_end ] --END-- [ RunTime:0.000999s ]

[ 2013-05-24T17:22:26+08:00 ] 127.0.0.1 /todo/Resource/myProject
INFO: [ route_check ] --START--
INFO: Run CheckRoute Behavior [ RunTime:0.001281s ]
INFO: [ route_check ] --END-- [ RunTime:0.001406s ]
INFO: [ app_begin ] --START--
INFO: Run ReadHtmlCache Behavior [ RunTime:0.001036s ]
INFO: [ app_begin ] --END-- [ RunTime:0.001172s ]
SQL: SHOW COLUMNS FROM `project_user` [ RunTime:0.003736s ]
NOTIC: [8] Undefined index: uid H:\xampp\htdocs\todo\Lib\Action\ResourceAction.class.php 第 18 行.
SQL: SELECT * FROM `project_user` LEFT JOIN project on project_user.project_id=project.id WHERE ( `user_id` = null )  [ RunTime:0.001429s ]
SQL: SHOW COLUMNS FROM `user` [ RunTime:0.004065s ]
NOTIC: [2] Invalid argument supplied for foreach() H:\xampp\htdocs\todo\Lib\Action\ResourceAction.class.php 第 22 行.
INFO: [ view_template ] --START--
INFO: Run LocationTemplate Behavior [ RunTime:0.000958s ]
INFO: [ view_template ] --END-- [ RunTime:0.001045s ]
INFO: [ view_parse ] --START--
NOTIC: [8] Undefined variable: title H:\xampp\htdocs\todo\Runtime\Cache\a19de344503fc8e15679fa7876be14ac.php 第 5 行.
INFO: Run ParseTemplate Behavior [ RunTime:0.013403s ]
INFO: [ view_parse ] --END-- [ RunTime:0.013471s ]
INFO: [ view_filter ] --START--
INFO: Run ContentReplace Behavior [ RunTime:0.000549s ]
INFO: Run TokenBuild Behavior [ RunTime:0.000507s ]
INFO: Run WriteHtmlCache Behavior [ RunTime:0.000365s ]
INFO: Run ShowRuntime Behavior [ RunTime:0.000571s ]
INFO: [ view_filter ] --END-- [ RunTime:0.002149s ]
INFO: [ view_end ] --START--
INFO: Run ShowPageTrace Behavior [ RunTime:0.000691s ]
INFO: [ view_end ] --END-- [ RunTime:0.000746s ]

[ 2013-05-24T17:22:30+08:00 ] 127.0.0.1 /todo/Resource/projectEdit
INFO: [ route_check ] --START--
INFO: Run CheckRoute Behavior [ RunTime:0.000807s ]
INFO: [ route_check ] --END-- [ RunTime:0.000889s ]
INFO: [ app_begin ] --START--
INFO: Run ReadHtmlCache Behavior [ RunTime:0.000557s ]
INFO: [ app_begin ] --END-- [ RunTime:0.000608s ]
INFO: [ view_template ] --START--
INFO: Run LocationTemplate Behavior [ RunTime:0.000493s ]
INFO: [ view_template ] --END-- [ RunTime:0.000551s ]
INFO: [ view_parse ] --START--
INFO: Run ParseTemplate Behavior [ RunTime:0.017684s ]
INFO: [ view_parse ] --END-- [ RunTime:0.017763s ]
INFO: [ view_filter ] --START--
INFO: Run ContentReplace Behavior [ RunTime:0.000432s ]
INFO: Run TokenBuild Behavior [ RunTime:0.000379s ]
INFO: Run WriteHtmlCache Behavior [ RunTime:0.000279s ]
INFO: Run ShowRuntime Behavior [ RunTime:0.000463s ]
INFO: [ view_filter ] --END-- [ RunTime:0.001686s ]

[ 2013-05-24T17:22:36+08:00 ] 127.0.0.1 /todo/Resource/projectEdit
INFO: [ route_check ] --START--
INFO: Run CheckRoute Behavior [ RunTime:0.000814s ]
INFO: [ route_check ] --END-- [ RunTime:0.000902s ]
INFO: [ app_begin ] --START--
INFO: Run ReadHtmlCache Behavior [ RunTime:0.000549s ]
INFO: [ app_begin ] --END-- [ RunTime:0.000603s ]
INFO: [ view_template ] --START--
INFO: Run LocationTemplate Behavior [ RunTime:0.000386s ]
INFO: [ view_template ] --END-- [ RunTime:0.000444s ]
INFO: [ view_parse ] --START--
INFO: Run ParseTemplate Behavior [ RunTime:0.007471s ]
INFO: [ view_parse ] --END-- [ RunTime:0.007542s ]
INFO: [ view_filter ] --START--
INFO: Run ContentReplace Behavior [ RunTime:0.000379s ]
INFO: Run TokenBuild Behavior [ RunTime:0.000394s ]
INFO: Run WriteHtmlCache Behavior [ RunTime:0.000283s ]
INFO: Run ShowRuntime Behavior [ RunTime:0.000472s ]
INFO: [ view_filter ] --END-- [ RunTime:0.001666s ]

[ 2013-05-24T17:22:49+08:00 ] 127.0.0.1 /todo/Schedule/index
INFO: [ route_check ] --START--
INFO: Run CheckRoute Behavior [ RunTime:0.000805s ]
INFO: [ route_check ] --END-- [ RunTime:0.000890s ]
INFO: [ app_begin ] --START--
INFO: Run ReadHtmlCache Behavior [ RunTime:0.000709s ]
INFO: [ app_begin ] --END-- [ RunTime:0.000782s ]
INFO: [ view_template ] --START--
INFO: Run LocationTemplate Behavior [ RunTime:0.000564s ]
INFO: [ view_template ] --END-- [ RunTime:0.000630s ]
INFO: [ view_parse ] --START--
INFO: Run ParseTemplate Behavior [ RunTime:0.010681s ]
INFO: [ view_parse ] --END-- [ RunTime:0.010776s ]
INFO: [ view_filter ] --START--
INFO: Run ContentReplace Behavior [ RunTime:0.000456s ]
INFO: Run TokenBuild Behavior [ RunTime:0.000378s ]
INFO: Run WriteHtmlCache Behavior [ RunTime:0.000279s ]
INFO: Run ShowRuntime Behavior [ RunTime:0.000483s ]
INFO: [ view_filter ] --END-- [ RunTime:0.001758s ]
INFO: [ view_end ] --START--
INFO: Run ShowPageTrace Behavior [ RunTime:0.000608s ]
INFO: [ view_end ] --END-- [ RunTime:0.000664s ]

[ 2013-05-24T17:27:58+08:00 ] 127.0.0.1 /todo/Schedule/index
INFO: [ route_check ] --START--
INFO: Run CheckRoute Behavior [ RunTime:0.001569s ]
INFO: [ route_check ] --END-- [ RunTime:0.001693s ]
INFO: [ app_begin ] --START--
INFO: Run ReadHtmlCache Behavior [ RunTime:0.000694s ]
INFO: [ app_begin ] --END-- [ RunTime:0.000756s ]
INFO: [ view_template ] --START--
INFO: Run LocationTemplate Behavior [ RunTime:0.000788s ]
INFO: [ view_template ] --END-- [ RunTime:0.000857s ]
INFO: [ view_parse ] --START--
INFO: Run ParseTemplate Behavior [ RunTime:0.011849s ]
INFO: [ view_parse ] --END-- [ RunTime:0.011941s ]
INFO: [ view_filter ] --START--
INFO: Run ContentReplace Behavior [ RunTime:0.000572s ]
INFO: Run TokenBuild Behavior [ RunTime:0.000530s ]
INFO: Run WriteHtmlCache Behavior [ RunTime:0.000368s ]
INFO: Run ShowRuntime Behavior [ RunTime:0.000561s ]
INFO: [ view_filter ] --END-- [ RunTime:0.002189s ]
INFO: [ view_end ] --START--
INFO: Run ShowPageTrace Behavior [ RunTime:0.000695s ]
INFO: [ view_end ] --END-- [ RunTime:0.000751s ]

[ 2013-05-24T17:28:55+08:00 ] 127.0.0.1 /todo/Schedule/index
INFO: [ route_check ] --START--
INFO: Run CheckRoute Behavior [ RunTime:0.001112s ]
INFO: [ route_check ] --END-- [ RunTime:0.001211s ]
INFO: [ app_begin ] --START--
INFO: Run ReadHtmlCache Behavior [ RunTime:0.000727s ]
INFO: [ app_begin ] --END-- [ RunTime:0.000794s ]
INFO: [ view_template ] --START--
INFO: Run LocationTemplate Behavior [ RunTime:0.007453s ]
INFO: [ view_template ] --END-- [ RunTime:0.007554s ]
INFO: [ view_parse ] --START--
INFO: Run ParseTemplate Behavior [ RunTime:0.014303s ]
INFO: [ view_parse ] --END-- [ RunTime:0.014420s ]
INFO: [ view_filter ] --START--
INFO: Run ContentReplace Behavior [ RunTime:0.000811s ]
INFO: Run TokenBuild Behavior [ RunTime:0.000544s ]
INFO: Run WriteHtmlCache Behavior [ RunTime:0.000438s ]
INFO: Run ShowRuntime Behavior [ RunTime:0.000815s ]
INFO: [ view_filter ] --END-- [ RunTime:0.002821s ]
INFO: [ view_end ] --START--
INFO: Run ShowPageTrace Behavior [ RunTime:0.000986s ]
INFO: [ view_end ] --END-- [ RunTime:0.001063s ]

[ 2013-05-24T17:32:33+08:00 ] 127.0.0.1 /todo/Schedule/index
INFO: [ route_check ] --START--
INFO: Run CheckRoute Behavior [ RunTime:0.001215s ]
INFO: [ route_check ] --END-- [ RunTime:0.001333s ]
INFO: [ app_begin ] --START--
INFO: Run ReadHtmlCache Behavior [ RunTime:0.000782s ]
INFO: [ app_begin ] --END-- [ RunTime:0.000857s ]
INFO: [ view_template ] --START--
INFO: Run LocationTemplate Behavior [ RunTime:0.000859s ]
INFO: [ view_template ] --END-- [ RunTime:0.000951s ]
INFO: [ view_parse ] --START--
INFO: Run ParseTemplate Behavior [ RunTime:0.011514s ]
INFO: [ view_parse ] --END-- [ RunTime:0.011602s ]
INFO: [ view_filter ] --START--
INFO: Run ContentReplace Behavior [ RunTime:0.000569s ]
INFO: Run TokenBuild Behavior [ RunTime:0.000507s ]
INFO: Run WriteHtmlCache Behavior [ RunTime:0.000369s ]
INFO: Run ShowRuntime Behavior [ RunTime:0.000586s ]
INFO: [ view_filter ] --END-- [ RunTime:0.002190s ]
INFO: [ view_end ] --START--
INFO: Run ShowPageTrace Behavior [ RunTime:0.000706s ]
INFO: [ view_end ] --END-- [ RunTime:0.000769s ]

[ 2013-05-24T17:33:43+08:00 ] 127.0.0.1 /todo/Schedule/index
INFO: [ route_check ] --START--
INFO: Run CheckRoute Behavior [ RunTime:0.001152s ]
INFO: [ route_check ] --END-- [ RunTime:0.001267s ]
INFO: [ app_begin ] --START--
INFO: Run ReadHtmlCache Behavior [ RunTime:0.000643s ]
INFO: [ app_begin ] --END-- [ RunTime:0.000710s ]
INFO: [ view_template ] --START--
INFO: Run LocationTemplate Behavior [ RunTime:0.000418s ]
INFO: [ view_template ] --END-- [ RunTime:0.000488s ]
INFO: [ view_parse ] --START--
INFO: Run ParseTemplate Behavior [ RunTime:0.010448s ]
INFO: [ view_parse ] --END-- [ RunTime:0.010530s ]
INFO: [ view_filter ] --START--
INFO: Run ContentReplace Behavior [ RunTime:0.000453s ]
INFO: Run TokenBuild Behavior [ RunTime:0.000402s ]
INFO: Run WriteHtmlCache Behavior [ RunTime:0.000365s ]
INFO: Run ShowRuntime Behavior [ RunTime:0.000591s ]
INFO: [ view_filter ] --END-- [ RunTime:0.001995s ]
INFO: [ view_end ] --START--
INFO: Run ShowPageTrace Behavior [ RunTime:0.000607s ]
INFO: [ view_end ] --END-- [ RunTime:0.000734s ]

[ 2013-05-24T17:33:59+08:00 ] 127.0.0.1 /todo/Schedule/index
INFO: [ route_check ] --START--
INFO: Run CheckRoute Behavior [ RunTime:0.001228s ]
INFO: [ route_check ] --END-- [ RunTime:0.001342s ]
INFO: [ app_begin ] --START--
INFO: Run ReadHtmlCache Behavior [ RunTime:0.000703s ]
INFO: [ app_begin ] --END-- [ RunTime:0.000775s ]
INFO: [ view_template ] --START--
INFO: Run LocationTemplate Behavior [ RunTime:0.000955s ]
INFO: [ view_template ] --END-- [ RunTime:0.001035s ]
INFO: [ view_parse ] --START--
INFO: Run ParseTemplate Behavior [ RunTime:0.012268s ]
INFO: [ view_parse ] --END-- [ RunTime:0.012371s ]
INFO: [ view_filter ] --START--
INFO: Run ContentReplace Behavior [ RunTime:0.000718s ]
INFO: Run TokenBuild Behavior [ RunTime:0.000496s ]
INFO: Run WriteHtmlCache Behavior [ RunTime:0.000405s ]
INFO: Run ShowRuntime Behavior [ RunTime:0.000576s ]
INFO: [ view_filter ] --END-- [ RunTime:0.002361s ]
INFO: [ view_end ] --START--
INFO: Run ShowPageTrace Behavior [ RunTime:0.000706s ]
INFO: [ view_end ] --END-- [ RunTime:0.000762s ]

[ 2013-05-24T17:34:08+08:00 ] 127.0.0.1 /todo/Schedule/index
INFO: [ route_check ] --START--
INFO: Run CheckRoute Behavior [ RunTime:0.001350s ]
INFO: [ route_check ] --END-- [ RunTime:0.001485s ]
INFO: [ app_begin ] --START--
INFO: Run ReadHtmlCache Behavior [ RunTime:0.000767s ]
INFO: [ app_begin ] --END-- [ RunTime:0.000847s ]
INFO: [ view_template ] --START--
INFO: Run LocationTemplate Behavior [ RunTime:0.001124s ]
INFO: [ view_template ] --END-- [ RunTime:0.001228s ]
INFO: [ view_parse ] --START--
INFO: Run ParseTemplate Behavior [ RunTime:0.012484s ]
INFO: [ view_parse ] --END-- [ RunTime:0.012571s ]
INFO: [ view_filter ] --START--
INFO: Run ContentReplace Behavior [ RunTime:0.000562s ]
INFO: Run TokenBuild Behavior [ RunTime:0.000544s ]
INFO: Run WriteHtmlCache Behavior [ RunTime:0.000417s ]
INFO: Run ShowRuntime Behavior [ RunTime:0.000565s ]
INFO: [ view_filter ] --END-- [ RunTime:0.002257s ]
INFO: [ view_end ] --START--
INFO: Run ShowPageTrace Behavior [ RunTime:0.000684s ]
INFO: [ view_end ] --END-- [ RunTime:0.000751s ]

[ 2013-05-24T17:34:32+08:00 ] 127.0.0.1 /todo/Schedule/index
INFO: [ route_check ] --START--
INFO: Run CheckRoute Behavior [ RunTime:0.001030s ]
INFO: [ route_check ] --END-- [ RunTime:0.001140s ]
INFO: [ app_begin ] --START--
INFO: Run ReadHtmlCache Behavior [ RunTime:0.000816s ]
INFO: [ app_begin ] --END-- [ RunTime:0.000900s ]
INFO: [ view_template ] --START--
INFO: Run LocationTemplate Behavior [ RunTime:0.000600s ]
INFO: [ view_template ] --END-- [ RunTime:0.000727s ]
INFO: [ view_parse ] --START--
INFO: Run ParseTemplate Behavior [ RunTime:0.011558s ]
INFO: [ view_parse ] --END-- [ RunTime:0.011647s ]
INFO: [ view_filter ] --START--
INFO: Run ContentReplace Behavior [ RunTime:0.000504s ]
INFO: Run TokenBuild Behavior [ RunTime:0.000541s ]
INFO: Run WriteHtmlCache Behavior [ RunTime:0.000381s ]
INFO: Run ShowRuntime Behavior [ RunTime:0.000556s ]
INFO: [ view_filter ] --END-- [ RunTime:0.002180s ]
INFO: [ view_end ] --START--
INFO: Run ShowPageTrace Behavior [ RunTime:0.000646s ]
INFO: [ view_end ] --END-- [ RunTime:0.000706s ]

[ 2013-05-24T17:34:49+08:00 ] 127.0.0.1 /todo/Schedule/index
INFO: [ route_check ] --START--
INFO: Run CheckRoute Behavior [ RunTime:0.001280s ]
INFO: [ route_check ] --END-- [ RunTime:0.001396s ]
INFO: [ app_begin ] --START--
INFO: Run ReadHtmlCache Behavior [ RunTime:0.000755s ]
INFO: [ app_begin ] --END-- [ RunTime:0.000827s ]
INFO: [ view_template ] --START--
INFO: Run LocationTemplate Behavior [ RunTime:0.000847s ]
INFO: [ view_template ] --END-- [ RunTime:0.000938s ]
INFO: [ view_parse ] --START--
INFO: Run ParseTemplate Behavior [ RunTime:0.015405s ]
INFO: [ view_parse ] --END-- [ RunTime:0.015490s ]
INFO: [ view_filter ] --START--
INFO: Run ContentReplace Behavior [ RunTime:0.000569s ]
INFO: Run TokenBuild Behavior [ RunTime:0.000495s ]
INFO: Run WriteHtmlCache Behavior [ RunTime:0.000384s ]
INFO: Run ShowRuntime Behavior [ RunTime:0.000556s ]
INFO: [ view_filter ] --END-- [ RunTime:0.002199s ]
INFO: [ view_end ] --START--
INFO: Run ShowPageTrace Behavior [ RunTime:0.000725s ]
INFO: [ view_end ] --END-- [ RunTime:0.000786s ]

[ 2013-05-24T17:35:04+08:00 ] 127.0.0.1 /todo/Schedule/index
INFO: [ route_check ] --START--
INFO: Run CheckRoute Behavior [ RunTime:0.001463s ]
INFO: [ route_check ] --END-- [ RunTime:0.001607s ]
INFO: [ app_begin ] --START--
INFO: Run ReadHtmlCache Behavior [ RunTime:0.000876s ]
INFO: [ app_begin ] --END-- [ RunTime:0.000973s ]
INFO: [ view_template ] --START--
INFO: Run LocationTemplate Behavior [ RunTime:0.001212s ]
INFO: [ view_template ] --END-- [ RunTime:0.001326s ]
INFO: [ view_parse ] --START--
INFO: Run ParseTemplate Behavior [ RunTime:0.013508s ]
INFO: [ view_parse ] --END-- [ RunTime:0.013604s ]
INFO: [ view_filter ] --START--
INFO: Run ContentReplace Behavior [ RunTime:0.000798s ]
INFO: Run TokenBuild Behavior [ RunTime:0.000737s ]
INFO: Run WriteHtmlCache Behavior [ RunTime:0.000429s ]
INFO: Run ShowRuntime Behavior [ RunTime:0.000592s ]
INFO: [ view_filter ] --END-- [ RunTime:0.002766s ]
INFO: [ view_end ] --START--
INFO: Run ShowPageTrace Behavior [ RunTime:0.000845s ]
INFO: [ view_end ] --END-- [ RunTime:0.000947s ]

