[ 2013-06-02T09:44:49+08:00 ] 127.0.0.1 /todo/
INFO: [ app_begin ] --START--
INFO: Run ReadHtmlCache Behavior [ RunTime:0.008281s ]
INFO: [ app_begin ] --END-- [ RunTime:0.008389s ]

[ 2013-06-02T09:44:49+08:00 ] 127.0.0.1 /todo/Index/home
INFO: [ route_check ] --START--
INFO: Run CheckRoute Behavior [ RunTime:0.002013s ]
INFO: [ route_check ] --END-- [ RunTime:0.002093s ]
INFO: [ app_begin ] --START--
INFO: Run ReadHtmlCache Behavior [ RunTime:0.000624s ]
INFO: [ app_begin ] --END-- [ RunTime:0.000687s ]
INFO: [ view_template ] --START--
INFO: Run LocationTemplate Behavior [ RunTime:0.011344s ]
INFO: [ view_template ] --END-- [ RunTime:0.011422s ]
INFO: [ view_parse ] --START--
INFO: Run ParseTemplate Behavior [ RunTime:0.059297s ]
INFO: [ view_parse ] --END-- [ RunTime:0.059388s ]
INFO: [ view_filter ] --START--
INFO: Run ContentReplace Behavior [ RunTime:0.001281s ]
INFO: Run TokenBuild Behavior [ RunTime:0.001145s ]
INFO: Run WriteHtmlCache Behavior [ RunTime:0.001005s ]
INFO: Run ShowRuntime Behavior [ RunTime:0.001207s ]
INFO: [ view_filter ] --END-- [ RunTime:0.004827s ]
INFO: [ view_end ] --START--
INFO: Run ShowPageTrace Behavior [ RunTime:0.001492s ]
INFO: [ view_end ] --END-- [ RunTime:0.001543s ]

[ 2013-06-02T09:44:54+08:00 ] 127.0.0.1 /todo/Login/tologout
INFO: [ route_check ] --START--
INFO: Run CheckRoute Behavior [ RunTime:0.001604s ]
INFO: [ route_check ] --END-- [ RunTime:0.001688s ]
INFO: [ app_begin ] --START--
INFO: Run ReadHtmlCache Behavior [ RunTime:0.001231s ]
INFO: [ app_begin ] --END-- [ RunTime:0.001301s ]

[ 2013-06-02T09:44:54+08:00 ] 127.0.0.1 /todo/Login/tologin
INFO: [ route_check ] --START--
INFO: Run CheckRoute Behavior [ RunTime:0.000799s ]
INFO: [ route_check ] --END-- [ RunTime:0.000874s ]
INFO: [ app_begin ] --START--
INFO: Run ReadHtmlCache Behavior [ RunTime:0.000525s ]
INFO: [ app_begin ] --END-- [ RunTime:0.000580s ]
INFO: [ view_template ] --START--
INFO: Run LocationTemplate Behavior [ RunTime:0.001408s ]
INFO: [ view_template ] --END-- [ RunTime:0.001485s ]
INFO: [ view_parse ] --START--
INFO: Run ParseTemplate Behavior [ RunTime:0.037684s ]
INFO: [ view_parse ] --END-- [ RunTime:0.037769s ]
INFO: [ view_filter ] --START--
INFO: Run ContentReplace Behavior [ RunTime:0.000915s ]
INFO: Run TokenBuild Behavior [ RunTime:0.000789s ]
INFO: Run WriteHtmlCache Behavior [ RunTime:0.000793s ]
INFO: Run ShowRuntime Behavior [ RunTime:0.000901s ]
INFO: [ view_filter ] --END-- [ RunTime:0.003542s ]
INFO: [ view_end ] --START--
INFO: Run ShowPageTrace Behavior [ RunTime:0.001022s ]
INFO: [ view_end ] --END-- [ RunTime:0.001071s ]

[ 2013-06-02T09:44:58+08:00 ] 127.0.0.1 /todo/Login/login
INFO: [ route_check ] --START--
INFO: Run CheckRoute Behavior [ RunTime:0.001175s ]
INFO: [ route_check ] --END-- [ RunTime:0.001271s ]
INFO: [ app_begin ] --START--
INFO: Run ReadHtmlCache Behavior [ RunTime:0.000761s ]
INFO: [ app_begin ] --END-- [ RunTime:0.000833s ]
SQL: SHOW COLUMNS FROM `user` [ RunTime:0.044085s ]
SQL: SELECT * FROM `user` WHERE ( `name` = 'admin' ) LIMIT 1   [ RunTime:0.001821s ]

[ 2013-06-02T09:44:58+08:00 ] 127.0.0.1 /todo/Index/home
INFO: [ route_check ] --START--
INFO: Run CheckRoute Behavior [ RunTime:0.001207s ]
INFO: [ route_check ] --END-- [ RunTime:0.001301s ]
INFO: [ app_begin ] --START--
INFO: Run ReadHtmlCache Behavior [ RunTime:0.000726s ]
INFO: [ app_begin ] --END-- [ RunTime:0.000800s ]
INFO: [ view_template ] --START--
INFO: Run LocationTemplate Behavior [ RunTime:0.000988s ]
INFO: [ view_template ] --END-- [ RunTime:0.001050s ]
INFO: [ view_parse ] --START--
INFO: Run ParseTemplate Behavior [ RunTime:0.009991s ]
INFO: [ view_parse ] --END-- [ RunTime:0.010057s ]
INFO: [ view_filter ] --START--
INFO: Run ContentReplace Behavior [ RunTime:0.000353s ]
INFO: Run TokenBuild Behavior [ RunTime:0.000336s ]
INFO: Run WriteHtmlCache Behavior [ RunTime:0.000226s ]
INFO: Run ShowRuntime Behavior [ RunTime:0.000400s ]
INFO: [ view_filter ] --END-- [ RunTime:0.001446s ]
INFO: [ view_end ] --START--
INFO: Run ShowPageTrace Behavior [ RunTime:0.000521s ]
INFO: [ view_end ] --END-- [ RunTime:0.000568s ]

[ 2013-06-02T09:45:00+08:00 ] 127.0.0.1 /todo/Schedule/index
INFO: [ route_check ] --START--
INFO: Run CheckRoute Behavior [ RunTime:0.000738s ]
INFO: [ route_check ] --END-- [ RunTime:0.000799s ]
INFO: [ app_begin ] --START--
INFO: Run ReadHtmlCache Behavior [ RunTime:0.000554s ]
INFO: [ app_begin ] --END-- [ RunTime:0.000615s ]
INFO: [ view_template ] --START--
INFO: Run LocationTemplate Behavior [ RunTime:0.010950s ]
INFO: [ view_template ] --END-- [ RunTime:0.011022s ]
INFO: [ view_parse ] --START--
INFO: Run ParseTemplate Behavior [ RunTime:0.022135s ]
INFO: [ view_parse ] --END-- [ RunTime:0.022203s ]
INFO: [ view_filter ] --START--
INFO: Run ContentReplace Behavior [ RunTime:0.000420s ]
INFO: Run TokenBuild Behavior [ RunTime:0.000334s ]
INFO: Run WriteHtmlCache Behavior [ RunTime:0.000229s ]
INFO: Run ShowRuntime Behavior [ RunTime:0.000410s ]
INFO: [ view_filter ] --END-- [ RunTime:0.001525s ]
INFO: [ view_end ] --START--
INFO: Run ShowPageTrace Behavior [ RunTime:0.000535s ]
INFO: [ view_end ] --END-- [ RunTime:0.000579s ]

[ 2013-06-02T09:45:00+08:00 ] 127.0.0.1 /todo/Schedule/showData?start=1369497600&end=1373126400&_=1370137500251
INFO: [ route_check ] --START--
INFO: Run CheckRoute Behavior [ RunTime:0.000792s ]
INFO: [ route_check ] --END-- [ RunTime:0.000866s ]
INFO: [ app_begin ] --START--
INFO: Run ReadHtmlCache Behavior [ RunTime:0.000624s ]
INFO: [ app_begin ] --END-- [ RunTime:0.000674s ]
SQL: SHOW COLUMNS FROM `schedule` [ RunTime:0.038500s ]
SQL: SELECT Schedule.*,project.name FROM `schedule` LEFT JOIN project on project.id=schedule.project_id WHERE ( `user_id` = 1 )  [ RunTime:0.073817s ]

[ 2013-06-02T09:45:00+08:00 ] 127.0.0.1 /todo/Project/myProject
INFO: [ route_check ] --START--
INFO: Run CheckRoute Behavior [ RunTime:0.001315s ]
INFO: [ route_check ] --END-- [ RunTime:0.001394s ]
INFO: [ app_begin ] --START--
INFO: Run ReadHtmlCache Behavior [ RunTime:0.000957s ]
INFO: [ app_begin ] --END-- [ RunTime:0.001006s ]
NOTIC: [2048] Declaration of ProjectAction::get() should be compatible with that of Action::get() D:\WorkStation\phpWebRoot\todo\Lib\Action\ProjectAction.class.php 第 118 行.
SQL: SHOW COLUMNS FROM `project_partner` [ RunTime:0.030447s ]
SQL: SELECT * FROM `project_partner` LEFT JOIN project on project_partner.project_id=project.id WHERE ( `user_id` = 1 ) ORDER BY project.id desc  [ RunTime:0.000802s ]
SQL: SHOW COLUMNS FROM `user` [ RunTime:0.002046s ]
SQL: SELECT * FROM `user` WHERE ( `id` = null ) LIMIT 1   [ RunTime:0.010214s ]
SQL: SELECT * FROM `user` WHERE ( `id` = 2 ) LIMIT 1   [ RunTime:0.000210s ]
SQL: SHOW COLUMNS FROM `project` [ RunTime:0.002002s ]
SQL: SELECT * FROM `project` WHERE ( `id` NOT IN ('17') ) AND ( (manager_id=1 or director_id=1) )  [ RunTime:0.000604s ]

[ 2013-06-02T09:45:00+08:00 ] 127.0.0.1 /todo/Project/myCommonUseProj
INFO: [ route_check ] --START--
INFO: Run CheckRoute Behavior [ RunTime:0.001535s ]
INFO: [ route_check ] --END-- [ RunTime:0.001629s ]
INFO: [ app_begin ] --START--
INFO: Run ReadHtmlCache Behavior [ RunTime:0.000995s ]
INFO: [ app_begin ] --END-- [ RunTime:0.001048s ]
NOTIC: [2048] Declaration of ProjectAction::get() should be compatible with that of Action::get() D:\WorkStation\phpWebRoot\todo\Lib\Action\ProjectAction.class.php 第 118 行.
SQL: SHOW COLUMNS FROM `schedule` [ RunTime:0.002703s ]
SQL: SELECT DISTINCT  `project_id` FROM `schedule` WHERE ( `user_id` = 1 ) ORDER BY entrytime desc LIMIT 0,7   [ RunTime:0.000544s ]
SQL: SHOW COLUMNS FROM `project` [ RunTime:0.001845s ]
SQL: SELECT `id`,`name` FROM `project` WHERE ( id=2 ) LIMIT 1   [ RunTime:0.000830s ]
SQL: SELECT `id`,`name` FROM `project` WHERE ( id=1 ) LIMIT 1   [ RunTime:0.000156s ]

[ 2013-06-02T09:45:02+08:00 ] 127.0.0.1 /todo/Resource/myProject
INFO: [ route_check ] --START--
INFO: Run CheckRoute Behavior [ RunTime:0.001539s ]
INFO: [ route_check ] --END-- [ RunTime:0.001658s ]
INFO: [ app_begin ] --START--
INFO: Run ReadHtmlCache Behavior [ RunTime:0.000939s ]
INFO: [ app_begin ] --END-- [ RunTime:0.001036s ]
NOTIC: [2048] Declaration of ProjectAction::get() should be compatible with that of Action::get() D:\WorkStation\phpWebRoot\todo\Lib\Action\ProjectAction.class.php 第 118 行.
SQL: SHOW COLUMNS FROM `project_partner` [ RunTime:0.002819s ]
SQL: SELECT * FROM `project_partner` LEFT JOIN project on project_partner.project_id=project.id WHERE ( `user_id` = 1 ) ORDER BY project.id desc  [ RunTime:0.001043s ]
SQL: SHOW COLUMNS FROM `user` [ RunTime:0.001924s ]
SQL: SELECT * FROM `user` WHERE ( `id` = null ) LIMIT 1   [ RunTime:0.000783s ]
SQL: SELECT * FROM `user` WHERE ( `id` = 2 ) LIMIT 1   [ RunTime:0.000189s ]
SQL: SHOW COLUMNS FROM `project` [ RunTime:0.001896s ]
SQL: SELECT * FROM `project` WHERE ( `id` NOT IN ('17') ) AND ( (manager_id=1 or director_id=1) )  [ RunTime:0.000556s ]
SQL: SELECT `id`,`name` FROM `user`  [ RunTime:0.000168s ]
INFO: [ view_template ] --START--
INFO: Run LocationTemplate Behavior [ RunTime:0.032448s ]
INFO: [ view_template ] --END-- [ RunTime:0.032527s ]
INFO: [ view_parse ] --START--
NOTIC: [8] Undefined variable: title D:\WorkStation\phpWebRoot\todo\Runtime\Cache\f8e11a8ddb010efd8462358c6a00e104.php 第 5 行.
INFO: Run ParseTemplate Behavior [ RunTime:0.022509s ]
INFO: [ view_parse ] --END-- [ RunTime:0.022571s ]
INFO: [ view_filter ] --START--
INFO: Run ContentReplace Behavior [ RunTime:0.001063s ]
INFO: Run TokenBuild Behavior [ RunTime:0.000835s ]
INFO: Run WriteHtmlCache Behavior [ RunTime:0.000790s ]
INFO: Run ShowRuntime Behavior [ RunTime:0.000903s ]
INFO: [ view_filter ] --END-- [ RunTime:0.003744s ]
INFO: [ view_end ] --START--
INFO: Run ShowPageTrace Behavior [ RunTime:0.001040s ]
INFO: [ view_end ] --END-- [ RunTime:0.001088s ]

[ 2013-06-02T09:45:05+08:00 ] 127.0.0.1 /todo/Schedule/index
INFO: [ route_check ] --START--
INFO: Run CheckRoute Behavior [ RunTime:0.001423s ]
INFO: [ route_check ] --END-- [ RunTime:0.001541s ]
INFO: [ app_begin ] --START--
INFO: Run ReadHtmlCache Behavior [ RunTime:0.000913s ]
INFO: [ app_begin ] --END-- [ RunTime:0.001006s ]
INFO: [ view_template ] --START--
INFO: Run LocationTemplate Behavior [ RunTime:0.001204s ]
INFO: [ view_template ] --END-- [ RunTime:0.001260s ]
INFO: [ view_parse ] --START--
INFO: Run ParseTemplate Behavior [ RunTime:0.019931s ]
INFO: [ view_parse ] --END-- [ RunTime:0.020009s ]
INFO: [ view_filter ] --START--
INFO: Run ContentReplace Behavior [ RunTime:0.000891s ]
INFO: Run TokenBuild Behavior [ RunTime:0.000798s ]
INFO: Run WriteHtmlCache Behavior [ RunTime:0.000686s ]
INFO: Run ShowRuntime Behavior [ RunTime:0.000873s ]
INFO: [ view_filter ] --END-- [ RunTime:0.003391s ]
INFO: [ view_end ] --START--
INFO: Run ShowPageTrace Behavior [ RunTime:0.000996s ]
INFO: [ view_end ] --END-- [ RunTime:0.001041s ]

[ 2013-06-02T09:45:05+08:00 ] 127.0.0.1 /todo/Schedule/showData?start=1369497600&end=1373126400&_=1370137505601
INFO: [ route_check ] --START--
INFO: Run CheckRoute Behavior [ RunTime:0.000820s ]
INFO: [ route_check ] --END-- [ RunTime:0.000892s ]
INFO: [ app_begin ] --START--
INFO: Run ReadHtmlCache Behavior [ RunTime:0.000510s ]
INFO: [ app_begin ] --END-- [ RunTime:0.000558s ]
SQL: SHOW COLUMNS FROM `schedule` [ RunTime:0.003039s ]
SQL: SELECT Schedule.*,project.name FROM `schedule` LEFT JOIN project on project.id=schedule.project_id WHERE ( `user_id` = 1 )  [ RunTime:0.000842s ]

[ 2013-06-02T09:45:05+08:00 ] 127.0.0.1 /todo/Project/myProject
INFO: [ route_check ] --START--
INFO: Run CheckRoute Behavior [ RunTime:0.000782s ]
INFO: [ route_check ] --END-- [ RunTime:0.000850s ]
INFO: [ app_begin ] --START--
INFO: Run ReadHtmlCache Behavior [ RunTime:0.000513s ]
INFO: [ app_begin ] --END-- [ RunTime:0.000559s ]
NOTIC: [2048] Declaration of ProjectAction::get() should be compatible with that of Action::get() D:\WorkStation\phpWebRoot\todo\Lib\Action\ProjectAction.class.php 第 118 行.
SQL: SHOW COLUMNS FROM `project_partner` [ RunTime:0.002127s ]
SQL: SELECT * FROM `project_partner` LEFT JOIN project on project_partner.project_id=project.id WHERE ( `user_id` = 1 ) ORDER BY project.id desc  [ RunTime:0.000922s ]
SQL: SHOW COLUMNS FROM `user` [ RunTime:0.002222s ]
SQL: SELECT * FROM `user` WHERE ( `id` = null ) LIMIT 1   [ RunTime:0.000787s ]
SQL: SELECT * FROM `user` WHERE ( `id` = 2 ) LIMIT 1   [ RunTime:0.000221s ]
SQL: SHOW COLUMNS FROM `project` [ RunTime:0.004423s ]
SQL: SELECT * FROM `project` WHERE ( `id` NOT IN ('17') ) AND ( (manager_id=1 or director_id=1) )  [ RunTime:0.001022s ]

[ 2013-06-02T09:45:05+08:00 ] 127.0.0.1 /todo/Project/myCommonUseProj
INFO: [ route_check ] --START--
INFO: Run CheckRoute Behavior [ RunTime:0.000835s ]
INFO: [ route_check ] --END-- [ RunTime:0.000909s ]
INFO: [ app_begin ] --START--
INFO: Run ReadHtmlCache Behavior [ RunTime:0.000533s ]
INFO: [ app_begin ] --END-- [ RunTime:0.000585s ]
NOTIC: [2048] Declaration of ProjectAction::get() should be compatible with that of Action::get() D:\WorkStation\phpWebRoot\todo\Lib\Action\ProjectAction.class.php 第 118 行.
SQL: SHOW COLUMNS FROM `schedule` [ RunTime:0.002460s ]
SQL: SELECT DISTINCT  `project_id` FROM `schedule` WHERE ( `user_id` = 1 ) ORDER BY entrytime desc LIMIT 0,7   [ RunTime:0.001043s ]
SQL: SHOW COLUMNS FROM `project` [ RunTime:0.002283s ]
SQL: SELECT `id`,`name` FROM `project` WHERE ( id=2 ) LIMIT 1   [ RunTime:0.000754s ]
SQL: SELECT `id`,`name` FROM `project` WHERE ( id=1 ) LIMIT 1   [ RunTime:0.000171s ]

[ 2013-06-02T09:47:20+08:00 ] 127.0.0.1 /todo/Schedule/save?id=&project=1&desc=&start=1370620800&end=1370620800&addr=0&subject=%E6%96%B0%E5%BB%BA%E6%97%A5%E7%A8%8B&mode=1&startDate=06%2F08%2F2013&endDate=06%2F08%2F2013&startTime=0&endTime=2
INFO: [ route_check ] --START--
INFO: Run CheckRoute Behavior [ RunTime:0.002478s ]
INFO: [ route_check ] --END-- [ RunTime:0.002599s ]
INFO: [ app_begin ] --START--
INFO: Run ReadHtmlCache Behavior [ RunTime:0.002137s ]
INFO: [ app_begin ] --END-- [ RunTime:0.002230s ]
SQL: SHOW COLUMNS FROM `schedule` [ RunTime:0.002416s ]
SQL: INSERT INTO `schedule` (`project_id`,`desc`,`start`,`end`,`subject`,`mode`,`user_id`,`startdate`,`enddate`,`starttime`,`endtime`,`addr`,`entrytime`) VALUES (1,'','1370620800','1370620800','新建日程',1,1,'06/08/2013','06/08/2013',0,2,0,1.37013764056E+12) [ RunTime:0.026565s ]

[ 2013-06-02T09:47:22+08:00 ] 127.0.0.1 /todo/Schedule/save?id=&project=2&desc=&start=1370534400&end=1370534400&addr=0&subject=%E6%96%B0%E5%BB%BA%E6%97%A5%E7%A8%8B&mode=1&startDate=06%2F07%2F2013&endDate=06%2F07%2F2013&startTime=0&endTime=2
INFO: [ route_check ] --START--
INFO: Run CheckRoute Behavior [ RunTime:0.001402s ]
INFO: [ route_check ] --END-- [ RunTime:0.001516s ]
INFO: [ app_begin ] --START--
INFO: Run ReadHtmlCache Behavior [ RunTime:0.000907s ]
INFO: [ app_begin ] --END-- [ RunTime:0.000989s ]
SQL: SHOW COLUMNS FROM `schedule` [ RunTime:0.002145s ]
SQL: INSERT INTO `schedule` (`project_id`,`desc`,`start`,`end`,`subject`,`mode`,`user_id`,`startdate`,`enddate`,`starttime`,`endtime`,`addr`,`entrytime`) VALUES (2,'','1370534400','1370534400','新建日程',1,1,'06/07/2013','06/07/2013',0,2,0,1.37013764218E+12) [ RunTime:0.000701s ]

[ 2013-06-02T09:54:03+08:00 ] 127.0.0.1 /todo/Schedule/index
INFO: [ route_check ] --START--
INFO: Run CheckRoute Behavior [ RunTime:0.002343s ]
INFO: [ route_check ] --END-- [ RunTime:0.002471s ]
INFO: [ app_begin ] --START--
INFO: Run ReadHtmlCache Behavior [ RunTime:0.001871s ]
INFO: [ app_begin ] --END-- [ RunTime:0.001978s ]
INFO: [ view_template ] --START--
INFO: Run LocationTemplate Behavior [ RunTime:0.001363s ]
INFO: [ view_template ] --END-- [ RunTime:0.001435s ]
INFO: [ view_parse ] --START--
INFO: Run ParseTemplate Behavior [ RunTime:0.014464s ]
INFO: [ view_parse ] --END-- [ RunTime:0.014539s ]
INFO: [ view_filter ] --START--
INFO: Run ContentReplace Behavior [ RunTime:0.000925s ]
INFO: Run TokenBuild Behavior [ RunTime:0.001165s ]
INFO: Run WriteHtmlCache Behavior [ RunTime:0.001378s ]
INFO: Run ShowRuntime Behavior [ RunTime:0.001019s ]
INFO: [ view_filter ] --END-- [ RunTime:0.004695s ]
INFO: [ view_end ] --START--
INFO: Run ShowPageTrace Behavior [ RunTime:0.001088s ]
INFO: [ view_end ] --END-- [ RunTime:0.001136s ]

[ 2013-06-02T09:54:03+08:00 ] 127.0.0.1 /todo/Schedule/showData?start=1369497600&end=1373126400&_=1370138043682
INFO: [ route_check ] --START--
INFO: Run CheckRoute Behavior [ RunTime:0.001211s ]
INFO: [ route_check ] --END-- [ RunTime:0.001280s ]
INFO: [ app_begin ] --START--
INFO: Run ReadHtmlCache Behavior [ RunTime:0.000926s ]
INFO: [ app_begin ] --END-- [ RunTime:0.000972s ]
SQL: SHOW COLUMNS FROM `schedule` [ RunTime:0.002908s ]
SQL: SELECT Schedule.*,project.name FROM `schedule` LEFT JOIN project on project.id=schedule.project_id WHERE ( `user_id` = 1 )  [ RunTime:0.001217s ]

[ 2013-06-02T09:54:03+08:00 ] 127.0.0.1 /todo/Project/myProject
INFO: [ route_check ] --START--
INFO: Run CheckRoute Behavior [ RunTime:0.001278s ]
INFO: [ route_check ] --END-- [ RunTime:0.001363s ]
INFO: [ app_begin ] --START--
INFO: Run ReadHtmlCache Behavior [ RunTime:0.001024s ]
INFO: [ app_begin ] --END-- [ RunTime:0.001075s ]
NOTIC: [2048] Declaration of ProjectAction::get() should be compatible with that of Action::get() D:\WorkStation\phpWebRoot\todo\Lib\Action\ProjectAction.class.php 第 118 行.
SQL: SHOW COLUMNS FROM `project_partner` [ RunTime:0.002807s ]
SQL: SELECT * FROM `project_partner` LEFT JOIN project on project_partner.project_id=project.id WHERE ( `user_id` = 1 ) ORDER BY project.id desc  [ RunTime:0.000783s ]
SQL: SHOW COLUMNS FROM `user` [ RunTime:0.002558s ]
SQL: SELECT * FROM `user` WHERE ( `id` = null ) LIMIT 1   [ RunTime:0.000781s ]
SQL: SELECT * FROM `user` WHERE ( `id` = 2 ) LIMIT 1   [ RunTime:0.000175s ]
SQL: SHOW COLUMNS FROM `project` [ RunTime:0.001891s ]
SQL: SELECT * FROM `project` WHERE ( `id` NOT IN ('17') ) AND ( (manager_id=1 or director_id=1) )  [ RunTime:0.000680s ]

[ 2013-06-02T09:54:03+08:00 ] 127.0.0.1 /todo/Project/myCommonUseProj
INFO: [ route_check ] --START--
INFO: Run CheckRoute Behavior [ RunTime:0.000751s ]
INFO: [ route_check ] --END-- [ RunTime:0.000816s ]
INFO: [ app_begin ] --START--
INFO: Run ReadHtmlCache Behavior [ RunTime:0.000508s ]
INFO: [ app_begin ] --END-- [ RunTime:0.000552s ]
NOTIC: [2048] Declaration of ProjectAction::get() should be compatible with that of Action::get() D:\WorkStation\phpWebRoot\todo\Lib\Action\ProjectAction.class.php 第 118 行.
SQL: SHOW COLUMNS FROM `schedule` [ RunTime:0.002554s ]
SQL: SELECT DISTINCT  `project_id` FROM `schedule` WHERE ( `user_id` = 1 ) ORDER BY entrytime desc LIMIT 0,7   [ RunTime:0.000831s ]
SQL: SHOW COLUMNS FROM `project` [ RunTime:0.001989s ]
SQL: SELECT `id`,`name` FROM `project` WHERE ( id=2 ) LIMIT 1   [ RunTime:0.000870s ]
SQL: SELECT `id`,`name` FROM `project` WHERE ( id=1 ) LIMIT 1   [ RunTime:0.000158s ]

[ 2013-06-02T09:54:12+08:00 ] 127.0.0.1 /todo/Resource/myProject
INFO: [ route_check ] --START--
INFO: Run CheckRoute Behavior [ RunTime:0.000840s ]
INFO: [ route_check ] --END-- [ RunTime:0.000916s ]
INFO: [ app_begin ] --START--
INFO: Run ReadHtmlCache Behavior [ RunTime:0.000539s ]
INFO: [ app_begin ] --END-- [ RunTime:0.000591s ]
NOTIC: [2048] Declaration of ProjectAction::get() should be compatible with that of Action::get() D:\WorkStation\phpWebRoot\todo\Lib\Action\ProjectAction.class.php 第 118 行.
SQL: SHOW COLUMNS FROM `project_partner` [ RunTime:0.001953s ]
SQL: SELECT * FROM `project_partner` LEFT JOIN project on project_partner.project_id=project.id WHERE ( `user_id` = 1 ) ORDER BY project.id desc  [ RunTime:0.000917s ]
SQL: SHOW COLUMNS FROM `user` [ RunTime:0.002091s ]
SQL: SELECT * FROM `user` WHERE ( `id` = null ) LIMIT 1   [ RunTime:0.000856s ]
SQL: SELECT * FROM `user` WHERE ( `id` = 2 ) LIMIT 1   [ RunTime:0.000199s ]
SQL: SHOW COLUMNS FROM `project` [ RunTime:0.001875s ]
SQL: SELECT * FROM `project` WHERE ( `id` NOT IN ('17') ) AND ( (manager_id=1 or director_id=1) )  [ RunTime:0.000505s ]
SQL: SELECT `id`,`name` FROM `user`  [ RunTime:0.000176s ]
INFO: [ view_template ] --START--
INFO: Run LocationTemplate Behavior [ RunTime:0.001299s ]
INFO: [ view_template ] --END-- [ RunTime:0.001355s ]
INFO: [ view_parse ] --START--
NOTIC: [8] Undefined variable: title D:\WorkStation\phpWebRoot\todo\Runtime\Cache\f8e11a8ddb010efd8462358c6a00e104.php 第 5 行.
INFO: Run ParseTemplate Behavior [ RunTime:0.016105s ]
INFO: [ view_parse ] --END-- [ RunTime:0.016161s ]
INFO: [ view_filter ] --START--
INFO: Run ContentReplace Behavior [ RunTime:0.000897s ]
INFO: Run TokenBuild Behavior [ RunTime:0.000797s ]
INFO: Run WriteHtmlCache Behavior [ RunTime:0.000701s ]
INFO: Run ShowRuntime Behavior [ RunTime:0.000875s ]
INFO: [ view_filter ] --END-- [ RunTime:0.003413s ]
INFO: [ view_end ] --START--
INFO: Run ShowPageTrace Behavior [ RunTime:0.001015s ]
INFO: [ view_end ] --END-- [ RunTime:0.001068s ]

[ 2013-06-02T09:54:13+08:00 ] 127.0.0.1 /todo/Schedule/index
INFO: [ route_check ] --START--
INFO: Run CheckRoute Behavior [ RunTime:0.001020s ]
INFO: [ route_check ] --END-- [ RunTime:0.001110s ]
INFO: [ app_begin ] --START--
INFO: Run ReadHtmlCache Behavior [ RunTime:0.000662s ]
INFO: [ app_begin ] --END-- [ RunTime:0.000729s ]
INFO: [ view_template ] --START--
INFO: Run LocationTemplate Behavior [ RunTime:0.000980s ]
INFO: [ view_template ] --END-- [ RunTime:0.001054s ]
INFO: [ view_parse ] --START--
INFO: Run ParseTemplate Behavior [ RunTime:0.013870s ]
INFO: [ view_parse ] --END-- [ RunTime:0.013943s ]
INFO: [ view_filter ] --START--
INFO: Run ContentReplace Behavior [ RunTime:0.000385s ]
INFO: Run TokenBuild Behavior [ RunTime:0.000329s ]
INFO: Run WriteHtmlCache Behavior [ RunTime:0.000225s ]
INFO: Run ShowRuntime Behavior [ RunTime:0.000403s ]
INFO: [ view_filter ] --END-- [ RunTime:0.001474s ]
INFO: [ view_end ] --START--
INFO: Run ShowPageTrace Behavior [ RunTime:0.000532s ]
INFO: [ view_end ] --END-- [ RunTime:0.000576s ]

[ 2013-06-02T09:54:13+08:00 ] 127.0.0.1 /todo/Schedule/showData?start=1369497600&end=1373126400&_=1370138053829
INFO: [ route_check ] --START--
INFO: Run CheckRoute Behavior [ RunTime:0.000789s ]
INFO: [ route_check ] --END-- [ RunTime:0.000861s ]
INFO: [ app_begin ] --START--
INFO: Run ReadHtmlCache Behavior [ RunTime:0.000513s ]
INFO: [ app_begin ] --END-- [ RunTime:0.000561s ]
SQL: SHOW COLUMNS FROM `schedule` [ RunTime:0.002316s ]
SQL: SELECT Schedule.*,project.name FROM `schedule` LEFT JOIN project on project.id=schedule.project_id WHERE ( `user_id` = 1 )  [ RunTime:0.000994s ]

[ 2013-06-02T09:54:13+08:00 ] 127.0.0.1 /todo/Project/myProject
INFO: [ route_check ] --START--
INFO: Run CheckRoute Behavior [ RunTime:0.000954s ]
INFO: [ route_check ] --END-- [ RunTime:0.001029s ]
INFO: [ app_begin ] --START--
INFO: Run ReadHtmlCache Behavior [ RunTime:0.000569s ]
INFO: [ app_begin ] --END-- [ RunTime:0.000624s ]
NOTIC: [2048] Declaration of ProjectAction::get() should be compatible with that of Action::get() D:\WorkStation\phpWebRoot\todo\Lib\Action\ProjectAction.class.php 第 118 行.
SQL: SHOW COLUMNS FROM `project_partner` [ RunTime:0.002958s ]
SQL: SELECT * FROM `project_partner` LEFT JOIN project on project_partner.project_id=project.id WHERE ( `user_id` = 1 ) ORDER BY project.id desc  [ RunTime:0.001259s ]
SQL: SHOW COLUMNS FROM `user` [ RunTime:0.002080s ]
SQL: SELECT * FROM `user` WHERE ( `id` = null ) LIMIT 1   [ RunTime:0.000719s ]
SQL: SELECT * FROM `user` WHERE ( `id` = 2 ) LIMIT 1   [ RunTime:0.000187s ]
SQL: SHOW COLUMNS FROM `project` [ RunTime:0.002131s ]
SQL: SELECT * FROM `project` WHERE ( `id` NOT IN ('17') ) AND ( (manager_id=1 or director_id=1) )  [ RunTime:0.000882s ]

[ 2013-06-02T09:54:13+08:00 ] 127.0.0.1 /todo/Project/myCommonUseProj
INFO: [ route_check ] --START--
INFO: Run CheckRoute Behavior [ RunTime:0.000791s ]
INFO: [ route_check ] --END-- [ RunTime:0.000861s ]
INFO: [ app_begin ] --START--
INFO: Run ReadHtmlCache Behavior [ RunTime:0.000525s ]
INFO: [ app_begin ] --END-- [ RunTime:0.000572s ]
NOTIC: [2048] Declaration of ProjectAction::get() should be compatible with that of Action::get() D:\WorkStation\phpWebRoot\todo\Lib\Action\ProjectAction.class.php 第 118 行.
SQL: SHOW COLUMNS FROM `schedule` [ RunTime:0.002628s ]
SQL: SELECT DISTINCT  `project_id` FROM `schedule` WHERE ( `user_id` = 1 ) ORDER BY entrytime desc LIMIT 0,7   [ RunTime:0.000513s ]
SQL: SHOW COLUMNS FROM `project` [ RunTime:0.002014s ]
SQL: SELECT `id`,`name` FROM `project` WHERE ( id=2 ) LIMIT 1   [ RunTime:0.000831s ]
SQL: SELECT `id`,`name` FROM `project` WHERE ( id=1 ) LIMIT 1   [ RunTime:0.000174s ]

[ 2013-06-02T09:54:57+08:00 ] 127.0.0.1 /todo/Login/tologout
INFO: [ route_check ] --START--
INFO: Run CheckRoute Behavior [ RunTime:0.002395s ]
INFO: [ route_check ] --END-- [ RunTime:0.002524s ]
INFO: [ app_begin ] --START--
INFO: Run ReadHtmlCache Behavior [ RunTime:0.001738s ]
INFO: [ app_begin ] --END-- [ RunTime:0.001836s ]

[ 2013-06-02T09:54:57+08:00 ] 127.0.0.1 /todo/Login/tologin
INFO: [ route_check ] --START--
INFO: Run CheckRoute Behavior [ RunTime:0.000835s ]
INFO: [ route_check ] --END-- [ RunTime:0.000911s ]
INFO: [ app_begin ] --START--
INFO: Run ReadHtmlCache Behavior [ RunTime:0.000538s ]
INFO: [ app_begin ] --END-- [ RunTime:0.000594s ]
INFO: [ view_template ] --START--
INFO: Run LocationTemplate Behavior [ RunTime:0.001309s ]
INFO: [ view_template ] --END-- [ RunTime:0.001372s ]
INFO: [ view_parse ] --START--
INFO: Run ParseTemplate Behavior [ RunTime:0.016565s ]
INFO: [ view_parse ] --END-- [ RunTime:0.016638s ]
INFO: [ view_filter ] --START--
INFO: Run ContentReplace Behavior [ RunTime:0.000816s ]
INFO: Run TokenBuild Behavior [ RunTime:0.000798s ]
INFO: Run WriteHtmlCache Behavior [ RunTime:0.000689s ]
INFO: Run ShowRuntime Behavior [ RunTime:0.001032s ]
INFO: [ view_filter ] --END-- [ RunTime:0.003480s ]
INFO: [ view_end ] --START--
INFO: Run ShowPageTrace Behavior [ RunTime:0.001027s ]
INFO: [ view_end ] --END-- [ RunTime:0.001079s ]

[ 2013-06-02T09:55:01+08:00 ] 127.0.0.1 /todo/Login/login
INFO: [ route_check ] --START--
INFO: Run CheckRoute Behavior [ RunTime:0.000758s ]
INFO: [ route_check ] --END-- [ RunTime:0.000823s ]
INFO: [ app_begin ] --START--
INFO: Run ReadHtmlCache Behavior [ RunTime:0.000482s ]
INFO: [ app_begin ] --END-- [ RunTime:0.000526s ]
SQL: SHOW COLUMNS FROM `user` [ RunTime:0.002401s ]
SQL: SELECT * FROM `user` WHERE ( `name` = 'admin' ) LIMIT 1   [ RunTime:0.000571s ]

[ 2013-06-02T09:55:01+08:00 ] 127.0.0.1 /todo/Index/home
INFO: [ route_check ] --START--
INFO: Run CheckRoute Behavior [ RunTime:0.000741s ]
INFO: [ route_check ] --END-- [ RunTime:0.000804s ]
INFO: [ app_begin ] --START--
INFO: Run ReadHtmlCache Behavior [ RunTime:0.000483s ]
INFO: [ app_begin ] --END-- [ RunTime:0.000533s ]
INFO: [ view_template ] --START--
INFO: Run LocationTemplate Behavior [ RunTime:0.000705s ]
INFO: [ view_template ] --END-- [ RunTime:0.000756s ]
INFO: [ view_parse ] --START--
INFO: Run ParseTemplate Behavior [ RunTime:0.009520s ]
INFO: [ view_parse ] --END-- [ RunTime:0.009601s ]
INFO: [ view_filter ] --START--
INFO: Run ContentReplace Behavior [ RunTime:0.000392s ]
INFO: Run TokenBuild Behavior [ RunTime:0.000356s ]
INFO: Run WriteHtmlCache Behavior [ RunTime:0.000239s ]
INFO: Run ShowRuntime Behavior [ RunTime:0.000414s ]
INFO: [ view_filter ] --END-- [ RunTime:0.001551s ]
INFO: [ view_end ] --START--
INFO: Run ShowPageTrace Behavior [ RunTime:0.000541s ]
INFO: [ view_end ] --END-- [ RunTime:0.000589s ]

[ 2013-06-02T09:55:10+08:00 ] 127.0.0.1 /todo/Index/home
INFO: [ route_check ] --START--
INFO: Run CheckRoute Behavior [ RunTime:0.000743s ]
INFO: [ route_check ] --END-- [ RunTime:0.000804s ]
INFO: [ app_begin ] --START--
INFO: Run ReadHtmlCache Behavior [ RunTime:0.000485s ]
INFO: [ app_begin ] --END-- [ RunTime:0.000535s ]
INFO: [ view_template ] --START--
INFO: Run LocationTemplate Behavior [ RunTime:0.000321s ]
INFO: [ view_template ] --END-- [ RunTime:0.000372s ]
INFO: [ view_parse ] --START--
INFO: Run ParseTemplate Behavior [ RunTime:0.008966s ]
INFO: [ view_parse ] --END-- [ RunTime:0.009029s ]
INFO: [ view_filter ] --START--
INFO: Run ContentReplace Behavior [ RunTime:0.000351s ]
INFO: Run TokenBuild Behavior [ RunTime:0.000344s ]
INFO: Run WriteHtmlCache Behavior [ RunTime:0.000224s ]
INFO: Run ShowRuntime Behavior [ RunTime:0.000398s ]
INFO: [ view_filter ] --END-- [ RunTime:0.001451s ]
INFO: [ view_end ] --START--
INFO: Run ShowPageTrace Behavior [ RunTime:0.000520s ]
INFO: [ view_end ] --END-- [ RunTime:0.000574s ]

[ 2013-06-02T09:55:14+08:00 ] 127.0.0.1 /todo/Login/tologout
INFO: [ route_check ] --START--
INFO: Run CheckRoute Behavior [ RunTime:0.001277s ]
INFO: [ route_check ] --END-- [ RunTime:0.001349s ]
INFO: [ app_begin ] --START--
INFO: Run ReadHtmlCache Behavior [ RunTime:0.000989s ]
INFO: [ app_begin ] --END-- [ RunTime:0.001042s ]

[ 2013-06-02T09:55:14+08:00 ] 127.0.0.1 /todo/Login/tologin
INFO: [ route_check ] --START--
INFO: Run CheckRoute Behavior [ RunTime:0.000748s ]
INFO: [ route_check ] --END-- [ RunTime:0.000811s ]
INFO: [ app_begin ] --START--
INFO: Run ReadHtmlCache Behavior [ RunTime:0.000477s ]
INFO: [ app_begin ] --END-- [ RunTime:0.000526s ]
INFO: [ view_template ] --START--
INFO: Run LocationTemplate Behavior [ RunTime:0.001175s ]
INFO: [ view_template ] --END-- [ RunTime:0.001230s ]
INFO: [ view_parse ] --START--
INFO: Run ParseTemplate Behavior [ RunTime:0.010527s ]
INFO: [ view_parse ] --END-- [ RunTime:0.010591s ]
INFO: [ view_filter ] --START--
INFO: Run ContentReplace Behavior [ RunTime:0.000831s ]
INFO: Run TokenBuild Behavior [ RunTime:0.000808s ]
INFO: Run WriteHtmlCache Behavior [ RunTime:0.000694s ]
INFO: Run ShowRuntime Behavior [ RunTime:0.000871s ]
INFO: [ view_filter ] --END-- [ RunTime:0.003341s ]
INFO: [ view_end ] --START--
INFO: Run ShowPageTrace Behavior [ RunTime:0.001016s ]
INFO: [ view_end ] --END-- [ RunTime:0.001070s ]

[ 2013-06-02T09:55:18+08:00 ] 127.0.0.1 /todo/Login/login
INFO: [ route_check ] --START--
INFO: Run CheckRoute Behavior [ RunTime:0.000745s ]
INFO: [ route_check ] --END-- [ RunTime:0.000809s ]
INFO: [ app_begin ] --START--
INFO: Run ReadHtmlCache Behavior [ RunTime:0.000481s ]
INFO: [ app_begin ] --END-- [ RunTime:0.000525s ]
SQL: SHOW COLUMNS FROM `user` [ RunTime:0.002007s ]
SQL: SELECT * FROM `user` WHERE ( `name` = 'admin' ) LIMIT 1   [ RunTime:0.000844s ]

[ 2013-06-02T09:55:18+08:00 ] 127.0.0.1 /todo/Index/home
INFO: [ route_check ] --START--
INFO: Run CheckRoute Behavior [ RunTime:0.000752s ]
INFO: [ route_check ] --END-- [ RunTime:0.000827s ]
INFO: [ app_begin ] --START--
INFO: Run ReadHtmlCache Behavior [ RunTime:0.000487s ]
INFO: [ app_begin ] --END-- [ RunTime:0.000552s ]
INFO: [ view_template ] --START--
INFO: Run LocationTemplate Behavior [ RunTime:0.000702s ]
INFO: [ view_template ] --END-- [ RunTime:0.000755s ]
INFO: [ view_parse ] --START--
INFO: Run ParseTemplate Behavior [ RunTime:0.008824s ]
INFO: [ view_parse ] --END-- [ RunTime:0.008883s ]
INFO: [ view_filter ] --START--
INFO: Run ContentReplace Behavior [ RunTime:0.000371s ]
INFO: Run TokenBuild Behavior [ RunTime:0.000332s ]
INFO: Run WriteHtmlCache Behavior [ RunTime:0.000224s ]
INFO: Run ShowRuntime Behavior [ RunTime:0.000392s ]
INFO: [ view_filter ] --END-- [ RunTime:0.001456s ]
INFO: [ view_end ] --START--
INFO: Run ShowPageTrace Behavior [ RunTime:0.000522s ]
INFO: [ view_end ] --END-- [ RunTime:0.000567s ]

[ 2013-06-02T09:55:31+08:00 ] 127.0.0.1 /todo/Login/tologout
INFO: [ route_check ] --START--
INFO: Run CheckRoute Behavior [ RunTime:0.001385s ]
INFO: [ route_check ] --END-- [ RunTime:0.001499s ]
INFO: [ app_begin ] --START--
INFO: Run ReadHtmlCache Behavior [ RunTime:0.000898s ]
INFO: [ app_begin ] --END-- [ RunTime:0.000991s ]

[ 2013-06-02T09:55:31+08:00 ] 127.0.0.1 /todo/Login/tologin
INFO: [ route_check ] --START--
INFO: Run CheckRoute Behavior [ RunTime:0.000743s ]
INFO: [ route_check ] --END-- [ RunTime:0.000805s ]
INFO: [ app_begin ] --START--
INFO: Run ReadHtmlCache Behavior [ RunTime:0.000483s ]
INFO: [ app_begin ] --END-- [ RunTime:0.000532s ]
INFO: [ view_template ] --START--
INFO: Run LocationTemplate Behavior [ RunTime:0.000717s ]
INFO: [ view_template ] --END-- [ RunTime:0.000771s ]
INFO: [ view_parse ] --START--
INFO: Run ParseTemplate Behavior [ RunTime:0.007515s ]
INFO: [ view_parse ] --END-- [ RunTime:0.007569s ]
INFO: [ view_filter ] --START--
INFO: Run ContentReplace Behavior [ RunTime:0.000325s ]
INFO: Run TokenBuild Behavior [ RunTime:0.000323s ]
INFO: Run WriteHtmlCache Behavior [ RunTime:0.000221s ]
INFO: Run ShowRuntime Behavior [ RunTime:0.000391s ]
INFO: [ view_filter ] --END-- [ RunTime:0.001388s ]
INFO: [ view_end ] --START--
INFO: Run ShowPageTrace Behavior [ RunTime:0.000516s ]
INFO: [ view_end ] --END-- [ RunTime:0.000561s ]

[ 2013-06-02T09:55:36+08:00 ] 127.0.0.1 /todo/Login/login
INFO: [ route_check ] --START--
INFO: Run CheckRoute Behavior [ RunTime:0.001393s ]
INFO: [ route_check ] --END-- [ RunTime:0.001504s ]
INFO: [ app_begin ] --START--
INFO: Run ReadHtmlCache Behavior [ RunTime:0.000907s ]
INFO: [ app_begin ] --END-- [ RunTime:0.000990s ]
SQL: SHOW COLUMNS FROM `user` [ RunTime:0.003748s ]
SQL: SELECT * FROM `user` WHERE ( `name` = 'admin' ) LIMIT 1   [ RunTime:0.001347s ]

[ 2013-06-02T09:55:36+08:00 ] 127.0.0.1 /todo/Index/home
INFO: [ route_check ] --START--
INFO: Run CheckRoute Behavior [ RunTime:0.000776s ]
INFO: [ route_check ] --END-- [ RunTime:0.000847s ]
INFO: [ app_begin ] --START--
INFO: Run ReadHtmlCache Behavior [ RunTime:0.000499s ]
INFO: [ app_begin ] --END-- [ RunTime:0.000551s ]
INFO: [ view_template ] --START--
INFO: Run LocationTemplate Behavior [ RunTime:0.000330s ]
INFO: [ view_template ] --END-- [ RunTime:0.000382s ]
INFO: [ view_parse ] --START--
INFO: Run ParseTemplate Behavior [ RunTime:0.008776s ]
INFO: [ view_parse ] --END-- [ RunTime:0.008837s ]
INFO: [ view_filter ] --START--
INFO: Run ContentReplace Behavior [ RunTime:0.000360s ]
INFO: Run TokenBuild Behavior [ RunTime:0.000334s ]
INFO: Run WriteHtmlCache Behavior [ RunTime:0.000230s ]
INFO: Run ShowRuntime Behavior [ RunTime:0.000409s ]
INFO: [ view_filter ] --END-- [ RunTime:0.001464s ]
INFO: [ view_end ] --START--
INFO: Run ShowPageTrace Behavior [ RunTime:0.000535s ]
INFO: [ view_end ] --END-- [ RunTime:0.000582s ]

[ 2013-06-02T09:56:08+08:00 ] 127.0.0.1 /todo/Index/home
INFO: [ route_check ] --START--
INFO: Run CheckRoute Behavior [ RunTime:0.001876s ]
INFO: [ route_check ] --END-- [ RunTime:0.001978s ]
INFO: [ app_begin ] --START--
INFO: Run ReadHtmlCache Behavior [ RunTime:0.001471s ]
INFO: [ app_begin ] --END-- [ RunTime:0.001556s ]
INFO: [ view_template ] --START--
INFO: Run LocationTemplate Behavior [ RunTime:0.000513s ]
INFO: [ view_template ] --END-- [ RunTime:0.000597s ]
INFO: [ view_parse ] --START--
INFO: Run ParseTemplate Behavior [ RunTime:0.009307s ]
INFO: [ view_parse ] --END-- [ RunTime:0.009379s ]
INFO: [ view_filter ] --START--
INFO: Run ContentReplace Behavior [ RunTime:0.000400s ]
INFO: Run TokenBuild Behavior [ RunTime:0.000361s ]
INFO: Run WriteHtmlCache Behavior [ RunTime:0.000268s ]
INFO: Run ShowRuntime Behavior [ RunTime:0.000483s ]
INFO: [ view_filter ] --END-- [ RunTime:0.001651s ]
INFO: [ view_end ] --START--
INFO: Run ShowPageTrace Behavior [ RunTime:0.000568s ]
INFO: [ view_end ] --END-- [ RunTime:0.000614s ]

[ 2013-06-02T09:58:27+08:00 ] 127.0.0.1 /todo/Index/home
INFO: [ route_check ] --START--
INFO: Run CheckRoute Behavior [ RunTime:0.001234s ]
INFO: [ route_check ] --END-- [ RunTime:0.001305s ]
INFO: [ app_begin ] --START--
INFO: Run ReadHtmlCache Behavior [ RunTime:0.001032s ]
INFO: [ app_begin ] --END-- [ RunTime:0.001095s ]
INFO: [ view_template ] --START--
INFO: Run LocationTemplate Behavior [ RunTime:0.001194s ]
INFO: [ view_template ] --END-- [ RunTime:0.001250s ]
INFO: [ view_parse ] --START--
INFO: Run ParseTemplate Behavior [ RunTime:0.011894s ]
INFO: [ view_parse ] --END-- [ RunTime:0.011957s ]
INFO: [ view_filter ] --START--
INFO: Run ContentReplace Behavior [ RunTime:0.000804s ]
INFO: Run TokenBuild Behavior [ RunTime:0.000770s ]
INFO: Run WriteHtmlCache Behavior [ RunTime:0.000683s ]
INFO: Run ShowRuntime Behavior [ RunTime:0.000843s ]
INFO: [ view_filter ] --END-- [ RunTime:0.003233s ]
INFO: [ view_end ] --START--
INFO: Run ShowPageTrace Behavior [ RunTime:0.000969s ]
INFO: [ view_end ] --END-- [ RunTime:0.001016s ]

[ 2013-06-02T09:59:02+08:00 ] 127.0.0.1 /todo/Index/home
INFO: [ route_check ] --START--
INFO: Run CheckRoute Behavior [ RunTime:0.001131s ]
INFO: [ route_check ] --END-- [ RunTime:0.001227s ]
INFO: [ app_begin ] --START--
INFO: Run ReadHtmlCache Behavior [ RunTime:0.000731s ]
INFO: [ app_begin ] --END-- [ RunTime:0.000806s ]
INFO: [ view_template ] --START--
INFO: Run LocationTemplate Behavior [ RunTime:0.000476s ]
INFO: [ view_template ] --END-- [ RunTime:0.000552s ]
INFO: [ view_parse ] --START--
INFO: Run ParseTemplate Behavior [ RunTime:0.010258s ]
INFO: [ view_parse ] --END-- [ RunTime:0.010346s ]
INFO: [ view_filter ] --START--
INFO: Run ContentReplace Behavior [ RunTime:0.000353s ]
INFO: Run TokenBuild Behavior [ RunTime:0.000337s ]
INFO: Run WriteHtmlCache Behavior [ RunTime:0.000231s ]
INFO: Run ShowRuntime Behavior [ RunTime:0.000409s ]
INFO: [ view_filter ] --END-- [ RunTime:0.001461s ]
INFO: [ view_end ] --START--
INFO: Run ShowPageTrace Behavior [ RunTime:0.000542s ]
INFO: [ view_end ] --END-- [ RunTime:0.000589s ]

[ 2013-06-02T10:00:00+08:00 ] 127.0.0.1 /todo/Index/home
INFO: [ route_check ] --START--
INFO: Run CheckRoute Behavior [ RunTime:0.001332s ]
INFO: [ route_check ] --END-- [ RunTime:0.001398s ]
INFO: [ app_begin ] --START--
INFO: Run ReadHtmlCache Behavior [ RunTime:0.001004s ]
INFO: [ app_begin ] --END-- [ RunTime:0.001056s ]
INFO: [ view_template ] --START--
INFO: Run LocationTemplate Behavior [ RunTime:0.001376s ]
INFO: [ view_template ] --END-- [ RunTime:0.001444s ]
INFO: [ view_parse ] --START--
INFO: Run ParseTemplate Behavior [ RunTime:0.012323s ]
INFO: [ view_parse ] --END-- [ RunTime:0.012390s ]
INFO: [ view_filter ] --START--
INFO: Run ContentReplace Behavior [ RunTime:0.000814s ]
INFO: Run TokenBuild Behavior [ RunTime:0.000767s ]
INFO: Run WriteHtmlCache Behavior [ RunTime:0.000664s ]
INFO: Run ShowRuntime Behavior [ RunTime:0.000887s ]
INFO: [ view_filter ] --END-- [ RunTime:0.003268s ]
INFO: [ view_end ] --START--
INFO: Run ShowPageTrace Behavior [ RunTime:0.001069s ]
INFO: [ view_end ] --END-- [ RunTime:0.001123s ]

[ 2013-06-02T10:00:30+08:00 ] 127.0.0.1 /todo/Index/home
INFO: [ route_check ] --START--
INFO: Run CheckRoute Behavior [ RunTime:0.000836s ]
INFO: [ route_check ] --END-- [ RunTime:0.000907s ]
INFO: [ app_begin ] --START--
INFO: Run ReadHtmlCache Behavior [ RunTime:0.000502s ]
INFO: [ app_begin ] --END-- [ RunTime:0.000554s ]
INFO: [ view_template ] --START--
INFO: Run LocationTemplate Behavior [ RunTime:0.000330s ]
INFO: [ view_template ] --END-- [ RunTime:0.000382s ]
INFO: [ view_parse ] --START--
INFO: Run ParseTemplate Behavior [ RunTime:0.009103s ]
INFO: [ view_parse ] --END-- [ RunTime:0.009177s ]
INFO: [ view_filter ] --START--
INFO: Run ContentReplace Behavior [ RunTime:0.000368s ]
INFO: Run TokenBuild Behavior [ RunTime:0.000341s ]
INFO: Run WriteHtmlCache Behavior [ RunTime:0.000380s ]
INFO: Run ShowRuntime Behavior [ RunTime:0.000422s ]
INFO: [ view_filter ] --END-- [ RunTime:0.001672s ]
INFO: [ view_end ] --START--
INFO: Run ShowPageTrace Behavior [ RunTime:0.000542s ]
INFO: [ view_end ] --END-- [ RunTime:0.000590s ]

[ 2013-06-02T10:00:52+08:00 ] 127.0.0.1 /todo/Index/home
INFO: [ route_check ] --START--
INFO: Run CheckRoute Behavior [ RunTime:0.000770s ]
INFO: [ route_check ] --END-- [ RunTime:0.000838s ]
INFO: [ app_begin ] --START--
INFO: Run ReadHtmlCache Behavior [ RunTime:0.000500s ]
INFO: [ app_begin ] --END-- [ RunTime:0.000551s ]
INFO: [ view_template ] --START--
INFO: Run LocationTemplate Behavior [ RunTime:0.000327s ]
INFO: [ view_template ] --END-- [ RunTime:0.000379s ]
INFO: [ view_parse ] --START--
INFO: Run ParseTemplate Behavior [ RunTime:0.008975s ]
INFO: [ view_parse ] --END-- [ RunTime:0.009070s ]
INFO: [ view_filter ] --START--
INFO: Run ContentReplace Behavior [ RunTime:0.000386s ]
INFO: Run TokenBuild Behavior [ RunTime:0.000338s ]
INFO: Run WriteHtmlCache Behavior [ RunTime:0.000233s ]
INFO: Run ShowRuntime Behavior [ RunTime:0.000411s ]
INFO: [ view_filter ] --END-- [ RunTime:0.001512s ]
INFO: [ view_end ] --START--
INFO: Run ShowPageTrace Behavior [ RunTime:0.000542s ]
INFO: [ view_end ] --END-- [ RunTime:0.000590s ]

[ 2013-06-02T10:01:16+08:00 ] 127.0.0.1 /todo/Index/home
INFO: [ route_check ] --START--
INFO: Run CheckRoute Behavior [ RunTime:0.001232s ]
INFO: [ route_check ] --END-- [ RunTime:0.001302s ]
INFO: [ app_begin ] --START--
INFO: Run ReadHtmlCache Behavior [ RunTime:0.000950s ]
INFO: [ app_begin ] --END-- [ RunTime:0.001003s ]
INFO: [ view_template ] --START--
INFO: Run LocationTemplate Behavior [ RunTime:0.001140s ]
INFO: [ view_template ] --END-- [ RunTime:0.001194s ]
INFO: [ view_parse ] --START--
INFO: Run ParseTemplate Behavior [ RunTime:0.012096s ]
INFO: [ view_parse ] --END-- [ RunTime:0.012159s ]
INFO: [ view_filter ] --START--
INFO: Run ContentReplace Behavior [ RunTime:0.000796s ]
INFO: Run TokenBuild Behavior [ RunTime:0.000769s ]
INFO: Run WriteHtmlCache Behavior [ RunTime:0.000664s ]
INFO: Run ShowRuntime Behavior [ RunTime:0.000836s ]
INFO: [ view_filter ] --END-- [ RunTime:0.003199s ]
INFO: [ view_end ] --START--
INFO: Run ShowPageTrace Behavior [ RunTime:0.000957s ]
INFO: [ view_end ] --END-- [ RunTime:0.001004s ]

[ 2013-06-02T10:01:54+08:00 ] 127.0.0.1 /todo/Index/home
INFO: [ route_check ] --START--
INFO: Run CheckRoute Behavior [ RunTime:0.001453s ]
INFO: [ route_check ] --END-- [ RunTime:0.001533s ]
INFO: [ app_begin ] --START--
INFO: Run ReadHtmlCache Behavior [ RunTime:0.001367s ]
INFO: [ app_begin ] --END-- [ RunTime:0.001434s ]
INFO: [ view_template ] --START--
INFO: Run LocationTemplate Behavior [ RunTime:0.001259s ]
INFO: [ view_template ] --END-- [ RunTime:0.001392s ]
INFO: [ view_parse ] --START--
INFO: Run ParseTemplate Behavior [ RunTime:0.013606s ]
INFO: [ view_parse ] --END-- [ RunTime:0.013678s ]
INFO: [ view_filter ] --START--
INFO: Run ContentReplace Behavior [ RunTime:0.000912s ]
INFO: Run TokenBuild Behavior [ RunTime:0.000891s ]
INFO: Run WriteHtmlCache Behavior [ RunTime:0.000706s ]
INFO: Run ShowRuntime Behavior [ RunTime:0.000986s ]
INFO: [ view_filter ] --END-- [ RunTime:0.003644s ]
INFO: [ view_end ] --START--
INFO: Run ShowPageTrace Behavior [ RunTime:0.001013s ]
INFO: [ view_end ] --END-- [ RunTime:0.001065s ]

[ 2013-06-02T10:02:02+08:00 ] 127.0.0.1 /todo/Index/home
INFO: [ route_check ] --START--
INFO: Run CheckRoute Behavior [ RunTime:0.001241s ]
INFO: [ route_check ] --END-- [ RunTime:0.001312s ]
INFO: [ app_begin ] --START--
INFO: Run ReadHtmlCache Behavior [ RunTime:0.000997s ]
INFO: [ app_begin ] --END-- [ RunTime:0.001057s ]
INFO: [ view_template ] --START--
INFO: Run LocationTemplate Behavior [ RunTime:0.001185s ]
INFO: [ view_template ] --END-- [ RunTime:0.001241s ]
INFO: [ view_parse ] --START--
INFO: Run ParseTemplate Behavior [ RunTime:0.016947s ]
INFO: [ view_parse ] --END-- [ RunTime:0.017011s ]
INFO: [ view_filter ] --START--
INFO: Run ContentReplace Behavior [ RunTime:0.000823s ]
INFO: Run TokenBuild Behavior [ RunTime:0.000791s ]
INFO: Run WriteHtmlCache Behavior [ RunTime:0.000688s ]
INFO: Run ShowRuntime Behavior [ RunTime:0.000872s ]
INFO: [ view_filter ] --END-- [ RunTime:0.003311s ]
INFO: [ view_end ] --START--
INFO: Run ShowPageTrace Behavior [ RunTime:0.000972s ]
INFO: [ view_end ] --END-- [ RunTime:0.001027s ]

[ 2013-06-02T10:02:46+08:00 ] 127.0.0.1 /todo/Index/home
INFO: [ route_check ] --START--
INFO: Run CheckRoute Behavior [ RunTime:0.001221s ]
INFO: [ route_check ] --END-- [ RunTime:0.001289s ]
INFO: [ app_begin ] --START--
INFO: Run ReadHtmlCache Behavior [ RunTime:0.001075s ]
INFO: [ app_begin ] --END-- [ RunTime:0.001135s ]
INFO: [ view_template ] --START--
INFO: Run LocationTemplate Behavior [ RunTime:0.001275s ]
INFO: [ view_template ] --END-- [ RunTime:0.001334s ]
INFO: [ view_parse ] --START--
INFO: Run ParseTemplate Behavior [ RunTime:0.012375s ]
INFO: [ view_parse ] --END-- [ RunTime:0.012435s ]
INFO: [ view_filter ] --START--
INFO: Run ContentReplace Behavior [ RunTime:0.000914s ]
INFO: Run TokenBuild Behavior [ RunTime:0.000884s ]
INFO: Run WriteHtmlCache Behavior [ RunTime:0.000739s ]
INFO: Run ShowRuntime Behavior [ RunTime:0.000963s ]
INFO: [ view_filter ] --END-- [ RunTime:0.003648s ]
INFO: [ view_end ] --START--
INFO: Run ShowPageTrace Behavior [ RunTime:0.001057s ]
INFO: [ view_end ] --END-- [ RunTime:0.001108s ]

[ 2013-06-02T10:02:58+08:00 ] 127.0.0.1 /todo/Index/home
INFO: [ route_check ] --START--
INFO: Run CheckRoute Behavior [ RunTime:0.001106s ]
INFO: [ route_check ] --END-- [ RunTime:0.001200s ]
INFO: [ app_begin ] --START--
INFO: Run ReadHtmlCache Behavior [ RunTime:0.000686s ]
INFO: [ app_begin ] --END-- [ RunTime:0.000755s ]
INFO: [ view_template ] --START--
INFO: Run LocationTemplate Behavior [ RunTime:0.000438s ]
INFO: [ view_template ] --END-- [ RunTime:0.000508s ]
INFO: [ view_parse ] --START--
INFO: Run ParseTemplate Behavior [ RunTime:0.009501s ]
INFO: [ view_parse ] --END-- [ RunTime:0.009579s ]
INFO: [ view_filter ] --START--
INFO: Run ContentReplace Behavior [ RunTime:0.000380s ]
INFO: Run TokenBuild Behavior [ RunTime:0.000340s ]
INFO: Run WriteHtmlCache Behavior [ RunTime:0.000232s ]
INFO: Run ShowRuntime Behavior [ RunTime:0.000415s ]
INFO: [ view_filter ] --END-- [ RunTime:0.001508s ]
INFO: [ view_end ] --START--
INFO: Run ShowPageTrace Behavior [ RunTime:0.000539s ]
INFO: [ view_end ] --END-- [ RunTime:0.000589s ]

[ 2013-06-02T10:03:06+08:00 ] 127.0.0.1 /todo/Index/home
INFO: [ route_check ] --START--
INFO: Run CheckRoute Behavior [ RunTime:0.002223s ]
INFO: [ route_check ] --END-- [ RunTime:0.002339s ]
INFO: [ app_begin ] --START--
INFO: Run ReadHtmlCache Behavior [ RunTime:0.001733s ]
INFO: [ app_begin ] --END-- [ RunTime:0.001831s ]
INFO: [ view_template ] --START--
INFO: Run LocationTemplate Behavior [ RunTime:0.002137s ]
INFO: [ view_template ] --END-- [ RunTime:0.002236s ]
INFO: [ view_parse ] --START--
INFO: Run ParseTemplate Behavior [ RunTime:0.015693s ]
INFO: [ view_parse ] --END-- [ RunTime:0.015778s ]
INFO: [ view_filter ] --START--
INFO: Run ContentReplace Behavior [ RunTime:0.000810s ]
INFO: Run TokenBuild Behavior [ RunTime:0.000799s ]
INFO: Run WriteHtmlCache Behavior [ RunTime:0.000697s ]
INFO: Run ShowRuntime Behavior [ RunTime:0.000866s ]
INFO: [ view_filter ] --END-- [ RunTime:0.003309s ]
INFO: [ view_end ] --START--
INFO: Run ShowPageTrace Behavior [ RunTime:0.000999s ]
INFO: [ view_end ] --END-- [ RunTime:0.001046s ]

[ 2013-06-02T10:03:17+08:00 ] 127.0.0.1 /todo/Index/home
INFO: [ route_check ] --START--
INFO: Run CheckRoute Behavior [ RunTime:0.000765s ]
INFO: [ route_check ] --END-- [ RunTime:0.000828s ]
INFO: [ app_begin ] --START--
INFO: Run ReadHtmlCache Behavior [ RunTime:0.000504s ]
INFO: [ app_begin ] --END-- [ RunTime:0.000555s ]
INFO: [ view_template ] --START--
INFO: Run LocationTemplate Behavior [ RunTime:0.000318s ]
INFO: [ view_template ] --END-- [ RunTime:0.000370s ]
INFO: [ view_parse ] --START--
INFO: Run ParseTemplate Behavior [ RunTime:0.008892s ]
INFO: [ view_parse ] --END-- [ RunTime:0.008954s ]
INFO: [ view_filter ] --START--
INFO: Run ContentReplace Behavior [ RunTime:0.000363s ]
INFO: Run TokenBuild Behavior [ RunTime:0.000334s ]
INFO: Run WriteHtmlCache Behavior [ RunTime:0.000230s ]
INFO: Run ShowRuntime Behavior [ RunTime:0.000411s ]
INFO: [ view_filter ] --END-- [ RunTime:0.001472s ]
INFO: [ view_end ] --START--
INFO: Run ShowPageTrace Behavior [ RunTime:0.000541s ]
INFO: [ view_end ] --END-- [ RunTime:0.000587s ]

[ 2013-06-02T10:03:23+08:00 ] 127.0.0.1 /todo/Index/home
INFO: [ route_check ] --START--
INFO: Run CheckRoute Behavior [ RunTime:0.001412s ]
INFO: [ route_check ] --END-- [ RunTime:0.001531s ]
INFO: [ app_begin ] --START--
INFO: Run ReadHtmlCache Behavior [ RunTime:0.000919s ]
INFO: [ app_begin ] --END-- [ RunTime:0.001014s ]
INFO: [ view_template ] --START--
INFO: Run LocationTemplate Behavior [ RunTime:0.000599s ]
INFO: [ view_template ] --END-- [ RunTime:0.000699s ]
INFO: [ view_parse ] --START--
INFO: Run ParseTemplate Behavior [ RunTime:0.013317s ]
INFO: [ view_parse ] --END-- [ RunTime:0.013396s ]
INFO: [ view_filter ] --START--
INFO: Run ContentReplace Behavior [ RunTime:0.000387s ]
INFO: Run TokenBuild Behavior [ RunTime:0.000358s ]
INFO: Run WriteHtmlCache Behavior [ RunTime:0.000246s ]
INFO: Run ShowRuntime Behavior [ RunTime:0.000439s ]
INFO: [ view_filter ] --END-- [ RunTime:0.001572s ]
INFO: [ view_end ] --START--
INFO: Run ShowPageTrace Behavior [ RunTime:0.000577s ]
INFO: [ view_end ] --END-- [ RunTime:0.000626s ]

